Loading db file '/users/ugrad/yuhuah2/systolic_array/hw_synthesis/lib/NanGate_15nm_OCL.db'
Information: Propagating switching activity (low effort zero delay simulation). (PWR-6)
Warning: There is no defined clock in the design. (PWR-80)
Warning: Design has unannotated primary inputs. (PWR-414)
Warning: Design has unannotated sequential cell outputs. (PWR-415)
 
****************************************
Report : power
        -hier
        -analysis_effort low
Design : systolic_fp8
Version: S-2021.06
Date   : Sun Jul 13 19:30:31 2025
****************************************


Library(s) Used:

    NanGate_15nm_OCL (File: /users/ugrad/yuhuah2/systolic_array/hw_synthesis/lib/NanGate_15nm_OCL.db)


Operating Conditions: typical   Library: NanGate_15nm_OCL
Wire Load Model Mode: top


Global Operating Voltage = 0.8  
Power-specific unit information :
    Voltage Units = 1V
    Capacitance Units = 1.000000ff
    Time Units = 1ps
    Dynamic Power Units = 1mW    (derived from V,C,T units)
    Leakage Power Units = 1pW


--------------------------------------------------------------------------------
                                       Switch   Int      Leak     Total
Hierarchy                              Power    Power    Power    Power    %
--------------------------------------------------------------------------------
systolic_fp8                            947.381 1.63e+03 7.62e+08 2.57e+03 100.0
  ROW_15__COL_15__pe (pe_fp8_1)           2.486    5.372 2.96e+06    7.861   0.3
    u_add (fp8_add_1)                     0.785    0.735 9.50e+05    1.520   0.1
    u_mul (fp8_mul_1)                     0.836    0.794 9.92e+05    1.631   0.1
      mult_25 (fp8_mul_1_DW02_mult_0)     0.401    0.366 5.06e+05    0.768   0.0
  ROW_15__COL_14__pe (pe_fp8_2)           2.679    5.439 2.96e+06    8.121   0.3
    u_add (fp8_add_2)                     0.773    0.726 9.50e+05    1.500   0.1
    u_mul (fp8_mul_2)                     0.840    0.801 9.92e+05    1.642   0.1
      mult_25 (fp8_mul_2_DW02_mult_0_DW02_mult_1)
                                          0.406    0.375 5.06e+05    0.781   0.0
  ROW_15__COL_13__pe (pe_fp8_3)           2.679    5.443 2.96e+06    8.125   0.3
    u_add (fp8_add_3)                     0.778    0.731 9.50e+05    1.510   0.1
    u_mul (fp8_mul_3)                     0.835    0.795 9.92e+05    1.631   0.1
      mult_25 (fp8_mul_3_DW02_mult_0_DW02_mult_2)
                                          0.402    0.368 5.06e+05    0.771   0.0
  ROW_15__COL_12__pe (pe_fp8_4)           2.684    5.447 2.96e+06    8.134   0.3
    u_add (fp8_add_4)                     0.775    0.727 9.50e+05    1.503   0.1
    u_mul (fp8_mul_4)                     0.843    0.798 9.92e+05    1.642   0.1
      mult_25 (fp8_mul_4_DW02_mult_0_DW02_mult_3)
                                          0.410    0.373 5.06e+05    0.783   0.0
  ROW_15__COL_11__pe (pe_fp8_5)           2.688    5.449 2.96e+06    8.140   0.3
    u_add (fp8_add_5)                     0.790    0.739 9.50e+05    1.529   0.1
    u_mul (fp8_mul_5)                     0.833    0.795 9.92e+05    1.629   0.1
      mult_25 (fp8_mul_5_DW02_mult_0_DW02_mult_4)
                                          0.397    0.364 5.06e+05    0.762   0.0
  ROW_15__COL_10__pe (pe_fp8_6)           2.684    5.445 2.96e+06    8.132   0.3
    u_add (fp8_add_6)                     0.782    0.734 9.50e+05    1.517   0.1
    u_mul (fp8_mul_6)                     0.836    0.796 9.92e+05    1.633   0.1
      mult_25 (fp8_mul_6_DW02_mult_0_DW02_mult_5)
                                          0.401    0.368 5.06e+05    0.769   0.0
  ROW_15__COL_9__pe (pe_fp8_7)            2.694    5.449 2.96e+06    8.146   0.3
    u_add (fp8_add_7)                     0.792    0.737 9.50e+05    1.530   0.1
    u_mul (fp8_mul_7)                     0.836    0.797 9.92e+05    1.634   0.1
      mult_25 (fp8_mul_7_DW02_mult_0_DW02_mult_6)
                                          0.403    0.369 5.06e+05    0.772   0.0
  ROW_15__COL_8__pe (pe_fp8_8)            2.689    5.450 2.96e+06    8.142   0.3
    u_add (fp8_add_8)                     0.785    0.737 9.50e+05    1.524   0.1
    u_mul (fp8_mul_8)                     0.838    0.797 9.92e+05    1.636   0.1
      mult_25 (fp8_mul_8_DW02_mult_0_DW02_mult_7)
                                          0.400    0.366 5.06e+05    0.766   0.0
  ROW_15__COL_7__pe (pe_fp8_9)            2.693    5.447 2.96e+06    8.143   0.3
    u_add (fp8_add_9)                     0.793    0.742 9.50e+05    1.535   0.1
    u_mul (fp8_mul_9)                     0.834    0.797 9.92e+05    1.632   0.1
      mult_25 (fp8_mul_9_DW02_mult_0_DW02_mult_8)
                                          0.397    0.366 5.06e+05    0.764   0.0
  ROW_15__COL_6__pe (pe_fp8_10)           2.695    5.454 2.96e+06    8.151   0.3
    u_add (fp8_add_10)                    0.785    0.737 9.50e+05    1.523   0.1
    u_mul (fp8_mul_10)                    0.844    0.806 9.92e+05    1.650   0.1
      mult_25 (fp8_mul_10_DW02_mult_0_DW02_mult_9)
                                          0.400    0.368 5.06e+05    0.769   0.0
  ROW_15__COL_5__pe (pe_fp8_11)           2.687    5.445 2.96e+06    8.135   0.3
    u_add (fp8_add_11)                    0.776    0.728 9.50e+05    1.505   0.1
    u_mul (fp8_mul_11)                    0.845    0.803 9.91e+05    1.649   0.1
      mult_25 (fp8_mul_11_DW02_mult_0_DW02_mult_10)
                                          0.405    0.372 5.06e+05    0.777   0.0
  ROW_15__COL_4__pe (pe_fp8_12)           2.688    5.449 2.96e+06    8.140   0.3
    u_add (fp8_add_12)                    0.787    0.741 9.50e+05    1.529   0.1
    u_mul (fp8_mul_12)                    0.835    0.798 9.92e+05    1.634   0.1
      mult_25 (fp8_mul_12_DW02_mult_0_DW02_mult_11)
                                          0.398    0.369 5.06e+05    0.768   0.0
  ROW_15__COL_3__pe (pe_fp8_13)           2.698    5.458 2.96e+06    8.159   0.3
    u_add (fp8_add_13)                    0.794    0.743 9.50e+05    1.538   0.1
    u_mul (fp8_mul_13)                    0.839    0.801 9.92e+05    1.641   0.1
      mult_25 (fp8_mul_13_DW02_mult_0_DW02_mult_12)
                                          0.405    0.371 5.06e+05    0.777   0.0
  ROW_15__COL_2__pe (pe_fp8_14)           2.695    5.464 2.97e+06    8.162   0.3
    u_add (fp8_add_14)                    0.796    0.745 9.51e+05    1.542   0.1
    u_mul (fp8_mul_14)                    0.834    0.796 9.92e+05    1.631   0.1
      mult_25 (fp8_mul_14_DW02_mult_0_DW02_mult_13)
                                          0.399    0.367 5.06e+05    0.767   0.0
  ROW_15__COL_1__pe (pe_fp8_15)           2.798    5.564 2.97e+06    8.364   0.3
    u_add (fp8_add_15)                    0.896    0.821 9.55e+05    1.718   0.1
    u_mul (fp8_mul_15)                    0.836    0.798 9.92e+05    1.635   0.1
      mult_25 (fp8_mul_15_DW02_mult_0_DW02_mult_14)
                                          0.399    0.366 5.06e+05    0.766   0.0
  ROW_15__COL_0__pe (pe_fp8_16)           8.478   11.538 3.05e+06   20.019   0.8
    u_add (fp8_add_16)                    4.497    4.034 9.71e+05    8.532   0.3
    u_mul (fp8_mul_16)                    2.915    2.966 1.03e+06    5.883   0.2
      mult_25 (fp8_mul_16_DW02_mult_0_DW02_mult_15)
                                          0.809    0.910 5.32e+05    1.719   0.1
  ROW_14__COL_15__pe (pe_fp8_17)          2.664    5.449 2.96e+06    8.116   0.3
    u_add (fp8_add_17)                    0.775    0.729 9.50e+05    1.504   0.1
    u_mul (fp8_mul_17)                    0.843    0.802 9.92e+05    1.646   0.1
      mult_25 (fp8_mul_17_DW02_mult_0_DW02_mult_16)
                                          0.408    0.374 5.06e+05    0.783   0.0
  ROW_14__COL_14__pe (pe_fp8_18)          2.999    5.590 2.96e+06    8.592   0.3
    u_add (fp8_add_18)                    0.779    0.731 9.50e+05    1.511   0.1
    u_mul (fp8_mul_18)                    0.840    0.805 9.92e+05    1.646   0.1
      mult_25 (fp8_mul_18_DW02_mult_0_DW02_mult_17)
                                          0.408    0.376 5.06e+05    0.784   0.0
  ROW_14__COL_13__pe (pe_fp8_19)          3.035    5.621 2.97e+06    8.659   0.3
    u_add (fp8_add_19)                    0.808    0.754 9.50e+05    1.563   0.1
    u_mul (fp8_mul_19)                    0.843    0.804 9.92e+05    1.648   0.1
      mult_25 (fp8_mul_19_DW02_mult_0_DW02_mult_18)
                                          0.406    0.373 5.07e+05    0.780   0.0
  ROW_14__COL_12__pe (pe_fp8_20)          3.017    5.603 2.96e+06    8.623   0.3
    u_add (fp8_add_20)                    0.782    0.731 9.50e+05    1.514   0.1
    u_mul (fp8_mul_20)                    0.851    0.806 9.92e+05    1.658   0.1
      mult_25 (fp8_mul_20_DW02_mult_0_DW02_mult_19)
                                          0.413    0.376 5.06e+05    0.790   0.0
  ROW_14__COL_11__pe (pe_fp8_21)          3.004    5.598 2.96e+06    8.605   0.3
    u_add (fp8_add_21)                    0.781    0.732 9.50e+05    1.514   0.1
    u_mul (fp8_mul_21)                    0.841    0.806 9.92e+05    1.649   0.1
      mult_25 (fp8_mul_21_DW02_mult_0_DW02_mult_20)
                                          0.404    0.373 5.06e+05    0.778   0.0
  ROW_14__COL_10__pe (pe_fp8_22)          3.008    5.596 2.96e+06    8.607   0.3
    u_add (fp8_add_22)                    0.775    0.727 9.50e+05    1.503   0.1
    u_mul (fp8_mul_22)                    0.851    0.812 9.92e+05    1.664   0.1
      mult_25 (fp8_mul_22_DW02_mult_0_DW02_mult_21)
                                          0.409    0.377 5.06e+05    0.786   0.0
  ROW_14__COL_9__pe (pe_fp8_23)           3.015    5.599 2.96e+06    8.617   0.3
    u_add (fp8_add_23)                    0.783    0.734 9.50e+05    1.518   0.1
    u_mul (fp8_mul_23)                    0.852    0.813 9.92e+05    1.666   0.1
      mult_25 (fp8_mul_23_DW02_mult_0_DW02_mult_22)
                                          0.413    0.382 5.06e+05    0.796   0.0
  ROW_14__COL_8__pe (pe_fp8_24)           3.004    5.588 2.96e+06    8.594   0.3
    u_add (fp8_add_24)                    0.779    0.730 9.50e+05    1.510   0.1
    u_mul (fp8_mul_24)                    0.844    0.802 9.92e+05    1.647   0.1
      mult_25 (fp8_mul_24_DW02_mult_0_DW02_mult_23)
                                          0.410    0.375 5.06e+05    0.785   0.0
  ROW_14__COL_7__pe (pe_fp8_25)           3.006    5.593 2.96e+06    8.602   0.3
    u_add (fp8_add_25)                    0.786    0.735 9.50e+05    1.521   0.1
    u_mul (fp8_mul_25)                    0.841    0.805 9.92e+05    1.647   0.1
      mult_25 (fp8_mul_25_DW02_mult_0_DW02_mult_24)
                                          0.407    0.376 5.06e+05    0.784   0.0
  ROW_14__COL_6__pe (pe_fp8_26)           3.001    5.587 2.96e+06    8.591   0.3
    u_add (fp8_add_26)                    0.782    0.733 9.50e+05    1.516   0.1
    u_mul (fp8_mul_26)                    0.839    0.799 9.91e+05    1.638   0.1
      mult_25 (fp8_mul_26_DW02_mult_0_DW02_mult_25)
                                          0.400    0.367 5.06e+05    0.768   0.0
  ROW_14__COL_5__pe (pe_fp8_27)           3.010    5.601 2.96e+06    8.615   0.3
    u_add (fp8_add_27)                    0.779    0.732 9.50e+05    1.512   0.1
    u_mul (fp8_mul_27)                    0.849    0.808 9.92e+05    1.658   0.1
      mult_25 (fp8_mul_27_DW02_mult_0_DW02_mult_26)
                                          0.410    0.378 5.06e+05    0.789   0.0
  ROW_14__COL_4__pe (pe_fp8_28)           3.003    5.590 2.96e+06    8.595   0.3
    u_add (fp8_add_28)                    0.783    0.735 9.50e+05    1.518   0.1
    u_mul (fp8_mul_28)                    0.841    0.803 9.92e+05    1.645   0.1
      mult_25 (fp8_mul_28_DW02_mult_0_DW02_mult_27)
                                          0.404    0.371 5.07e+05    0.776   0.0
  ROW_14__COL_3__pe (pe_fp8_29)           3.018    5.608 2.96e+06    8.630   0.3
    u_add (fp8_add_29)                    0.794    0.742 9.50e+05    1.537   0.1
    u_mul (fp8_mul_29)                    0.844    0.808 9.92e+05    1.652   0.1
      mult_25 (fp8_mul_29_DW02_mult_0_DW02_mult_28)
                                          0.410    0.377 5.06e+05    0.788   0.0
  ROW_14__COL_2__pe (pe_fp8_30)           3.027    5.615 2.96e+06    8.646   0.3
    u_add (fp8_add_30)                    0.795    0.744 9.50e+05    1.540   0.1
    u_mul (fp8_mul_30)                    0.850    0.808 9.92e+05    1.659   0.1
      mult_25 (fp8_mul_30_DW02_mult_0_DW02_mult_29)
                                          0.410    0.376 5.06e+05    0.786   0.0
  ROW_14__COL_1__pe (pe_fp8_31)           3.129    5.723 2.97e+06    8.855   0.3
    u_add (fp8_add_31)                    0.907    0.832 9.55e+05    1.739   0.1
    u_mul (fp8_mul_31)                    0.838    0.802 9.92e+05    1.641   0.1
      mult_25 (fp8_mul_31_DW02_mult_0_DW02_mult_30)
                                          0.404    0.371 5.07e+05    0.775   0.0
  ROW_14__COL_0__pe (pe_fp8_32)           8.640   11.621 3.05e+06   20.264   0.8
    u_add (fp8_add_32)                    4.474    4.022 9.72e+05    8.498   0.3
    u_mul (fp8_mul_32)                    2.922    2.975 1.03e+06    5.898   0.2
      mult_25 (fp8_mul_32_DW02_mult_0_DW02_mult_31)
                                          0.820    0.923 5.32e+05    1.744   0.1
  ROW_13__COL_15__pe (pe_fp8_33)          2.651    5.432 2.96e+06    8.086   0.3
    u_add (fp8_add_33)                    0.778    0.732 9.50e+05    1.511   0.1
    u_mul (fp8_mul_33)                    0.826    0.789 9.92e+05    1.617   0.1
      mult_25 (fp8_mul_33_DW02_mult_0_DW02_mult_32)
                                          0.392    0.360 5.06e+05    0.752   0.0
  ROW_13__COL_14__pe (pe_fp8_34)          2.994    5.580 2.96e+06    8.577   0.3
    u_add (fp8_add_34)                    0.786    0.738 9.50e+05    1.525   0.1
    u_mul (fp8_mul_34)                    0.832    0.796 9.91e+05    1.629   0.1
      mult_25 (fp8_mul_34_DW02_mult_0_DW02_mult_33)
                                          0.398    0.367 5.06e+05    0.765   0.0
  ROW_13__COL_13__pe (pe_fp8_35)          2.987    5.577 2.96e+06    8.567   0.3
    u_add (fp8_add_35)                    0.780    0.729 9.50e+05    1.510   0.1
    u_mul (fp8_mul_35)                    0.828    0.794 9.92e+05    1.623   0.1
      mult_25 (fp8_mul_35_DW02_mult_0_DW02_mult_34)
                                          0.393    0.364 5.06e+05    0.757   0.0
  ROW_13__COL_12__pe (pe_fp8_36)          3.008    5.596 2.96e+06    8.608   0.3
    u_add (fp8_add_36)                    0.796    0.743 9.50e+05    1.540   0.1
    u_mul (fp8_mul_36)                    0.834    0.798 9.92e+05    1.632   0.1
      mult_25 (fp8_mul_36_DW02_mult_0_DW02_mult_35)
                                          0.401    0.371 5.06e+05    0.772   0.0
  ROW_13__COL_11__pe (pe_fp8_37)          2.975    5.560 2.96e+06    8.538   0.3
    u_add (fp8_add_37)                    0.772    0.723 9.50e+05    1.496   0.1
    u_mul (fp8_mul_37)                    0.824    0.787 9.92e+05    1.613   0.1
      mult_25 (fp8_mul_37_DW02_mult_0_DW02_mult_36)
                                          0.390    0.360 5.06e+05    0.750   0.0
  ROW_13__COL_10__pe (pe_fp8_38)          2.987    5.566 2.96e+06    8.555   0.3
    u_add (fp8_add_38)                    0.777    0.728 9.50e+05    1.506   0.1
    u_mul (fp8_mul_38)                    0.834    0.793 9.92e+05    1.628   0.1
      mult_25 (fp8_mul_38_DW02_mult_0_DW02_mult_37)
                                          0.399    0.365 5.06e+05    0.764   0.0
  ROW_13__COL_9__pe (pe_fp8_39)           2.989    5.574 2.96e+06    8.566   0.3
    u_add (fp8_add_39)                    0.788    0.737 9.50e+05    1.526   0.1
    u_mul (fp8_mul_39)                    0.826    0.792 9.92e+05    1.619   0.1
      mult_25 (fp8_mul_39_DW02_mult_0_DW02_mult_38)
                                          0.394    0.362 5.06e+05    0.756   0.0
  ROW_13__COL_8__pe (pe_fp8_40)           2.976    5.557 2.96e+06    8.536   0.3
    u_add (fp8_add_40)                    0.770    0.720 9.50e+05    1.490   0.1
    u_mul (fp8_mul_40)                    0.831    0.790 9.92e+05    1.622   0.1
      mult_25 (fp8_mul_40_DW02_mult_0_DW02_mult_39)
                                          0.397    0.364 5.06e+05    0.762   0.0
  ROW_13__COL_7__pe (pe_fp8_41)           2.982    5.565 2.96e+06    8.550   0.3
    u_add (fp8_add_41)                    0.773    0.729 9.50e+05    1.503   0.1
    u_mul (fp8_mul_41)                    0.834    0.796 9.92e+05    1.631   0.1
      mult_25 (fp8_mul_41_DW02_mult_0_DW02_mult_40)
                                          0.397    0.367 5.06e+05    0.765   0.0
  ROW_13__COL_6__pe (pe_fp8_42)           2.984    5.572 2.96e+06    8.559   0.3
    u_add (fp8_add_42)                    0.781    0.734 9.50e+05    1.516   0.1
    u_mul (fp8_mul_42)                    0.827    0.789 9.91e+05    1.617   0.1
      mult_25 (fp8_mul_42_DW02_mult_0_DW02_mult_41)
                                          0.390    0.359 5.06e+05    0.749   0.0
  ROW_13__COL_5__pe (pe_fp8_43)           2.972    5.563 2.96e+06    8.539   0.3
    u_add (fp8_add_43)                    0.772    0.726 9.50e+05    1.499   0.1
    u_mul (fp8_mul_43)                    0.824    0.787 9.92e+05    1.612   0.1
      mult_25 (fp8_mul_43_DW02_mult_0_DW02_mult_42)
                                          0.393    0.362 5.06e+05    0.755   0.0
  ROW_13__COL_4__pe (pe_fp8_44)           2.990    5.574 2.96e+06    8.567   0.3
    u_add (fp8_add_44)                    0.788    0.738 9.50e+05    1.527   0.1
    u_mul (fp8_mul_44)                    0.828    0.793 9.92e+05    1.622   0.1
      mult_25 (fp8_mul_44_DW02_mult_0_DW02_mult_43)
                                          0.390    0.361 5.06e+05    0.752   0.0
  ROW_13__COL_3__pe (pe_fp8_45)           2.974    5.557 2.96e+06    8.534   0.3
    u_add (fp8_add_45)                    0.774    0.723 9.50e+05    1.498   0.1
    u_mul (fp8_mul_45)                    0.824    0.788 9.92e+05    1.613   0.1
      mult_25 (fp8_mul_45_DW02_mult_0_DW02_mult_44)
                                          0.395    0.366 5.06e+05    0.761   0.0
  ROW_13__COL_2__pe (pe_fp8_46)           2.996    5.588 2.96e+06    8.587   0.3
    u_add (fp8_add_46)                    0.788    0.739 9.50e+05    1.528   0.1
    u_mul (fp8_mul_46)                    0.829    0.792 9.91e+05    1.622   0.1
      mult_25 (fp8_mul_46_DW02_mult_0_DW02_mult_45)
                                          0.394    0.363 5.06e+05    0.758   0.0
  ROW_13__COL_1__pe (pe_fp8_47)           3.091    5.675 2.97e+06    8.769   0.3
    u_add (fp8_add_47)                    0.885    0.812 9.55e+05    1.698   0.1
    u_mul (fp8_mul_47)                    0.827    0.785 9.92e+05    1.612   0.1
      mult_25 (fp8_mul_47_DW02_mult_0_DW02_mult_46)
                                          0.395    0.361 5.06e+05    0.756   0.0
  ROW_13__COL_0__pe (pe_fp8_48)           8.750   11.727 3.05e+06   20.480   0.8
    u_add (fp8_add_48)                    4.562    4.100 9.72e+05    8.663   0.3
    u_mul (fp8_mul_48)                    2.946    2.999 1.03e+06    5.947   0.2
      mult_25 (fp8_mul_48_DW02_mult_0_DW02_mult_47)
                                          0.821    0.926 5.32e+05    1.747   0.1
  ROW_12__COL_15__pe (pe_fp8_49)          2.665    5.442 2.96e+06    8.110   0.3
    u_add (fp8_add_49)                    0.795    0.741 9.50e+05    1.536   0.1
    u_mul (fp8_mul_49)                    0.825    0.788 9.91e+05    1.614   0.1
      mult_25 (fp8_mul_49_DW02_mult_0_DW02_mult_48)
                                          0.392    0.360 5.06e+05    0.752   0.0
  ROW_12__COL_14__pe (pe_fp8_50)          2.987    5.567 2.96e+06    8.556   0.3
    u_add (fp8_add_50)                    0.776    0.726 9.50e+05    1.504   0.1
    u_mul (fp8_mul_50)                    0.835    0.797 9.91e+05    1.632   0.1
      mult_25 (fp8_mul_50_DW02_mult_0_DW02_mult_49)
                                          0.404    0.372 5.06e+05    0.776   0.0
  ROW_12__COL_13__pe (pe_fp8_51)          2.998    5.592 2.97e+06    8.593   0.3
    u_add (fp8_add_51)                    0.779    0.732 9.50e+05    1.511   0.1
    u_mul (fp8_mul_51)                    0.839    0.804 9.92e+05    1.644   0.1
      mult_25 (fp8_mul_51_DW02_mult_0_DW02_mult_50)
                                          0.403    0.373 5.06e+05    0.776   0.0
  ROW_12__COL_12__pe (pe_fp8_52)          3.007    5.593 2.96e+06    8.603   0.3
    u_add (fp8_add_52)                    0.785    0.736 9.50e+05    1.521   0.1
    u_mul (fp8_mul_52)                    0.843    0.804 9.92e+05    1.647   0.1
      mult_25 (fp8_mul_52_DW02_mult_0_DW02_mult_51)
                                          0.407    0.374 5.06e+05    0.781   0.0
  ROW_12__COL_11__pe (pe_fp8_53)          2.989    5.575 2.96e+06    8.567   0.3
    u_add (fp8_add_53)                    0.779    0.728 9.50e+05    1.507   0.1
    u_mul (fp8_mul_53)                    0.832    0.795 9.92e+05    1.627   0.1
      mult_25 (fp8_mul_53_DW02_mult_0_DW02_mult_52)
                                          0.398    0.367 5.06e+05    0.766   0.0
  ROW_12__COL_10__pe (pe_fp8_54)          3.008    5.591 2.96e+06    8.602   0.3
    u_add (fp8_add_54)                    0.788    0.739 9.50e+05    1.529   0.1
    u_mul (fp8_mul_54)                    0.841    0.801 9.92e+05    1.644   0.1
      mult_25 (fp8_mul_54_DW02_mult_0_DW02_mult_53)
                                          0.405    0.372 5.06e+05    0.777   0.0
  ROW_12__COL_9__pe (pe_fp8_55)           2.983    5.569 2.96e+06    8.556   0.3
    u_add (fp8_add_55)                    0.772    0.726 9.50e+05    1.499   0.1
    u_mul (fp8_mul_55)                    0.836    0.798 9.92e+05    1.635   0.1
      mult_25 (fp8_mul_55_DW02_mult_0_DW02_mult_54)
                                          0.401    0.370 5.06e+05    0.772   0.0
  ROW_12__COL_8__pe (pe_fp8_56)           2.994    5.586 2.96e+06    8.583   0.3
    u_add (fp8_add_56)                    0.778    0.731 9.50e+05    1.510   0.1
    u_mul (fp8_mul_56)                    0.839    0.804 9.92e+05    1.644   0.1
      mult_25 (fp8_mul_56_DW02_mult_0_DW02_mult_55)
                                          0.404    0.373 5.06e+05    0.778   0.0
  ROW_12__COL_7__pe (pe_fp8_57)           2.986    5.565 2.96e+06    8.554   0.3
    u_add (fp8_add_57)                    0.776    0.730 9.50e+05    1.507   0.1
    u_mul (fp8_mul_57)                    0.835    0.793 9.92e+05    1.629   0.1
      mult_25 (fp8_mul_57_DW02_mult_0_DW02_mult_56)
                                          0.405    0.372 5.06e+05    0.777   0.0
  ROW_12__COL_6__pe (pe_fp8_58)           2.985    5.576 2.96e+06    8.564   0.3
    u_add (fp8_add_58)                    0.780    0.732 9.50e+05    1.512   0.1
    u_mul (fp8_mul_58)                    0.829    0.795 9.91e+05    1.625   0.1
      mult_25 (fp8_mul_58_DW02_mult_0_DW02_mult_57)
                                          0.396    0.366 5.06e+05    0.763   0.0
  ROW_12__COL_5__pe (pe_fp8_59)           3.007    5.591 2.96e+06    8.601   0.3
    u_add (fp8_add_59)                    0.789    0.739 9.50e+05    1.530   0.1
    u_mul (fp8_mul_59)                    0.840    0.800 9.92e+05    1.641   0.1
      mult_25 (fp8_mul_59_DW02_mult_0_DW02_mult_58)
                                          0.403    0.371 5.06e+05    0.775   0.0
  ROW_12__COL_4__pe (pe_fp8_60)           2.992    5.579 2.96e+06    8.573   0.3
    u_add (fp8_add_60)                    0.779    0.734 9.50e+05    1.513   0.1
    u_mul (fp8_mul_60)                    0.837    0.799 9.92e+05    1.636   0.1
      mult_25 (fp8_mul_60_DW02_mult_0_DW02_mult_59)
                                          0.398    0.365 5.06e+05    0.764   0.0
  ROW_12__COL_3__pe (pe_fp8_61)           2.990    5.577 2.96e+06    8.570   0.3
    u_add (fp8_add_61)                    0.778    0.730 9.50e+05    1.510   0.1
    u_mul (fp8_mul_61)                    0.835    0.798 9.92e+05    1.634   0.1
      mult_25 (fp8_mul_61_DW02_mult_0_DW02_mult_60)
                                          0.399    0.368 5.06e+05    0.767   0.0
  ROW_12__COL_2__pe (pe_fp8_62)           3.001    5.590 2.96e+06    8.594   0.3
    u_add (fp8_add_62)                    0.790    0.742 9.51e+05    1.532   0.1
    u_mul (fp8_mul_62)                    0.834    0.797 9.91e+05    1.632   0.1
      mult_25 (fp8_mul_62_DW02_mult_0_DW02_mult_61)
                                          0.399    0.368 5.06e+05    0.768   0.0
  ROW_12__COL_1__pe (pe_fp8_63)           3.112    5.696 2.97e+06    8.811   0.3
    u_add (fp8_add_63)                    0.896    0.820 9.55e+05    1.718   0.1
    u_mul (fp8_mul_63)                    0.836    0.799 9.92e+05    1.636   0.1
      mult_25 (fp8_mul_63_DW02_mult_0_DW02_mult_62)
                                          0.403    0.372 5.06e+05    0.775   0.0
  ROW_12__COL_0__pe (pe_fp8_64)           8.599   11.560 3.05e+06   20.162   0.8
    u_add (fp8_add_64)                    4.461    3.994 9.72e+05    8.456   0.3
    u_mul (fp8_mul_64)                    2.896    2.954 1.03e+06    5.851   0.2
      mult_25 (fp8_mul_64_DW02_mult_0_DW02_mult_63)
                                          0.813    0.918 5.32e+05    1.732   0.1
  ROW_11__COL_15__pe (pe_fp8_65)          2.662    5.443 2.96e+06    8.108   0.3
    u_add (fp8_add_65)                    0.785    0.737 9.50e+05    1.523   0.1
    u_mul (fp8_mul_65)                    0.830    0.793 9.92e+05    1.624   0.1
      mult_25 (fp8_mul_65_DW02_mult_0_DW02_mult_64)
                                          0.396    0.365 5.06e+05    0.762   0.0
  ROW_11__COL_14__pe (pe_fp8_66)          2.992    5.583 2.96e+06    8.578   0.3
    u_add (fp8_add_66)                    0.790    0.742 9.50e+05    1.533   0.1
    u_mul (fp8_mul_66)                    0.826    0.792 9.91e+05    1.619   0.1
      mult_25 (fp8_mul_66_DW02_mult_0_DW02_mult_65)
                                          0.400    0.368 5.06e+05    0.769   0.0
  ROW_11__COL_13__pe (pe_fp8_67)          3.008    5.596 2.96e+06    8.607   0.3
    u_add (fp8_add_67)                    0.790    0.740 9.50e+05    1.530   0.1
    u_mul (fp8_mul_67)                    0.839    0.799 9.92e+05    1.638   0.1
      mult_25 (fp8_mul_67_DW02_mult_0_DW02_mult_66)
                                          0.401    0.368 5.06e+05    0.770   0.0
  ROW_11__COL_12__pe (pe_fp8_68)          2.978    5.568 2.96e+06    8.550   0.3
    u_add (fp8_add_68)                    0.767    0.722 9.50e+05    1.489   0.1
    u_mul (fp8_mul_68)                    0.833    0.793 9.91e+05    1.627   0.1
      mult_25 (fp8_mul_68_DW02_mult_0_DW02_mult_67)
                                          0.403    0.369 5.06e+05    0.773   0.0
  ROW_11__COL_11__pe (pe_fp8_69)          3.000    5.589 2.96e+06    8.592   0.3
    u_add (fp8_add_69)                    0.792    0.740 9.50e+05    1.533   0.1
    u_mul (fp8_mul_69)                    0.829    0.794 9.91e+05    1.624   0.1
      mult_25 (fp8_mul_69_DW02_mult_0_DW02_mult_68)
                                          0.397    0.366 5.06e+05    0.764   0.0
  ROW_11__COL_10__pe (pe_fp8_70)          3.012    5.601 2.96e+06    8.616   0.3
    u_add (fp8_add_70)                    0.792    0.742 9.50e+05    1.535   0.1
    u_mul (fp8_mul_70)                    0.842    0.804 9.92e+05    1.647   0.1
      mult_25 (fp8_mul_70_DW02_mult_0_DW02_mult_69)
                                          0.405    0.372 5.06e+05    0.777   0.0
  ROW_11__COL_9__pe (pe_fp8_71)           2.990    5.577 2.96e+06    8.569   0.3
    u_add (fp8_add_71)                    0.786    0.736 9.50e+05    1.524   0.1
    u_mul (fp8_mul_71)                    0.828    0.796 9.92e+05    1.625   0.1
      mult_25 (fp8_mul_71_DW02_mult_0_DW02_mult_70)
                                          0.399    0.370 5.06e+05    0.769   0.0
  ROW_11__COL_8__pe (pe_fp8_72)           3.012    5.596 2.96e+06    8.611   0.3
    u_add (fp8_add_72)                    0.803    0.751 9.50e+05    1.555   0.1
    u_mul (fp8_mul_72)                    0.832    0.795 9.91e+05    1.628   0.1
      mult_25 (fp8_mul_72_DW02_mult_0_DW02_mult_71)
                                          0.400    0.367 5.06e+05    0.767   0.0
  ROW_11__COL_7__pe (pe_fp8_73)           2.995    5.582 2.96e+06    8.580   0.3
    u_add (fp8_add_73)                    0.786    0.738 9.50e+05    1.525   0.1
    u_mul (fp8_mul_73)                    0.834    0.797 9.91e+05    1.632   0.1
      mult_25 (fp8_mul_73_DW02_mult_0_DW02_mult_72)
                                          0.402    0.371 5.06e+05    0.774   0.0
  ROW_11__COL_6__pe (pe_fp8_74)           2.996    5.582 2.96e+06    8.582   0.3
    u_add (fp8_add_74)                    0.789    0.739 9.50e+05    1.529   0.1
    u_mul (fp8_mul_74)                    0.831    0.794 9.91e+05    1.627   0.1
      mult_25 (fp8_mul_74_DW02_mult_0_DW02_mult_73)
                                          0.397    0.364 5.06e+05    0.761   0.0
  ROW_11__COL_5__pe (pe_fp8_75)           3.001    5.588 2.96e+06    8.592   0.3
    u_add (fp8_add_75)                    0.779    0.734 9.50e+05    1.514   0.1
    u_mul (fp8_mul_75)                    0.844    0.803 9.91e+05    1.648   0.1
      mult_25 (fp8_mul_75_DW02_mult_0_DW02_mult_74)
                                          0.405    0.370 5.06e+05    0.776   0.0
  ROW_11__COL_4__pe (pe_fp8_76)           2.990    5.577 2.96e+06    8.570   0.3
    u_add (fp8_add_76)                    0.780    0.734 9.50e+05    1.515   0.1
    u_mul (fp8_mul_76)                    0.835    0.799 9.92e+05    1.635   0.1
      mult_25 (fp8_mul_76_DW02_mult_0_DW02_mult_75)
                                          0.398    0.366 5.06e+05    0.764   0.0
  ROW_11__COL_3__pe (pe_fp8_77)           2.995    5.583 2.96e+06    8.581   0.3
    u_add (fp8_add_77)                    0.783    0.735 9.50e+05    1.519   0.1
    u_mul (fp8_mul_77)                    0.836    0.799 9.92e+05    1.636   0.1
      mult_25 (fp8_mul_77_DW02_mult_0_DW02_mult_76)
                                          0.405    0.374 5.06e+05    0.780   0.0
  ROW_11__COL_2__pe (pe_fp8_78)           3.008    5.599 2.96e+06    8.610   0.3
    u_add (fp8_add_78)                    0.796    0.746 9.50e+05    1.543   0.1
    u_mul (fp8_mul_78)                    0.835    0.801 9.91e+05    1.637   0.1
      mult_25 (fp8_mul_78_DW02_mult_0_DW02_mult_77)
                                          0.398    0.367 5.06e+05    0.765   0.0
  ROW_11__COL_1__pe (pe_fp8_79)           3.102    5.688 2.97e+06    8.793   0.3
    u_add (fp8_add_79)                    0.888    0.812 9.55e+05    1.701   0.1
    u_mul (fp8_mul_79)                    0.834    0.795 9.92e+05    1.629   0.1
      mult_25 (fp8_mul_79_DW02_mult_0_DW02_mult_78)
                                          0.399    0.366 5.06e+05    0.765   0.0
  ROW_11__COL_0__pe (pe_fp8_80)           8.776   11.727 3.05e+06   20.506   0.8
    u_add (fp8_add_80)                    4.573    4.092 9.72e+05    8.666   0.3
    u_mul (fp8_mul_80)                    2.959    3.005 1.03e+06    5.966   0.2
      mult_25 (fp8_mul_80_DW02_mult_0_DW02_mult_79)
                                          0.826    0.928 5.32e+05    1.755   0.1
  ROW_10__COL_15__pe (pe_fp8_81)          2.660    5.438 2.96e+06    8.101   0.3
    u_add (fp8_add_81)                    0.779    0.732 9.50e+05    1.513   0.1
    u_mul (fp8_mul_81)                    0.834    0.792 9.92e+05    1.627   0.1
      mult_25 (fp8_mul_81_DW02_mult_0_DW02_mult_80)
                                          0.397    0.362 5.06e+05    0.760   0.0
  ROW_10__COL_14__pe (pe_fp8_82)          2.979    5.566 2.96e+06    8.548   0.3
    u_add (fp8_add_82)                    0.775    0.726 9.50e+05    1.502   0.1
    u_mul (fp8_mul_82)                    0.830    0.794 9.92e+05    1.626   0.1
      mult_25 (fp8_mul_82_DW02_mult_0_DW02_mult_81)
                                          0.399    0.367 5.06e+05    0.767   0.0
  ROW_10__COL_13__pe (pe_fp8_83)          2.985    5.578 2.96e+06    8.565   0.3
    u_add (fp8_add_83)                    0.775    0.727 9.50e+05    1.502   0.1
    u_mul (fp8_mul_83)                    0.832    0.799 9.92e+05    1.632   0.1
      mult_25 (fp8_mul_83_DW02_mult_0_DW02_mult_82)
                                          0.394    0.366 5.06e+05    0.760   0.0
  ROW_10__COL_12__pe (pe_fp8_84)          3.005    5.590 2.96e+06    8.598   0.3
    u_add (fp8_add_84)                    0.783    0.735 9.50e+05    1.519   0.1
    u_mul (fp8_mul_84)                    0.843    0.800 9.91e+05    1.644   0.1
      mult_25 (fp8_mul_84_DW02_mult_0_DW02_mult_83)
                                          0.405    0.370 5.06e+05    0.776   0.0
  ROW_10__COL_11__pe (pe_fp8_85)          2.981    5.567 2.96e+06    8.551   0.3
    u_add (fp8_add_85)                    0.780    0.729 9.50e+05    1.509   0.1
    u_mul (fp8_mul_85)                    0.823    0.786 9.92e+05    1.610   0.1
      mult_25 (fp8_mul_85_DW02_mult_0_DW02_mult_84)
                                          0.394    0.362 5.06e+05    0.757   0.0
  ROW_10__COL_10__pe (pe_fp8_86)          2.985    5.565 2.96e+06    8.553   0.3
    u_add (fp8_add_86)                    0.774    0.726 9.50e+05    1.501   0.1
    u_mul (fp8_mul_86)                    0.835    0.793 9.92e+05    1.629   0.1
      mult_25 (fp8_mul_86_DW02_mult_0_DW02_mult_85)
                                          0.402    0.368 5.06e+05    0.771   0.0
  ROW_10__COL_9__pe (pe_fp8_87)           3.002    5.585 2.96e+06    8.590   0.3
    u_add (fp8_add_87)                    0.795    0.742 9.50e+05    1.538   0.1
    u_mul (fp8_mul_87)                    0.832    0.796 9.92e+05    1.629   0.1
      mult_25 (fp8_mul_87_DW02_mult_0_DW02_mult_86)
                                          0.401    0.369 5.06e+05    0.770   0.0
  ROW_10__COL_8__pe (pe_fp8_88)           2.988    5.575 2.96e+06    8.566   0.3
    u_add (fp8_add_88)                    0.781    0.734 9.50e+05    1.516   0.1
    u_mul (fp8_mul_88)                    0.829    0.792 9.92e+05    1.622   0.1
      mult_25 (fp8_mul_88_DW02_mult_0_DW02_mult_87)
                                          0.397    0.365 5.06e+05    0.763   0.0
  ROW_10__COL_7__pe (pe_fp8_89)           2.991    5.572 2.96e+06    8.566   0.3
    u_add (fp8_add_89)                    0.790    0.737 9.50e+05    1.528   0.1
    u_mul (fp8_mul_89)                    0.828    0.793 9.92e+05    1.622   0.1
      mult_25 (fp8_mul_89_DW02_mult_0_DW02_mult_88)
                                          0.399    0.369 5.06e+05    0.768   0.0
  ROW_10__COL_6__pe (pe_fp8_90)           3.001    5.580 2.96e+06    8.584   0.3
    u_add (fp8_add_90)                    0.804    0.747 9.51e+05    1.552   0.1
    u_mul (fp8_mul_90)                    0.823    0.785 9.91e+05    1.609   0.1
      mult_25 (fp8_mul_90_DW02_mult_0_DW02_mult_89)
                                          0.393    0.361 5.06e+05    0.755   0.0
  ROW_10__COL_5__pe (pe_fp8_91)           2.993    5.577 2.96e+06    8.573   0.3
    u_add (fp8_add_91)                    0.786    0.733 9.50e+05    1.519   0.1
    u_mul (fp8_mul_91)                    0.831    0.793 9.91e+05    1.625   0.1
      mult_25 (fp8_mul_91_DW02_mult_0_DW02_mult_90)
                                          0.397    0.365 5.06e+05    0.762   0.0
  ROW_10__COL_4__pe (pe_fp8_92)           2.972    5.561 2.96e+06    8.537   0.3
    u_add (fp8_add_92)                    0.775    0.730 9.50e+05    1.506   0.1
    u_mul (fp8_mul_92)                    0.823    0.789 9.92e+05    1.613   0.1
      mult_25 (fp8_mul_92_DW02_mult_0_DW02_mult_91)
                                          0.391    0.363 5.06e+05    0.754   0.0
  ROW_10__COL_3__pe (pe_fp8_93)           2.988    5.577 2.96e+06    8.568   0.3
    u_add (fp8_add_93)                    0.779    0.732 9.50e+05    1.512   0.1
    u_mul (fp8_mul_93)                    0.833    0.796 9.92e+05    1.629   0.1
      mult_25 (fp8_mul_93_DW02_mult_0_DW02_mult_92)
                                          0.402    0.369 5.06e+05    0.771   0.0
  ROW_10__COL_2__pe (pe_fp8_94)           2.994    5.579 2.96e+06    8.576   0.3
    u_add (fp8_add_94)                    0.787    0.736 9.50e+05    1.524   0.1
    u_mul (fp8_mul_94)                    0.829    0.792 9.92e+05    1.622   0.1
      mult_25 (fp8_mul_94_DW02_mult_0_DW02_mult_93)
                                          0.401    0.368 5.06e+05    0.770   0.0
  ROW_10__COL_1__pe (pe_fp8_95)           3.104    5.700 2.97e+06    8.807   0.3
    u_add (fp8_add_95)                    0.900    0.831 9.55e+05    1.732   0.1
    u_mul (fp8_mul_95)                    0.825    0.791 9.92e+05    1.618   0.1
      mult_25 (fp8_mul_95_DW02_mult_0_DW02_mult_94)
                                          0.394    0.364 5.06e+05    0.758   0.0
  ROW_10__COL_0__pe (pe_fp8_96)           8.726   11.688 3.05e+06   20.417   0.8
    u_add (fp8_add_96)                    4.543    4.071 9.72e+05    8.615   0.3
    u_mul (fp8_mul_96)                    2.941    2.987 1.03e+06    5.929   0.2
      mult_25 (fp8_mul_96_DW02_mult_0_DW02_mult_95)
                                          0.811    0.911 5.32e+05    1.722   0.1
  ROW_9__COL_15__pe (pe_fp8_97)           2.647    5.428 2.96e+06    8.078   0.3
    u_add (fp8_add_97)                    0.773    0.728 9.50e+05    1.501   0.1
    u_mul (fp8_mul_97)                    0.828    0.790 9.92e+05    1.619   0.1
      mult_25 (fp8_mul_97_DW02_mult_0_DW02_mult_96)
                                          0.399    0.366 5.06e+05    0.766   0.0
  ROW_9__COL_14__pe (pe_fp8_98)           3.006    5.587 2.96e+06    8.597   0.3
    u_add (fp8_add_98)                    0.792    0.741 9.50e+05    1.534   0.1
    u_mul (fp8_mul_98)                    0.839    0.799 9.92e+05    1.639   0.1
      mult_25 (fp8_mul_98_DW02_mult_0_DW02_mult_97)
                                          0.405    0.371 5.06e+05    0.776   0.0
  ROW_9__COL_13__pe (pe_fp8_99)           3.004    5.588 2.97e+06    8.595   0.3
    u_add (fp8_add_99)                    0.789    0.739 9.50e+05    1.529   0.1
    u_mul (fp8_mul_99)                    0.837    0.797 9.92e+05    1.635   0.1
      mult_25 (fp8_mul_99_DW02_mult_0_DW02_mult_98)
                                          0.401    0.368 5.06e+05    0.769   0.0
  ROW_9__COL_12__pe (pe_fp8_100)          3.023    5.599 2.96e+06    8.625   0.3
    u_add (fp8_add_100)                   0.796    0.741 9.50e+05    1.538   0.1
    u_mul (fp8_mul_100)                   0.846    0.800 9.92e+05    1.648   0.1
      mult_25 (fp8_mul_100_DW02_mult_0_DW02_mult_99)
                                          0.409    0.372 5.06e+05    0.781   0.0
  ROW_9__COL_11__pe (pe_fp8_101)          3.007    5.586 2.96e+06    8.596   0.3
    u_add (fp8_add_101)                   0.796    0.741 9.50e+05    1.538   0.1
    u_mul (fp8_mul_101)                   0.833    0.795 9.92e+05    1.629   0.1
      mult_25 (fp8_mul_101_DW02_mult_0_DW02_mult_100)
                                          0.396    0.364 5.06e+05    0.761   0.0
  ROW_9__COL_10__pe (pe_fp8_102)          2.999    5.584 2.96e+06    8.585   0.3
    u_add (fp8_add_102)                   0.775    0.731 9.50e+05    1.507   0.1
    u_mul (fp8_mul_102)                   0.847    0.805 9.92e+05    1.653   0.1
      mult_25 (fp8_mul_102_DW02_mult_0_DW02_mult_101)
                                          0.405    0.371 5.06e+05    0.776   0.0
  ROW_9__COL_9__pe (pe_fp8_103)           3.000    5.579 2.96e+06    8.583   0.3
    u_add (fp8_add_103)                   0.786    0.739 9.50e+05    1.526   0.1
    u_mul (fp8_mul_103)                   0.840    0.798 9.92e+05    1.638   0.1
      mult_25 (fp8_mul_103_DW02_mult_0_DW02_mult_102)
                                          0.405    0.371 5.06e+05    0.777   0.0
  ROW_9__COL_8__pe (pe_fp8_104)           3.003    5.578 2.96e+06    8.583   0.3
    u_add (fp8_add_104)                   0.788    0.736 9.50e+05    1.525   0.1
    u_mul (fp8_mul_104)                   0.839    0.794 9.92e+05    1.634   0.1
      mult_25 (fp8_mul_104_DW02_mult_0_DW02_mult_103)
                                          0.407    0.370 5.06e+05    0.778   0.0
  ROW_9__COL_7__pe (pe_fp8_105)           2.991    5.575 2.96e+06    8.569   0.3
    u_add (fp8_add_105)                   0.774    0.731 9.50e+05    1.506   0.1
    u_mul (fp8_mul_105)                   0.844    0.801 9.92e+05    1.646   0.1
      mult_25 (fp8_mul_105_DW02_mult_0_DW02_mult_104)
                                          0.408    0.373 5.06e+05    0.781   0.0
  ROW_9__COL_6__pe (pe_fp8_106)           2.994    5.576 2.96e+06    8.573   0.3
    u_add (fp8_add_106)                   0.777    0.730 9.50e+05    1.508   0.1
    u_mul (fp8_mul_106)                   0.841    0.800 9.92e+05    1.642   0.1
      mult_25 (fp8_mul_106_DW02_mult_0_DW02_mult_105)
                                          0.399    0.365 5.06e+05    0.764   0.0
  ROW_9__COL_5__pe (pe_fp8_107)           2.999    5.583 2.96e+06    8.585   0.3
    u_add (fp8_add_107)                   0.782    0.735 9.50e+05    1.519   0.1
    u_mul (fp8_mul_107)                   0.840    0.800 9.92e+05    1.641   0.1
      mult_25 (fp8_mul_107_DW02_mult_0_DW02_mult_106)
                                          0.404    0.370 5.06e+05    0.775   0.0
  ROW_9__COL_4__pe (pe_fp8_108)           2.996    5.575 2.97e+06    8.574   0.3
    u_add (fp8_add_108)                   0.783    0.732 9.50e+05    1.516   0.1
    u_mul (fp8_mul_108)                   0.838    0.798 9.92e+05    1.637   0.1
      mult_25 (fp8_mul_108_DW02_mult_0_DW02_mult_107)
                                          0.400    0.367 5.06e+05    0.768   0.0
  ROW_9__COL_3__pe (pe_fp8_109)           2.998    5.578 2.96e+06    8.579   0.3
    u_add (fp8_add_109)                   0.781    0.730 9.50e+05    1.512   0.1
    u_mul (fp8_mul_109)                   0.842    0.800 9.92e+05    1.643   0.1
      mult_25 (fp8_mul_109_DW02_mult_0_DW02_mult_108)
                                          0.409    0.374 5.06e+05    0.784   0.0
  ROW_9__COL_2__pe (pe_fp8_110)           3.020    5.605 2.97e+06    8.628   0.3
    u_add (fp8_add_110)                   0.798    0.749 9.51e+05    1.548   0.1
    u_mul (fp8_mul_110)                   0.845    0.805 9.92e+05    1.651   0.1
      mult_25 (fp8_mul_110_DW02_mult_0_DW02_mult_109)
                                          0.406    0.371 5.06e+05    0.777   0.0
  ROW_9__COL_1__pe (pe_fp8_111)           3.113    5.702 2.97e+06    8.818   0.3
    u_add (fp8_add_111)                   0.896    0.825 9.55e+05    1.722   0.1
    u_mul (fp8_mul_111)                   0.839    0.800 9.92e+05    1.641   0.1
      mult_25 (fp8_mul_111_DW02_mult_0_DW02_mult_110)
                                          0.400    0.368 5.06e+05    0.769   0.0
  ROW_9__COL_0__pe (pe_fp8_112)           8.728   11.702 3.05e+06   20.433   0.8
    u_add (fp8_add_112)                   4.533    4.069 9.71e+05    8.603   0.3
    u_mul (fp8_mul_112)                   2.952    3.004 1.03e+06    5.957   0.2
      mult_25 (fp8_mul_112_DW02_mult_0_DW02_mult_111)
                                          0.817    0.922 5.32e+05    1.740   0.1
  ROW_8__COL_15__pe (pe_fp8_113)          2.665    5.442 2.96e+06    8.111   0.3
    u_add (fp8_add_113)                   0.791    0.739 9.50e+05    1.532   0.1
    u_mul (fp8_mul_113)                   0.828    0.794 9.92e+05    1.623   0.1
      mult_25 (fp8_mul_113_DW02_mult_0_DW02_mult_112)
                                          0.395    0.365 5.06e+05    0.760   0.0
  ROW_8__COL_14__pe (pe_fp8_114)          2.975    5.569 2.96e+06    8.547   0.3
    u_add (fp8_add_114)                   0.769    0.725 9.50e+05    1.494   0.1
    u_mul (fp8_mul_114)                   0.830    0.796 9.92e+05    1.627   0.1
      mult_25 (fp8_mul_114_DW02_mult_0_DW02_mult_113)
                                          0.398    0.368 5.06e+05    0.767   0.0
  ROW_8__COL_13__pe (pe_fp8_115)          2.998    5.584 2.96e+06    8.586   0.3
    u_add (fp8_add_115)                   0.785    0.734 9.50e+05    1.519   0.1
    u_mul (fp8_mul_115)                   0.835    0.796 9.92e+05    1.632   0.1
      mult_25 (fp8_mul_115_DW02_mult_0_DW02_mult_114)
                                          0.400    0.367 5.06e+05    0.767   0.0
  ROW_8__COL_12__pe (pe_fp8_116)          3.001    5.589 2.96e+06    8.593   0.3
    u_add (fp8_add_116)                   0.779    0.731 9.50e+05    1.511   0.1
    u_mul (fp8_mul_116)                   0.842    0.802 9.92e+05    1.645   0.1
      mult_25 (fp8_mul_116_DW02_mult_0_DW02_mult_115)
                                          0.404    0.369 5.06e+05    0.773   0.0
  ROW_8__COL_11__pe (pe_fp8_117)          3.000    5.588 2.96e+06    8.590   0.3
    u_add (fp8_add_117)                   0.795    0.743 9.50e+05    1.539   0.1
    u_mul (fp8_mul_117)                   0.826    0.791 9.92e+05    1.618   0.1
      mult_25 (fp8_mul_117_DW02_mult_0_DW02_mult_116)
                                          0.392    0.360 5.06e+05    0.752   0.0
  ROW_8__COL_10__pe (pe_fp8_118)          3.011    5.593 2.97e+06    8.607   0.3
    u_add (fp8_add_118)                   0.790    0.737 9.50e+05    1.528   0.1
    u_mul (fp8_mul_118)                   0.843    0.806 9.92e+05    1.650   0.1
      mult_25 (fp8_mul_118_DW02_mult_0_DW02_mult_117)
                                          0.404    0.372 5.06e+05    0.777   0.0
  ROW_8__COL_9__pe (pe_fp8_119)           3.004    5.586 2.96e+06    8.593   0.3
    u_add (fp8_add_119)                   0.789    0.740 9.50e+05    1.530   0.1
    u_mul (fp8_mul_119)                   0.841    0.804 9.92e+05    1.646   0.1
      mult_25 (fp8_mul_119_DW02_mult_0_DW02_mult_118)
                                          0.405    0.373 5.06e+05    0.779   0.0
  ROW_8__COL_8__pe (pe_fp8_120)           2.992    5.574 2.96e+06    8.568   0.3
    u_add (fp8_add_120)                   0.775    0.729 9.50e+05    1.505   0.1
    u_mul (fp8_mul_120)                   0.841    0.799 9.92e+05    1.641   0.1
      mult_25 (fp8_mul_120_DW02_mult_0_DW02_mult_119)
                                          0.404    0.369 5.06e+05    0.773   0.0
  ROW_8__COL_7__pe (pe_fp8_121)           2.998    5.577 2.96e+06    8.578   0.3
    u_add (fp8_add_121)                   0.787    0.739 9.50e+05    1.527   0.1
    u_mul (fp8_mul_121)                   0.837    0.798 9.92e+05    1.636   0.1
      mult_25 (fp8_mul_121_DW02_mult_0_DW02_mult_120)
                                          0.403    0.371 5.06e+05    0.774   0.0
  ROW_8__COL_6__pe (pe_fp8_122)           2.981    5.571 2.96e+06    8.555   0.3
    u_add (fp8_add_122)                   0.773    0.726 9.50e+05    1.499   0.1
    u_mul (fp8_mul_122)                   0.833    0.796 9.92e+05    1.630   0.1
      mult_25 (fp8_mul_122_DW02_mult_0_DW02_mult_121)
                                          0.396    0.363 5.06e+05    0.759   0.0
  ROW_8__COL_5__pe (pe_fp8_123)           2.998    5.572 2.96e+06    8.573   0.3
    u_add (fp8_add_123)                   0.786    0.730 9.50e+05    1.517   0.1
    u_mul (fp8_mul_123)                   0.835    0.793 9.92e+05    1.628   0.1
      mult_25 (fp8_mul_123_DW02_mult_0_DW02_mult_122)
                                          0.403    0.368 5.06e+05    0.772   0.0
  ROW_8__COL_4__pe (pe_fp8_124)           2.982    5.568 2.96e+06    8.553   0.3
    u_add (fp8_add_124)                   0.775    0.729 9.50e+05    1.504   0.1
    u_mul (fp8_mul_124)                   0.833    0.795 9.92e+05    1.629   0.1
      mult_25 (fp8_mul_124_DW02_mult_0_DW02_mult_123)
                                          0.399    0.368 5.06e+05    0.768   0.0
  ROW_8__COL_3__pe (pe_fp8_125)           2.994    5.577 2.96e+06    8.574   0.3
    u_add (fp8_add_125)                   0.781    0.733 9.50e+05    1.515   0.1
    u_mul (fp8_mul_125)                   0.837    0.798 9.92e+05    1.636   0.1
      mult_25 (fp8_mul_125_DW02_mult_0_DW02_mult_124)
                                          0.406    0.372 5.06e+05    0.778   0.0
  ROW_8__COL_2__pe (pe_fp8_126)           3.012    5.597 2.96e+06    8.612   0.3
    u_add (fp8_add_126)                   0.799    0.745 9.50e+05    1.545   0.1
    u_mul (fp8_mul_126)                   0.834    0.799 9.92e+05    1.634   0.1
      mult_25 (fp8_mul_126_DW02_mult_0_DW02_mult_125)
                                          0.400    0.370 5.06e+05    0.770   0.0
  ROW_8__COL_1__pe (pe_fp8_127)           3.109    5.692 2.97e+06    8.804   0.3
    u_add (fp8_add_127)                   0.899    0.824 9.55e+05    1.724   0.1
    u_mul (fp8_mul_127)                   0.830    0.791 9.92e+05    1.623   0.1
      mult_25 (fp8_mul_127_DW02_mult_0_DW02_mult_126)
                                          0.399    0.367 5.06e+05    0.767   0.0
  ROW_8__COL_0__pe (pe_fp8_128)           8.666   11.645 3.05e+06   20.314   0.8
    u_add (fp8_add_128)                   4.502    4.048 9.71e+05    8.551   0.3
    u_mul (fp8_mul_128)                   2.924    2.979 1.03e+06    5.904   0.2
      mult_25 (fp8_mul_128_DW02_mult_0_DW02_mult_127)
                                          0.814    0.916 5.32e+05    1.730   0.1
  ROW_7__COL_15__pe (pe_fp8_129)          2.672    5.456 2.96e+06    8.131   0.3
    u_add (fp8_add_129)                   0.789    0.738 9.50e+05    1.528   0.1
    u_mul (fp8_mul_129)                   0.837    0.799 9.92e+05    1.637   0.1
      mult_25 (fp8_mul_129_DW02_mult_0_DW02_mult_128)
                                          0.398    0.365 5.06e+05    0.764   0.0
  ROW_7__COL_14__pe (pe_fp8_130)          2.998    5.588 2.96e+06    8.589   0.3
    u_add (fp8_add_130)                   0.787    0.736 9.50e+05    1.525   0.1
    u_mul (fp8_mul_130)                   0.830    0.793 9.91e+05    1.624   0.1
      mult_25 (fp8_mul_130_DW02_mult_0_DW02_mult_129)
                                          0.402    0.369 5.06e+05    0.771   0.0
  ROW_7__COL_13__pe (pe_fp8_131)          3.002    5.592 2.96e+06    8.597   0.3
    u_add (fp8_add_131)                   0.781    0.731 9.50e+05    1.513   0.1
    u_mul (fp8_mul_131)                   0.838    0.799 9.92e+05    1.638   0.1
      mult_25 (fp8_mul_131_DW02_mult_0_DW02_mult_130)
                                          0.401    0.368 5.06e+05    0.770   0.0
  ROW_7__COL_12__pe (pe_fp8_132)          3.023    5.612 2.96e+06    8.638   0.3
    u_add (fp8_add_132)                   0.794    0.744 9.50e+05    1.539   0.1
    u_mul (fp8_mul_132)                   0.844    0.803 9.92e+05    1.648   0.1
      mult_25 (fp8_mul_132_DW02_mult_0_DW02_mult_131)
                                          0.406    0.370 5.06e+05    0.776   0.0
  ROW_7__COL_11__pe (pe_fp8_133)          2.990    5.587 2.96e+06    8.580   0.3
    u_add (fp8_add_133)                   0.772    0.725 9.50e+05    1.498   0.1
    u_mul (fp8_mul_133)                   0.836    0.801 9.92e+05    1.638   0.1
      mult_25 (fp8_mul_133_DW02_mult_0_DW02_mult_132)
                                          0.400    0.369 5.06e+05    0.769   0.0
  ROW_7__COL_10__pe (pe_fp8_134)          3.003    5.592 2.96e+06    8.599   0.3
    u_add (fp8_add_134)                   0.780    0.733 9.50e+05    1.515   0.1
    u_mul (fp8_mul_134)                   0.841    0.802 9.92e+05    1.644   0.1
      mult_25 (fp8_mul_134_DW02_mult_0_DW02_mult_133)
                                          0.404    0.370 5.06e+05    0.775   0.0
  ROW_7__COL_9__pe (pe_fp8_135)           2.999    5.589 2.96e+06    8.591   0.3
    u_add (fp8_add_135)                   0.778    0.732 9.50e+05    1.511   0.1
    u_mul (fp8_mul_135)                   0.840    0.801 9.92e+05    1.642   0.1
      mult_25 (fp8_mul_135_DW02_mult_0_DW02_mult_134)
                                          0.406    0.370 5.06e+05    0.777   0.0
  ROW_7__COL_8__pe (pe_fp8_136)           3.002    5.587 2.96e+06    8.592   0.3
    u_add (fp8_add_136)                   0.782    0.733 9.50e+05    1.516   0.1
    u_mul (fp8_mul_136)                   0.840    0.797 9.92e+05    1.638   0.1
      mult_25 (fp8_mul_136_DW02_mult_0_DW02_mult_135)
                                          0.406    0.370 5.06e+05    0.777   0.0
  ROW_7__COL_7__pe (pe_fp8_137)           3.005    5.593 2.96e+06    8.601   0.3
    u_add (fp8_add_137)                   0.791    0.739 9.50e+05    1.531   0.1
    u_mul (fp8_mul_137)                   0.836    0.803 9.92e+05    1.640   0.1
      mult_25 (fp8_mul_137_DW02_mult_0_DW02_mult_136)
                                          0.405    0.375 5.06e+05    0.780   0.0
  ROW_7__COL_6__pe (pe_fp8_138)           3.007    5.598 2.96e+06    8.608   0.3
    u_add (fp8_add_138)                   0.789    0.738 9.50e+05    1.527   0.1
    u_mul (fp8_mul_138)                   0.837    0.803 9.92e+05    1.641   0.1
      mult_25 (fp8_mul_138_DW02_mult_0_DW02_mult_137)
                                          0.397    0.367 5.06e+05    0.765   0.0
  ROW_7__COL_5__pe (pe_fp8_139)           3.004    5.599 2.96e+06    8.606   0.3
    u_add (fp8_add_139)                   0.785    0.739 9.50e+05    1.525   0.1
    u_mul (fp8_mul_139)                   0.836    0.798 9.91e+05    1.635   0.1
      mult_25 (fp8_mul_139_DW02_mult_0_DW02_mult_138)
                                          0.401    0.369 5.06e+05    0.771   0.0
  ROW_7__COL_4__pe (pe_fp8_140)           3.010    5.600 2.96e+06    8.613   0.3
    u_add (fp8_add_140)                   0.795    0.743 9.49e+05    1.539   0.1
    u_mul (fp8_mul_140)                   0.835    0.799 9.92e+05    1.635   0.1
      mult_25 (fp8_mul_140_DW02_mult_0_DW02_mult_139)
                                          0.399    0.367 5.06e+05    0.766   0.0
  ROW_7__COL_3__pe (pe_fp8_141)           3.003    5.597 2.96e+06    8.604   0.3
    u_add (fp8_add_141)                   0.784    0.738 9.50e+05    1.524   0.1
    u_mul (fp8_mul_141)                   0.838    0.800 9.92e+05    1.639   0.1
      mult_25 (fp8_mul_141_DW02_mult_0_DW02_mult_140)
                                          0.406    0.373 5.06e+05    0.779   0.0
  ROW_7__COL_2__pe (pe_fp8_142)           3.016    5.607 2.97e+06    8.626   0.3
    u_add (fp8_add_142)                   0.795    0.743 9.51e+05    1.539   0.1
    u_mul (fp8_mul_142)                   0.838    0.801 9.92e+05    1.640   0.1
      mult_25 (fp8_mul_142_DW02_mult_0_DW02_mult_141)
                                          0.401    0.368 5.06e+05    0.770   0.0
  ROW_7__COL_1__pe (pe_fp8_143)           3.116    5.705 2.97e+06    8.824   0.3
    u_add (fp8_add_143)                   0.895    0.816 9.56e+05    1.712   0.1
    u_mul (fp8_mul_143)                   0.836    0.798 9.92e+05    1.634   0.1
      mult_25 (fp8_mul_143_DW02_mult_0_DW02_mult_142)
                                          0.401    0.368 5.06e+05    0.769   0.0
  ROW_7__COL_0__pe (pe_fp8_144)           8.630   11.614 3.05e+06   20.247   0.8
    u_add (fp8_add_144)                   4.471    4.015 9.72e+05    8.487   0.3
    u_mul (fp8_mul_144)                   2.911    2.972 1.03e+06    5.885   0.2
      mult_25 (fp8_mul_144_DW02_mult_0_DW02_mult_143)
                                          0.808    0.913 5.32e+05    1.722   0.1
  ROW_6__COL_15__pe (pe_fp8_145)          2.651    5.425 2.96e+06    8.079   0.3
    u_add (fp8_add_145)                   0.785    0.735 9.50e+05    1.521   0.1
    u_mul (fp8_mul_145)                   0.820    0.781 9.91e+05    1.602   0.1
      mult_25 (fp8_mul_145_DW02_mult_0_DW02_mult_144)
                                          0.392    0.359 5.06e+05    0.751   0.0
  ROW_6__COL_14__pe (pe_fp8_146)          2.989    5.572 2.96e+06    8.564   0.3
    u_add (fp8_add_146)                   0.782    0.733 9.50e+05    1.516   0.1
    u_mul (fp8_mul_146)                   0.833    0.796 9.91e+05    1.630   0.1
      mult_25 (fp8_mul_146_DW02_mult_0_DW02_mult_145)
                                          0.397    0.366 5.06e+05    0.764   0.0
  ROW_6__COL_13__pe (pe_fp8_147)          2.993    5.584 2.96e+06    8.580   0.3
    u_add (fp8_add_147)                   0.788    0.739 9.50e+05    1.528   0.1
    u_mul (fp8_mul_147)                   0.827    0.794 9.92e+05    1.622   0.1
      mult_25 (fp8_mul_147_DW02_mult_0_DW02_mult_146)
                                          0.394    0.364 5.06e+05    0.759   0.0
  ROW_6__COL_12__pe (pe_fp8_148)          3.006    5.592 2.96e+06    8.601   0.3
    u_add (fp8_add_148)                   0.794    0.741 9.50e+05    1.537   0.1
    u_mul (fp8_mul_148)                   0.835    0.800 9.92e+05    1.636   0.1
      mult_25 (fp8_mul_148_DW02_mult_0_DW02_mult_147)
                                          0.401    0.370 5.06e+05    0.771   0.0
  ROW_6__COL_11__pe (pe_fp8_149)          2.983    5.577 2.96e+06    8.564   0.3
    u_add (fp8_add_149)                   0.787    0.738 9.50e+05    1.526   0.1
    u_mul (fp8_mul_149)                   0.820    0.788 9.92e+05    1.610   0.1
      mult_25 (fp8_mul_149_DW02_mult_0_DW02_mult_148)
                                          0.388    0.359 5.06e+05    0.748   0.0
  ROW_6__COL_10__pe (pe_fp8_150)          2.992    5.570 2.96e+06    8.564   0.3
    u_add (fp8_add_150)                   0.780    0.730 9.50e+05    1.511   0.1
    u_mul (fp8_mul_150)                   0.837    0.798 9.92e+05    1.636   0.1
      mult_25 (fp8_mul_150_DW02_mult_0_DW02_mult_149)
                                          0.398    0.367 5.06e+05    0.766   0.0
  ROW_6__COL_9__pe (pe_fp8_151)           2.987    5.565 2.96e+06    8.555   0.3
    u_add (fp8_add_151)                   0.787    0.735 9.50e+05    1.523   0.1
    u_mul (fp8_mul_151)                   0.827    0.789 9.92e+05    1.617   0.1
      mult_25 (fp8_mul_151_DW02_mult_0_DW02_mult_150)
                                          0.394    0.361 5.06e+05    0.756   0.0
  ROW_6__COL_8__pe (pe_fp8_152)           2.984    5.568 2.96e+06    8.554   0.3
    u_add (fp8_add_152)                   0.780    0.731 9.50e+05    1.512   0.1
    u_mul (fp8_mul_152)                   0.829    0.792 9.92e+05    1.622   0.1
      mult_25 (fp8_mul_152_DW02_mult_0_DW02_mult_151)
                                          0.399    0.368 5.06e+05    0.768   0.0
  ROW_6__COL_7__pe (pe_fp8_153)           2.988    5.574 2.96e+06    8.565   0.3
    u_add (fp8_add_153)                   0.792    0.740 9.50e+05    1.534   0.1
    u_mul (fp8_mul_153)                   0.822    0.790 9.92e+05    1.613   0.1
      mult_25 (fp8_mul_153_DW02_mult_0_DW02_mult_152)
                                          0.396    0.367 5.06e+05    0.763   0.0
  ROW_6__COL_6__pe (pe_fp8_154)           2.999    5.584 2.96e+06    8.586   0.3
    u_add (fp8_add_154)                   0.800    0.747 9.50e+05    1.549   0.1
    u_mul (fp8_mul_154)                   0.825    0.792 9.91e+05    1.618   0.1
      mult_25 (fp8_mul_154_DW02_mult_0_DW02_mult_153)
                                          0.389    0.360 5.06e+05    0.750   0.0
  ROW_6__COL_5__pe (pe_fp8_155)           2.982    5.563 2.96e+06    8.547   0.3
    u_add (fp8_add_155)                   0.780    0.729 9.50e+05    1.510   0.1
    u_mul (fp8_mul_155)                   0.828    0.790 9.91e+05    1.618   0.1
      mult_25 (fp8_mul_155_DW02_mult_0_DW02_mult_154)
                                          0.397    0.365 5.06e+05    0.762   0.0
  ROW_6__COL_4__pe (pe_fp8_156)           2.983    5.566 2.96e+06    8.552   0.3
    u_add (fp8_add_156)                   0.781    0.732 9.50e+05    1.514   0.1
    u_mul (fp8_mul_156)                   0.829    0.792 9.92e+05    1.622   0.1
      mult_25 (fp8_mul_156_DW02_mult_0_DW02_mult_155)
                                          0.395    0.364 5.06e+05    0.760   0.0
  ROW_6__COL_3__pe (pe_fp8_157)           2.986    5.573 2.96e+06    8.562   0.3
    u_add (fp8_add_157)                   0.779    0.732 9.50e+05    1.512   0.1
    u_mul (fp8_mul_157)                   0.832    0.796 9.92e+05    1.629   0.1
      mult_25 (fp8_mul_157_DW02_mult_0_DW02_mult_156)
                                          0.401    0.370 5.06e+05    0.772   0.0
  ROW_6__COL_2__pe (pe_fp8_158)           2.994    5.582 2.96e+06    8.578   0.3
    u_add (fp8_add_158)                   0.788    0.737 9.51e+05    1.526   0.1
    u_mul (fp8_mul_158)                   0.831    0.793 9.91e+05    1.624   0.1
      mult_25 (fp8_mul_158_DW02_mult_0_DW02_mult_157)
                                          0.400    0.366 5.06e+05    0.767   0.0
  ROW_6__COL_1__pe (pe_fp8_159)           3.124    5.713 2.97e+06    8.840   0.3
    u_add (fp8_add_159)                   0.918    0.844 9.56e+05    1.763   0.1
    u_mul (fp8_mul_159)                   0.829    0.790 9.92e+05    1.620   0.1
      mult_25 (fp8_mul_159_DW02_mult_0_DW02_mult_158)
                                          0.393    0.361 5.06e+05    0.754   0.0
  ROW_6__COL_0__pe (pe_fp8_160)           8.581   11.558 3.05e+06   20.142   0.8
    u_add (fp8_add_160)                   4.431    3.973 9.71e+05    8.405   0.3
    u_mul (fp8_mul_160)                   2.910    2.973 1.03e+06    5.883   0.2
      mult_25 (fp8_mul_160_DW02_mult_0_DW02_mult_159)
                                          0.820    0.924 5.32e+05    1.745   0.1
  ROW_5__COL_15__pe (pe_fp8_161)          2.668    5.450 2.96e+06    8.122   0.3
    u_add (fp8_add_161)                   0.800    0.749 9.50e+05    1.550   0.1
    u_mul (fp8_mul_161)                   0.822    0.788 9.91e+05    1.611   0.1
      mult_25 (fp8_mul_161_DW02_mult_0_DW02_mult_160)
                                          0.392    0.363 5.06e+05    0.756   0.0
  ROW_5__COL_14__pe (pe_fp8_162)          2.976    5.561 2.96e+06    8.540   0.3
    u_add (fp8_add_162)                   0.768    0.722 9.50e+05    1.491   0.1
    u_mul (fp8_mul_162)                   0.831    0.791 9.91e+05    1.624   0.1
      mult_25 (fp8_mul_162_DW02_mult_0_DW02_mult_161)
                                          0.399    0.365 5.06e+05    0.765   0.0
  ROW_5__COL_13__pe (pe_fp8_163)          3.007    5.601 2.97e+06    8.611   0.3
    u_add (fp8_add_163)                   0.797    0.746 9.50e+05    1.544   0.1
    u_mul (fp8_mul_163)                   0.830    0.797 9.92e+05    1.627   0.1
      mult_25 (fp8_mul_163_DW02_mult_0_DW02_mult_162)
                                          0.393    0.364 5.06e+05    0.757   0.0
  ROW_5__COL_12__pe (pe_fp8_164)          3.003    5.591 2.96e+06    8.596   0.3
    u_add (fp8_add_164)                   0.788    0.738 9.50e+05    1.527   0.1
    u_mul (fp8_mul_164)                   0.836    0.798 9.91e+05    1.635   0.1
      mult_25 (fp8_mul_164_DW02_mult_0_DW02_mult_163)
                                          0.401    0.367 5.06e+05    0.768   0.0
  ROW_5__COL_11__pe (pe_fp8_165)          2.983    5.577 2.96e+06    8.563   0.3
    u_add (fp8_add_165)                   0.774    0.729 9.50e+05    1.504   0.1
    u_mul (fp8_mul_165)                   0.830    0.795 9.92e+05    1.626   0.1
      mult_25 (fp8_mul_165_DW02_mult_0_DW02_mult_164)
                                          0.394    0.363 5.06e+05    0.758   0.0
  ROW_5__COL_10__pe (pe_fp8_166)          3.002    5.588 2.96e+06    8.593   0.3
    u_add (fp8_add_166)                   0.788    0.736 9.50e+05    1.525   0.1
    u_mul (fp8_mul_166)                   0.836    0.803 9.92e+05    1.641   0.1
      mult_25 (fp8_mul_166_DW02_mult_0_DW02_mult_165)
                                          0.397    0.367 5.06e+05    0.765   0.0
  ROW_5__COL_9__pe (pe_fp8_167)           2.979    5.568 2.96e+06    8.550   0.3
    u_add (fp8_add_167)                   0.775    0.731 9.50e+05    1.506   0.1
    u_mul (fp8_mul_167)                   0.829    0.793 9.92e+05    1.623   0.1
      mult_25 (fp8_mul_167_DW02_mult_0_DW02_mult_166)
                                          0.397    0.367 5.06e+05    0.765   0.0
  ROW_5__COL_8__pe (pe_fp8_168)           2.981    5.574 2.96e+06    8.558   0.3
    u_add (fp8_add_168)                   0.771    0.727 9.50e+05    1.500   0.1
    u_mul (fp8_mul_168)                   0.832    0.795 9.92e+05    1.628   0.1
      mult_25 (fp8_mul_168_DW02_mult_0_DW02_mult_167)
                                          0.397    0.364 5.06e+05    0.762   0.0
  ROW_5__COL_7__pe (pe_fp8_169)           2.992    5.579 2.96e+06    8.574   0.3
    u_add (fp8_add_169)                   0.795    0.742 9.50e+05    1.537   0.1
    u_mul (fp8_mul_169)                   0.823    0.790 9.92e+05    1.614   0.1
      mult_25 (fp8_mul_169_DW02_mult_0_DW02_mult_168)
                                          0.394    0.365 5.06e+05    0.759   0.0
  ROW_5__COL_6__pe (pe_fp8_170)           2.988    5.579 2.96e+06    8.570   0.3
    u_add (fp8_add_170)                   0.788    0.738 9.50e+05    1.527   0.1
    u_mul (fp8_mul_170)                   0.824    0.792 9.92e+05    1.617   0.1
      mult_25 (fp8_mul_170_DW02_mult_0_DW02_mult_169)
                                          0.390    0.362 5.06e+05    0.752   0.0
  ROW_5__COL_5__pe (pe_fp8_171)           2.997    5.583 2.96e+06    8.583   0.3
    u_add (fp8_add_171)                   0.792    0.739 9.50e+05    1.532   0.1
    u_mul (fp8_mul_171)                   0.827    0.791 9.91e+05    1.618   0.1
      mult_25 (fp8_mul_171_DW02_mult_0_DW02_mult_170)
                                          0.394    0.363 5.06e+05    0.758   0.0
  ROW_5__COL_4__pe (pe_fp8_172)           2.968    5.564 2.96e+06    8.535   0.3
    u_add (fp8_add_172)                   0.775    0.731 9.50e+05    1.507   0.1
    u_mul (fp8_mul_172)                   0.817    0.788 9.92e+05    1.606   0.1
      mult_25 (fp8_mul_172_DW02_mult_0_DW02_mult_171)
                                          0.387    0.361 5.06e+05    0.748   0.0
  ROW_5__COL_3__pe (pe_fp8_173)           3.005    5.589 2.97e+06    8.597   0.3
    u_add (fp8_add_173)                   0.792    0.739 9.50e+05    1.531   0.1
    u_mul (fp8_mul_173)                   0.835    0.800 9.92e+05    1.636   0.1
      mult_25 (fp8_mul_173_DW02_mult_0_DW02_mult_172)
                                          0.399    0.370 5.06e+05    0.769   0.0
  ROW_5__COL_2__pe (pe_fp8_174)           2.988    5.578 2.97e+06    8.569   0.3
    u_add (fp8_add_174)                   0.777    0.732 9.51e+05    1.510   0.1
    u_mul (fp8_mul_174)                   0.834    0.794 9.92e+05    1.629   0.1
      mult_25 (fp8_mul_174_DW02_mult_0_DW02_mult_173)
                                          0.396    0.362 5.06e+05    0.758   0.0
  ROW_5__COL_1__pe (pe_fp8_175)           3.104    5.693 2.97e+06    8.799   0.3
    u_add (fp8_add_175)                   0.900    0.822 9.55e+05    1.723   0.1
    u_mul (fp8_mul_175)                   0.824    0.791 9.92e+05    1.616   0.1
      mult_25 (fp8_mul_175_DW02_mult_0_DW02_mult_174)
                                          0.392    0.362 5.06e+05    0.754   0.0
  ROW_5__COL_0__pe (pe_fp8_176)           8.745   11.704 3.05e+06   20.452   0.8
    u_add (fp8_add_176)                   4.544    4.071 9.72e+05    8.616   0.3
    u_mul (fp8_mul_176)                   2.961    3.010 1.03e+06    5.972   0.2
      mult_25 (fp8_mul_176_DW02_mult_0_DW02_mult_175)
                                          0.832    0.934 5.32e+05    1.767   0.1
  ROW_4__COL_15__pe (pe_fp8_177)          2.669    5.448 2.96e+06    8.120   0.3
    u_add (fp8_add_177)                   0.776    0.730 9.50e+05    1.507   0.1
    u_mul (fp8_mul_177)                   0.847    0.801 9.92e+05    1.649   0.1
      mult_25 (fp8_mul_177_DW02_mult_0_DW02_mult_176)
                                          0.408    0.371 5.06e+05    0.779   0.0
  ROW_4__COL_14__pe (pe_fp8_178)          3.006    5.588 2.96e+06    8.597   0.3
    u_add (fp8_add_178)                   0.778    0.729 9.50e+05    1.508   0.1
    u_mul (fp8_mul_178)                   0.846    0.803 9.92e+05    1.650   0.1
      mult_25 (fp8_mul_178_DW02_mult_0_DW02_mult_177)
                                          0.416    0.378 5.06e+05    0.794   0.0
  ROW_4__COL_13__pe (pe_fp8_179)          3.024    5.609 2.97e+06    8.636   0.3
    u_add (fp8_add_179)                   0.793    0.743 9.50e+05    1.537   0.1
    u_mul (fp8_mul_179)                   0.845    0.803 9.92e+05    1.649   0.1
      mult_25 (fp8_mul_179_DW02_mult_0_DW02_mult_178)
                                          0.410    0.375 5.07e+05    0.785   0.0
  ROW_4__COL_12__pe (pe_fp8_180)          3.046    5.626 2.96e+06    8.675   0.3
    u_add (fp8_add_180)                   0.794    0.743 9.50e+05    1.538   0.1
    u_mul (fp8_mul_180)                   0.866    0.818 9.92e+05    1.686   0.1
      mult_25 (fp8_mul_180_DW02_mult_0_DW02_mult_179)
                                          0.417    0.378 5.06e+05    0.795   0.0
  ROW_4__COL_11__pe (pe_fp8_181)          3.008    5.604 2.97e+06    8.615   0.3
    u_add (fp8_add_181)                   0.779    0.735 9.50e+05    1.515   0.1
    u_mul (fp8_mul_181)                   0.845    0.808 9.92e+05    1.654   0.1
      mult_25 (fp8_mul_181_DW02_mult_0_DW02_mult_180)
                                          0.405    0.371 5.06e+05    0.776   0.0
  ROW_4__COL_10__pe (pe_fp8_182)          3.006    5.585 2.97e+06    8.594   0.3
    u_add (fp8_add_182)                   0.777    0.730 9.50e+05    1.508   0.1
    u_mul (fp8_mul_182)                   0.845    0.799 9.92e+05    1.645   0.1
      mult_25 (fp8_mul_182_DW02_mult_0_DW02_mult_181)
                                          0.410    0.374 5.06e+05    0.784   0.0
  ROW_4__COL_9__pe (pe_fp8_183)           3.014    5.594 2.97e+06    8.612   0.3
    u_add (fp8_add_183)                   0.784    0.734 9.50e+05    1.519   0.1
    u_mul (fp8_mul_183)                   0.848    0.807 9.92e+05    1.656   0.1
      mult_25 (fp8_mul_183_DW02_mult_0_DW02_mult_182)
                                          0.411    0.377 5.06e+05    0.789   0.0
  ROW_4__COL_8__pe (pe_fp8_184)           3.030    5.607 2.97e+06    8.640   0.3
    u_add (fp8_add_184)                   0.789    0.736 9.50e+05    1.526   0.1
    u_mul (fp8_mul_184)                   0.857    0.810 9.92e+05    1.668   0.1
      mult_25 (fp8_mul_184_DW02_mult_0_DW02_mult_183)
                                          0.414    0.376 5.06e+05    0.791   0.0
  ROW_4__COL_7__pe (pe_fp8_185)           3.005    5.583 2.96e+06    8.591   0.3
    u_add (fp8_add_185)                   0.777    0.729 9.50e+05    1.507   0.1
    u_mul (fp8_mul_185)                   0.848    0.805 9.92e+05    1.654   0.1
      mult_25 (fp8_mul_185_DW02_mult_0_DW02_mult_184)
                                          0.410    0.374 5.06e+05    0.784   0.0
  ROW_4__COL_6__pe (pe_fp8_186)           3.026    5.605 2.96e+06    8.634   0.3
    u_add (fp8_add_186)                   0.798    0.743 9.50e+05    1.542   0.1
    u_mul (fp8_mul_186)                   0.846    0.802 9.92e+05    1.649   0.1
      mult_25 (fp8_mul_186_DW02_mult_0_DW02_mult_185)
                                          0.408    0.372 5.06e+05    0.780   0.0
  ROW_4__COL_5__pe (pe_fp8_187)           2.990    5.579 2.96e+06    8.572   0.3
    u_add (fp8_add_187)                   0.763    0.718 9.50e+05    1.482   0.1
    u_mul (fp8_mul_187)                   0.845    0.802 9.92e+05    1.648   0.1
      mult_25 (fp8_mul_187_DW02_mult_0_DW02_mult_186)
                                          0.410    0.374 5.06e+05    0.785   0.0
  ROW_4__COL_4__pe (pe_fp8_188)           3.022    5.603 2.97e+06    8.628   0.3
    u_add (fp8_add_188)                   0.793    0.740 9.50e+05    1.533   0.1
    u_mul (fp8_mul_188)                   0.847    0.808 9.92e+05    1.656   0.1
      mult_25 (fp8_mul_188_DW02_mult_0_DW02_mult_187)
                                          0.408    0.373 5.07e+05    0.782   0.0
  ROW_4__COL_3__pe (pe_fp8_189)           3.009    5.595 2.97e+06    8.607   0.3
    u_add (fp8_add_189)                   0.773    0.728 9.50e+05    1.502   0.1
    u_mul (fp8_mul_189)                   0.854    0.812 9.92e+05    1.666   0.1
      mult_25 (fp8_mul_189_DW02_mult_0_DW02_mult_188)
                                          0.414    0.379 5.07e+05    0.793   0.0
  ROW_4__COL_2__pe (pe_fp8_190)           3.019    5.608 2.97e+06    8.630   0.3
    u_add (fp8_add_190)                   0.781    0.733 9.51e+05    1.515   0.1
    u_mul (fp8_mul_190)                   0.854    0.810 9.92e+05    1.665   0.1
      mult_25 (fp8_mul_190_DW02_mult_0_DW02_mult_189)
                                          0.414    0.377 5.06e+05    0.791   0.0
  ROW_4__COL_1__pe (pe_fp8_191)           3.131    5.722 2.97e+06    8.856   0.3
    u_add (fp8_add_191)                   0.901    0.828 9.55e+05    1.729   0.1
    u_mul (fp8_mul_191)                   0.845    0.804 9.92e+05    1.650   0.1
      mult_25 (fp8_mul_191_DW02_mult_0_DW02_mult_190)
                                          0.407    0.374 5.06e+05    0.781   0.0
  ROW_4__COL_0__pe (pe_fp8_192)           8.749   11.717 3.05e+06   20.470   0.8
    u_add (fp8_add_192)                   4.546    4.078 9.72e+05    8.625   0.3
    u_mul (fp8_mul_192)                   2.954    3.002 1.03e+06    5.957   0.2
      mult_25 (fp8_mul_192_DW02_mult_0_DW02_mult_191)
                                          0.816    0.920 5.32e+05    1.736   0.1
  ROW_3__COL_15__pe (pe_fp8_193)          2.669    5.450 2.97e+06    8.122   0.3
    u_add (fp8_add_193)                   0.793    0.744 9.51e+05    1.537   0.1
    u_mul (fp8_mul_193)                   0.830    0.794 9.92e+05    1.625   0.1
      mult_25 (fp8_mul_193_DW02_mult_0_DW02_mult_192)
                                          0.399    0.368 5.06e+05    0.767   0.0
  ROW_3__COL_14__pe (pe_fp8_194)          3.004    5.587 2.96e+06    8.594   0.3
    u_add (fp8_add_194)                   0.787    0.735 9.50e+05    1.523   0.1
    u_mul (fp8_mul_194)                   0.841    0.802 9.92e+05    1.643   0.1
      mult_25 (fp8_mul_194_DW02_mult_0_DW02_mult_193)
                                          0.406    0.374 5.06e+05    0.780   0.0
  ROW_3__COL_13__pe (pe_fp8_195)          3.015    5.608 2.97e+06    8.626   0.3
    u_add (fp8_add_195)                   0.787    0.741 9.50e+05    1.529   0.1
    u_mul (fp8_mul_195)                   0.847    0.811 9.93e+05    1.660   0.1
      mult_25 (fp8_mul_195_DW02_mult_0_DW02_mult_194)
                                          0.405    0.373 5.07e+05    0.778   0.0
  ROW_3__COL_12__pe (pe_fp8_196)          3.014    5.600 2.96e+06    8.617   0.3
    u_add (fp8_add_196)                   0.787    0.737 9.50e+05    1.525   0.1
    u_mul (fp8_mul_196)                   0.846    0.806 9.92e+05    1.654   0.1
      mult_25 (fp8_mul_196_DW02_mult_0_DW02_mult_195)
                                          0.413    0.376 5.07e+05    0.789   0.0
  ROW_3__COL_11__pe (pe_fp8_197)          3.003    5.590 2.96e+06    8.596   0.3
    u_add (fp8_add_197)                   0.789    0.737 9.50e+05    1.527   0.1
    u_mul (fp8_mul_197)                   0.834    0.797 9.92e+05    1.633   0.1
      mult_25 (fp8_mul_197_DW02_mult_0_DW02_mult_196)
                                          0.403    0.370 5.07e+05    0.773   0.0
  ROW_3__COL_10__pe (pe_fp8_198)          3.015    5.595 2.97e+06    8.613   0.3
    u_add (fp8_add_198)                   0.795    0.742 9.50e+05    1.538   0.1
    u_mul (fp8_mul_198)                   0.841    0.803 9.93e+05    1.645   0.1
      mult_25 (fp8_mul_198_DW02_mult_0_DW02_mult_197)
                                          0.407    0.372 5.07e+05    0.779   0.0
  ROW_3__COL_9__pe (pe_fp8_199)           2.996    5.578 2.97e+06    8.578   0.3
    u_add (fp8_add_199)                   0.780    0.732 9.50e+05    1.514   0.1
    u_mul (fp8_mul_199)                   0.840    0.800 9.93e+05    1.640   0.1
      mult_25 (fp8_mul_199_DW02_mult_0_DW02_mult_198)
                                          0.409    0.375 5.07e+05    0.785   0.0
  ROW_3__COL_8__pe (pe_fp8_200)           3.005    5.592 2.97e+06    8.601   0.3
    u_add (fp8_add_200)                   0.785    0.735 9.50e+05    1.521   0.1
    u_mul (fp8_mul_200)                   0.841    0.803 9.92e+05    1.645   0.1
      mult_25 (fp8_mul_200_DW02_mult_0_DW02_mult_199)
                                          0.407    0.375 5.07e+05    0.782   0.0
  ROW_3__COL_7__pe (pe_fp8_201)           2.982    5.568 2.96e+06    8.553   0.3
    u_add (fp8_add_201)                   0.771    0.725 9.50e+05    1.497   0.1
    u_mul (fp8_mul_201)                   0.835    0.798 9.92e+05    1.634   0.1
      mult_25 (fp8_mul_201_DW02_mult_0_DW02_mult_200)
                                          0.407    0.375 5.07e+05    0.783   0.0
  ROW_3__COL_6__pe (pe_fp8_202)           2.996    5.583 2.96e+06    8.581   0.3
    u_add (fp8_add_202)                   0.788    0.738 9.50e+05    1.527   0.1
    u_mul (fp8_mul_202)                   0.831    0.796 9.92e+05    1.628   0.1
      mult_25 (fp8_mul_202_DW02_mult_0_DW02_mult_201)
                                          0.397    0.366 5.06e+05    0.763   0.0
  ROW_3__COL_5__pe (pe_fp8_203)           3.016    5.602 2.96e+06    8.621   0.3
    u_add (fp8_add_203)                   0.796    0.741 9.50e+05    1.538   0.1
    u_mul (fp8_mul_203)                   0.841    0.804 9.92e+05    1.645   0.1
      mult_25 (fp8_mul_203_DW02_mult_0_DW02_mult_202)
                                          0.405    0.372 5.06e+05    0.778   0.0
  ROW_3__COL_4__pe (pe_fp8_204)           2.998    5.577 2.97e+06    8.578   0.3
    u_add (fp8_add_204)                   0.786    0.736 9.50e+05    1.523   0.1
    u_mul (fp8_mul_204)                   0.836    0.795 9.93e+05    1.633   0.1
      mult_25 (fp8_mul_204_DW02_mult_0_DW02_mult_203)
                                          0.402    0.368 5.07e+05    0.770   0.0
  ROW_3__COL_3__pe (pe_fp8_205)           3.011    5.595 2.97e+06    8.609   0.3
    u_add (fp8_add_205)                   0.789    0.738 9.50e+05    1.528   0.1
    u_mul (fp8_mul_205)                   0.843    0.806 9.92e+05    1.649   0.1
      mult_25 (fp8_mul_205_DW02_mult_0_DW02_mult_204)
                                          0.409    0.377 5.07e+05    0.787   0.0
  ROW_3__COL_2__pe (pe_fp8_206)           3.013    5.600 2.97e+06    8.616   0.3
    u_add (fp8_add_206)                   0.795    0.741 9.50e+05    1.536   0.1
    u_mul (fp8_mul_206)                   0.839    0.801 9.92e+05    1.641   0.1
      mult_25 (fp8_mul_206_DW02_mult_0_DW02_mult_205)
                                          0.403    0.370 5.07e+05    0.774   0.0
  ROW_3__COL_1__pe (pe_fp8_207)           3.142    5.728 2.97e+06    8.873   0.3
    u_add (fp8_add_207)                   0.919    0.843 9.55e+05    1.763   0.1
    u_mul (fp8_mul_207)                   0.841    0.805 9.92e+05    1.647   0.1
      mult_25 (fp8_mul_207_DW02_mult_0_DW02_mult_206)
                                          0.403    0.372 5.07e+05    0.775   0.0
  ROW_3__COL_0__pe (pe_fp8_208)           8.719   11.675 3.05e+06   20.398   0.8
    u_add (fp8_add_208)                   4.528    4.056 9.72e+05    8.586   0.3
    u_mul (fp8_mul_208)                   2.950    2.998 1.03e+06    5.949   0.2
      mult_25 (fp8_mul_208_DW02_mult_0_DW02_mult_207)
                                          0.816    0.917 5.32e+05    1.734   0.1
  ROW_2__COL_15__pe (pe_fp8_209)          2.676    5.459 2.96e+06    8.138   0.3
    u_add (fp8_add_209)                   0.802    0.747 9.51e+05    1.550   0.1
    u_mul (fp8_mul_209)                   0.828    0.794 9.92e+05    1.623   0.1
      mult_25 (fp8_mul_209_DW02_mult_0_DW02_mult_208)
                                          0.398    0.367 5.06e+05    0.765   0.0
  ROW_2__COL_14__pe (pe_fp8_210)          3.019    5.601 2.96e+06    8.623   0.3
    u_add (fp8_add_210)                   0.793    0.744 9.51e+05    1.538   0.1
    u_mul (fp8_mul_210)                   0.847    0.805 9.92e+05    1.653   0.1
      mult_25 (fp8_mul_210_DW02_mult_0_DW02_mult_209)
                                          0.408    0.372 5.06e+05    0.780   0.0
  ROW_2__COL_13__pe (pe_fp8_211)          3.016    5.606 2.97e+06    8.625   0.3
    u_add (fp8_add_211)                   0.792    0.739 9.50e+05    1.533   0.1
    u_mul (fp8_mul_211)                   0.839    0.803 9.92e+05    1.643   0.1
      mult_25 (fp8_mul_211_DW02_mult_0_DW02_mult_210)
                                          0.404    0.372 5.06e+05    0.777   0.0
  ROW_2__COL_12__pe (pe_fp8_212)          3.032    5.621 2.96e+06    8.656   0.3
    u_add (fp8_add_212)                   0.799    0.746 9.50e+05    1.546   0.1
    u_mul (fp8_mul_212)                   0.849    0.811 9.91e+05    1.662   0.1
      mult_25 (fp8_mul_212_DW02_mult_0_DW02_mult_211)
                                          0.410    0.377 5.06e+05    0.787   0.0
  ROW_2__COL_11__pe (pe_fp8_213)          3.009    5.594 2.97e+06    8.606   0.3
    u_add (fp8_add_213)                   0.795    0.743 9.51e+05    1.539   0.1
    u_mul (fp8_mul_213)                   0.834    0.797 9.92e+05    1.632   0.1
      mult_25 (fp8_mul_213_DW02_mult_0_DW02_mult_212)
                                          0.399    0.367 5.06e+05    0.766   0.0
  ROW_2__COL_10__pe (pe_fp8_214)          3.025    5.605 2.96e+06    8.633   0.3
    u_add (fp8_add_214)                   0.799    0.749 9.50e+05    1.549   0.1
    u_mul (fp8_mul_214)                   0.844    0.801 9.92e+05    1.646   0.1
      mult_25 (fp8_mul_214_DW02_mult_0_DW02_mult_213)
                                          0.409    0.373 5.06e+05    0.783   0.0
  ROW_2__COL_9__pe (pe_fp8_215)           3.013    5.593 2.97e+06    8.608   0.3
    u_add (fp8_add_215)                   0.795    0.741 9.51e+05    1.537   0.1
    u_mul (fp8_mul_215)                   0.839    0.800 9.92e+05    1.640   0.1
      mult_25 (fp8_mul_215_DW02_mult_0_DW02_mult_214)
                                          0.405    0.372 5.06e+05    0.778   0.0
  ROW_2__COL_8__pe (pe_fp8_216)           3.009    5.601 2.97e+06    8.613   0.3
    u_add (fp8_add_216)                   0.793    0.744 9.51e+05    1.538   0.1
    u_mul (fp8_mul_216)                   0.837    0.801 9.92e+05    1.639   0.1
      mult_25 (fp8_mul_216_DW02_mult_0_DW02_mult_215)
                                          0.403    0.370 5.06e+05    0.774   0.0
  ROW_2__COL_7__pe (pe_fp8_217)           3.016    5.595 2.96e+06    8.614   0.3
    u_add (fp8_add_217)                   0.793    0.743 9.50e+05    1.536   0.1
    u_mul (fp8_mul_217)                   0.846    0.804 9.92e+05    1.651   0.1
      mult_25 (fp8_mul_217_DW02_mult_0_DW02_mult_216)
                                          0.407    0.373 5.06e+05    0.780   0.0
  ROW_2__COL_6__pe (pe_fp8_218)           2.998    5.587 2.96e+06    8.587   0.3
    u_add (fp8_add_218)                   0.789    0.738 9.51e+05    1.529   0.1
    u_mul (fp8_mul_218)                   0.829    0.794 9.92e+05    1.624   0.1
      mult_25 (fp8_mul_218_DW02_mult_0_DW02_mult_217)
                                          0.396    0.365 5.06e+05    0.761   0.0
  ROW_2__COL_5__pe (pe_fp8_219)           3.018    5.599 2.96e+06    8.620   0.3
    u_add (fp8_add_219)                   0.796    0.744 9.51e+05    1.540   0.1
    u_mul (fp8_mul_219)                   0.843    0.802 9.91e+05    1.646   0.1
      mult_25 (fp8_mul_219_DW02_mult_0_DW02_mult_218)
                                          0.408    0.373 5.06e+05    0.782   0.0
  ROW_2__COL_4__pe (pe_fp8_220)           3.002    5.588 2.97e+06    8.593   0.3
    u_add (fp8_add_220)                   0.794    0.741 9.50e+05    1.536   0.1
    u_mul (fp8_mul_220)                   0.830    0.794 9.92e+05    1.625   0.1
      mult_25 (fp8_mul_220_DW02_mult_0_DW02_mult_219)
                                          0.394    0.364 5.06e+05    0.759   0.0
  ROW_2__COL_3__pe (pe_fp8_221)           3.020    5.609 2.97e+06    8.632   0.3
    u_add (fp8_add_221)                   0.796    0.745 9.50e+05    1.542   0.1
    u_mul (fp8_mul_221)                   0.843    0.805 9.92e+05    1.649   0.1
      mult_25 (fp8_mul_221_DW02_mult_0_DW02_mult_220)
                                          0.406    0.374 5.06e+05    0.780   0.0
  ROW_2__COL_2__pe (pe_fp8_222)           3.019    5.602 2.97e+06    8.624   0.3
    u_add (fp8_add_222)                   0.791    0.741 9.51e+05    1.533   0.1
    u_mul (fp8_mul_222)                   0.847    0.806 9.92e+05    1.654   0.1
      mult_25 (fp8_mul_222_DW02_mult_0_DW02_mult_221)
                                          0.406    0.371 5.06e+05    0.778   0.0
  ROW_2__COL_1__pe (pe_fp8_223)           3.124    5.716 2.97e+06    8.843   0.3
    u_add (fp8_add_223)                   0.909    0.835 9.55e+05    1.745   0.1
    u_mul (fp8_mul_223)                   0.832    0.797 9.92e+05    1.630   0.1
      mult_25 (fp8_mul_223_DW02_mult_0_DW02_mult_222)
                                          0.399    0.369 5.06e+05    0.768   0.0
  ROW_2__COL_0__pe (pe_fp8_224)           8.665   11.635 3.05e+06   20.303   0.8
    u_add (fp8_add_224)                   4.472    4.009 9.72e+05    8.482   0.3
    u_mul (fp8_mul_224)                   2.948    3.004 1.03e+06    5.953   0.2
      mult_25 (fp8_mul_224_DW02_mult_0_DW02_mult_223)
                                          0.823    0.927 5.32e+05    1.750   0.1
  ROW_1__COL_15__pe (pe_fp8_225)          2.748    5.543 2.97e+06    8.294   0.3
    u_add (fp8_add_225)                   0.885    0.815 9.55e+05    1.701   0.1
    u_mul (fp8_mul_225)                   0.817    0.785 9.91e+05    1.603   0.1
      mult_25 (fp8_mul_225_DW02_mult_0_DW02_mult_224)
                                          0.388    0.360 5.06e+05    0.749   0.0
  ROW_1__COL_14__pe (pe_fp8_226)          3.096    5.686 2.97e+06    8.785   0.3
    u_add (fp8_add_226)                   0.893    0.819 9.55e+05    1.713   0.1
    u_mul (fp8_mul_226)                   0.823    0.789 9.91e+05    1.614   0.1
      mult_25 (fp8_mul_226_DW02_mult_0_DW02_mult_225)
                                          0.393    0.361 5.06e+05    0.755   0.0
  ROW_1__COL_13__pe (pe_fp8_227)          3.122    5.710 2.97e+06    8.835   0.3
    u_add (fp8_add_227)                   0.915    0.832 9.56e+05    1.748   0.1
    u_mul (fp8_mul_227)                   0.824    0.791 9.92e+05    1.617   0.1
      mult_25 (fp8_mul_227_DW02_mult_0_DW02_mult_226)
                                          0.393    0.363 5.06e+05    0.756   0.0
  ROW_1__COL_12__pe (pe_fp8_228)          3.125    5.715 2.97e+06    8.843   0.3
    u_add (fp8_add_228)                   0.906    0.832 9.55e+05    1.739   0.1
    u_mul (fp8_mul_228)                   0.837    0.798 9.91e+05    1.636   0.1
      mult_25 (fp8_mul_228_DW02_mult_0_DW02_mult_227)
                                          0.397    0.365 5.06e+05    0.762   0.0
  ROW_1__COL_11__pe (pe_fp8_229)          3.105    5.694 2.97e+06    8.802   0.3
    u_add (fp8_add_229)                   0.905    0.826 9.56e+05    1.732   0.1
    u_mul (fp8_mul_229)                   0.818    0.787 9.92e+05    1.606   0.1
      mult_25 (fp8_mul_229_DW02_mult_0_DW02_mult_228)
                                          0.386    0.358 5.06e+05    0.745   0.0
  ROW_1__COL_10__pe (pe_fp8_230)          3.101    5.685 2.97e+06    8.789   0.3
    u_add (fp8_add_230)                   0.892    0.817 9.55e+05    1.711   0.1
    u_mul (fp8_mul_230)                   0.828    0.791 9.92e+05    1.619   0.1
      mult_25 (fp8_mul_230_DW02_mult_0_DW02_mult_229)
                                          0.395    0.364 5.06e+05    0.759   0.0
  ROW_1__COL_9__pe (pe_fp8_231)           3.108    5.697 2.97e+06    8.808   0.3
    u_add (fp8_add_231)                   0.898    0.827 9.55e+05    1.726   0.1
    u_mul (fp8_mul_231)                   0.831    0.793 9.92e+05    1.625   0.1
      mult_25 (fp8_mul_231_DW02_mult_0_DW02_mult_230)
                                          0.395    0.363 5.06e+05    0.758   0.0
  ROW_1__COL_8__pe (pe_fp8_232)           3.111    5.691 2.97e+06    8.805   0.3
    u_add (fp8_add_232)                   0.898    0.819 9.55e+05    1.717   0.1
    u_mul (fp8_mul_232)                   0.833    0.794 9.91e+05    1.628   0.1
      mult_25 (fp8_mul_232_DW02_mult_0_DW02_mult_231)
                                          0.397    0.363 5.06e+05    0.761   0.0
  ROW_1__COL_7__pe (pe_fp8_233)           3.110    5.691 2.97e+06    8.804   0.3
    u_add (fp8_add_233)                   0.906    0.828 9.55e+05    1.734   0.1
    u_mul (fp8_mul_233)                   0.826    0.790 9.92e+05    1.617   0.1
      mult_25 (fp8_mul_233_DW02_mult_0_DW02_mult_232)
                                          0.394    0.365 5.06e+05    0.759   0.0
  ROW_1__COL_6__pe (pe_fp8_234)           3.116    5.706 2.97e+06    8.825   0.3
    u_add (fp8_add_234)                   0.918    0.840 9.56e+05    1.759   0.1
    u_mul (fp8_mul_234)                   0.818    0.787 9.91e+05    1.606   0.1
      mult_25 (fp8_mul_234_DW02_mult_0_DW02_mult_233)
                                          0.386    0.357 5.06e+05    0.744   0.0
  ROW_1__COL_5__pe (pe_fp8_235)           3.098    5.688 2.97e+06    8.789   0.3
    u_add (fp8_add_235)                   0.898    0.824 9.55e+05    1.723   0.1
    u_mul (fp8_mul_235)                   0.820    0.785 9.92e+05    1.606   0.1
      mult_25 (fp8_mul_235_DW02_mult_0_DW02_mult_234)
                                          0.391    0.360 5.06e+05    0.752   0.0
  ROW_1__COL_4__pe (pe_fp8_236)           3.126    5.711 2.97e+06    8.840   0.3
    u_add (fp8_add_236)                   0.925    0.845 9.56e+05    1.771   0.1
    u_mul (fp8_mul_236)                   0.823    0.790 9.92e+05    1.614   0.1
      mult_25 (fp8_mul_236_DW02_mult_0_DW02_mult_235)
                                          0.388    0.359 5.06e+05    0.748   0.0
  ROW_1__COL_3__pe (pe_fp8_237)           3.128    5.713 2.97e+06    8.844   0.3
    u_add (fp8_add_237)                   0.913    0.835 9.56e+05    1.750   0.1
    u_mul (fp8_mul_237)                   0.835    0.799 9.92e+05    1.636   0.1
      mult_25 (fp8_mul_237_DW02_mult_0_DW02_mult_236)
                                          0.395    0.364 5.06e+05    0.759   0.0
  ROW_1__COL_2__pe (pe_fp8_238)           3.117    5.702 2.97e+06    8.822   0.3
    u_add (fp8_add_238)                   0.911    0.835 9.56e+05    1.746   0.1
    u_mul (fp8_mul_238)                   0.825    0.789 9.92e+05    1.615   0.1
      mult_25 (fp8_mul_238_DW02_mult_0_DW02_mult_237)
                                          0.392    0.362 5.06e+05    0.755   0.0
  ROW_1__COL_1__pe (pe_fp8_239)           3.092    5.684 2.97e+06    8.779   0.3
    u_add (fp8_add_239)                   0.888    0.816 9.55e+05    1.705   0.1
    u_mul (fp8_mul_239)                   0.825    0.788 9.92e+05    1.614   0.1
      mult_25 (fp8_mul_239_DW02_mult_0_DW02_mult_238)
                                          0.391    0.360 5.06e+05    0.751   0.0
  ROW_1__COL_0__pe (pe_fp8_240)           9.953   12.817 3.06e+06   22.773   0.9
    u_add (fp8_add_240)                   4.951    4.433 9.71e+05    9.385   0.4
    u_mul (fp8_mul_240)                   3.760    3.651 1.04e+06    7.412   0.3
      mult_25 (fp8_mul_240_DW02_mult_0_DW02_mult_239)
                                          1.258    1.308 5.36e+05    2.567   0.1
  ROW_0__COL_15__pe (pe_fp8_241)          8.293   11.281 3.04e+06   19.577   0.8
    u_add (fp8_add_241)                   4.502    4.033 9.71e+05    8.536   0.3
    u_mul (fp8_mul_241)                   2.745    2.716 1.03e+06    5.462   0.2
      mult_25 (fp8_mul_241_DW02_mult_0_DW02_mult_240)
                                          0.662    0.720 5.26e+05    1.383   0.1
  ROW_0__COL_14__pe (pe_fp8_242)          8.513   11.413 3.04e+06   19.929   0.8
    u_add (fp8_add_242)                   4.531    4.078 9.72e+05    8.609   0.3
    u_mul (fp8_mul_242)                   2.757    2.721 1.03e+06    5.479   0.2
      mult_25 (fp8_mul_242_DW02_mult_0_DW02_mult_241)
                                          0.652    0.709 5.26e+05    1.361   0.1
  ROW_0__COL_13__pe (pe_fp8_243)          8.501   11.393 3.04e+06   19.896   0.8
    u_add (fp8_add_243)                   4.529    4.056 9.71e+05    8.586   0.3
    u_mul (fp8_mul_243)                   2.744    2.718 1.02e+06    5.463   0.2
      mult_25 (fp8_mul_243_DW02_mult_0_DW02_mult_242)
                                          0.657    0.713 5.27e+05    1.371   0.1
  ROW_0__COL_12__pe (pe_fp8_244)          8.348   11.272 3.04e+06   19.622   0.8
    u_add (fp8_add_244)                   4.416    3.973 9.71e+05    8.390   0.3
    u_mul (fp8_mul_244)                   2.703    2.681 1.02e+06    5.385   0.2
      mult_25 (fp8_mul_244_DW02_mult_0_DW02_mult_243)
                                          0.654    0.712 5.27e+05    1.367   0.1
  ROW_0__COL_11__pe (pe_fp8_245)          8.450   11.348 3.04e+06   19.801   0.8
    u_add (fp8_add_245)                   4.484    4.025 9.72e+05    8.510   0.3
    u_mul (fp8_mul_245)                   2.739    2.708 1.02e+06    5.448   0.2
      mult_25 (fp8_mul_245_DW02_mult_0_DW02_mult_244)
                                          0.667    0.723 5.26e+05    1.390   0.1
  ROW_0__COL_10__pe (pe_fp8_246)          8.451   11.363 3.04e+06   19.818   0.8
    u_add (fp8_add_246)                   4.489    4.046 9.72e+05    8.537   0.3
    u_mul (fp8_mul_246)                   2.734    2.707 1.03e+06    5.442   0.2
      mult_25 (fp8_mul_246_DW02_mult_0_DW02_mult_245)
                                          0.660    0.716 5.26e+05    1.377   0.1
  ROW_0__COL_9__pe (pe_fp8_247)           8.415   11.320 3.04e+06   19.738   0.8
    u_add (fp8_add_247)                   4.464    4.012 9.72e+05    8.478   0.3
    u_mul (fp8_mul_247)                   2.726    2.702 1.02e+06    5.428   0.2
      mult_25 (fp8_mul_247_DW02_mult_0_DW02_mult_246)
                                          0.661    0.716 5.26e+05    1.378   0.1
  ROW_0__COL_8__pe (pe_fp8_248)           8.345   11.259 3.04e+06   19.607   0.8
    u_add (fp8_add_248)                   4.417    3.965 9.72e+05    8.382   0.3
    u_mul (fp8_mul_248)                   2.701    2.685 1.02e+06    5.387   0.2
      mult_25 (fp8_mul_248_DW02_mult_0_DW02_mult_247)
                                          0.653    0.714 5.26e+05    1.367   0.1
  ROW_0__COL_7__pe (pe_fp8_249)           8.416   11.320 3.04e+06   19.739   0.8
    u_add (fp8_add_249)                   4.473    4.021 9.71e+05    8.494   0.3
    u_mul (fp8_mul_249)                   2.723    2.701 1.02e+06    5.425   0.2
      mult_25 (fp8_mul_249_DW02_mult_0_DW02_mult_248)
                                          0.663    0.721 5.27e+05    1.385   0.1
  ROW_0__COL_6__pe (pe_fp8_250)           8.529   11.413 3.04e+06   19.945   0.8
    u_add (fp8_add_250)                   4.573    4.100 9.72e+05    8.674   0.3
    u_mul (fp8_mul_250)                   2.732    2.698 1.02e+06    5.431   0.2
      mult_25 (fp8_mul_250_DW02_mult_0_DW02_mult_249)
                                          0.647    0.704 5.27e+05    1.352   0.1
  ROW_0__COL_5__pe (pe_fp8_251)           8.436   11.338 3.04e+06   19.777   0.8
    u_add (fp8_add_251)                   4.481    4.021 9.71e+05    8.503   0.3
    u_mul (fp8_mul_251)                   2.727    2.704 1.03e+06    5.432   0.2
      mult_25 (fp8_mul_251_DW02_mult_0_DW02_mult_250)
                                          0.662    0.721 5.27e+05    1.384   0.1
  ROW_0__COL_4__pe (pe_fp8_252)           8.500   11.395 3.04e+06   19.898   0.8
    u_add (fp8_add_252)                   4.532    4.068 9.72e+05    8.602   0.3
    u_mul (fp8_mul_252)                   2.742    2.713 1.02e+06    5.456   0.2
      mult_25 (fp8_mul_252_DW02_mult_0_DW02_mult_251)
                                          0.646    0.705 5.26e+05    1.352   0.1
  ROW_0__COL_3__pe (pe_fp8_253)           8.610   11.488 3.04e+06   20.100   0.8
    u_add (fp8_add_253)                   4.591    4.117 9.71e+05    8.709   0.3
    u_mul (fp8_mul_253)                   2.791    2.752 1.02e+06    5.544   0.2
      mult_25 (fp8_mul_253_DW02_mult_0_DW02_mult_252)
                                          0.661    0.715 5.26e+05    1.376   0.1
  ROW_0__COL_2__pe (pe_fp8_254)           8.411   11.315 3.04e+06   19.728   0.8
    u_add (fp8_add_254)                   4.459    4.007 9.72e+05    8.467   0.3
    u_mul (fp8_mul_254)                   2.726    2.697 1.02e+06    5.424   0.2
      mult_25 (fp8_mul_254_DW02_mult_0_DW02_mult_253)
                                          0.656    0.712 5.26e+05    1.368   0.1
  ROW_0__COL_1__pe (pe_fp8_255)           9.789   12.609 3.05e+06   22.401   0.9
    u_add (fp8_add_255)                   4.978    4.471 9.71e+05    9.450   0.4
    u_mul (fp8_mul_255)                   3.585    3.408 1.03e+06    6.994   0.3
      mult_25 (fp8_mul_255_DW02_mult_0_DW02_mult_254)
                                          1.103    1.116 5.32e+05    2.220   0.1
  ROW_0__COL_0__pe (pe_fp8_0)            19.321   21.734 3.12e+06   41.058   1.6
    u_add (fp8_add_0)                     9.060    8.129 9.71e+05   17.190   0.7
    u_mul (fp8_mul_0)                     8.876    7.918 1.07e+06   16.796   0.7
      mult_25 (fp8_mul_0_DW02_mult_0_DW02_mult_255)
                                          3.873    3.715 5.63e+05    7.588   0.3
1
