Loading db file '/users/ugrad/yuhuah2/int8/systolic_array/hw_synthesis/lib/NanGate_15nm_OCL.db'
Information: Propagating switching activity (low effort zero delay simulation). (PWR-6)
Warning: There is no defined clock in the design. (PWR-80)
Warning: Design has unannotated primary inputs. (PWR-414)
Warning: Design has unannotated sequential cell outputs. (PWR-415)
 
****************************************
Report : power
        -hier
        -analysis_effort low
Design : systolic_int8
Version: S-2021.06
Date   : Sun Jul 13 19:54:01 2025
****************************************


Library(s) Used:

    NanGate_15nm_OCL (File: /users/ugrad/yuhuah2/int8/systolic_array/hw_synthesis/lib/NanGate_15nm_OCL.db)


Operating Conditions: typical   Library: NanGate_15nm_OCL
Wire Load Model Mode: top


Global Operating Voltage = 0.8  
Power-specific unit information :
    Voltage Units = 1V
    Capacitance Units = 1.000000ff
    Time Units = 1ps
    Dynamic Power Units = 1mW    (derived from V,C,T units)
    Leakage Power Units = 1pW


--------------------------------------------------------------------------------
                                       Switch   Int      Leak     Total
Hierarchy                              Power    Power    Power    Power    %
--------------------------------------------------------------------------------
systolic_int8                          1.49e+03 2.61e+03 1.38e+09 4.11e+03 100.0
  ROW_15__COL_15__pe (pe_int8_1)          4.886    9.648 5.36e+06   14.540   0.4
    mult_17 (pe_int8_1_DW02_mult_0)       2.957    2.034 2.53e+06    4.994   0.1
    add_26 (pe_int8_1_DW01_add_0)         0.198    0.645 8.60e+05    0.844   0.0
  ROW_15__COL_14__pe (pe_int8_2)          4.991    9.650 5.36e+06   14.646   0.4
    mult_17 (pe_int8_2_DW02_mult_0_DW02_mult_1)
                                          2.909    2.017 2.53e+06    4.928   0.1
    add_26 (pe_int8_2_DW01_add_0_DW01_add_2)
                                          0.191    0.603 8.60e+05    0.795   0.0
  ROW_15__COL_13__pe (pe_int8_3)          5.016    9.702 5.36e+06   14.724   0.4
    mult_17 (pe_int8_3_DW02_mult_0_DW02_mult_2)
                                          2.927    2.018 2.53e+06    4.947   0.1
    add_26 (pe_int8_3_DW01_add_0_DW01_add_4)
                                          0.199    0.637 8.60e+05    0.837   0.0
  ROW_15__COL_12__pe (pe_int8_4)          4.996    9.630 5.36e+06   14.631   0.4
    mult_17 (pe_int8_4_DW02_mult_0_DW02_mult_3)
                                          2.914    2.014 2.53e+06    4.931   0.1
    add_26 (pe_int8_4_DW01_add_0_DW01_add_6)
                                          0.191    0.604 8.60e+05    0.796   0.0
  ROW_15__COL_11__pe (pe_int8_5)          5.013    9.722 5.36e+06   14.740   0.4
    mult_17 (pe_int8_5_DW02_mult_0_DW02_mult_4)
                                          2.920    2.012 2.53e+06    4.935   0.1
    add_26 (pe_int8_5_DW01_add_0_DW01_add_8)
                                          0.201    0.645 8.60e+05    0.846   0.0
  ROW_15__COL_10__pe (pe_int8_6)          4.997    9.648 5.36e+06   14.650   0.4
    mult_17 (pe_int8_6_DW02_mult_0_DW02_mult_5)
                                          2.906    2.008 2.53e+06    4.917   0.1
    add_26 (pe_int8_6_DW01_add_0_DW01_add_10)
                                          0.199    0.627 8.60e+05    0.827   0.0
  ROW_15__COL_9__pe (pe_int8_7)           5.032    9.701 5.36e+06   14.738   0.4
    mult_17 (pe_int8_7_DW02_mult_0_DW02_mult_6)
                                          2.948    2.039 2.53e+06    4.989   0.1
    add_26 (pe_int8_7_DW01_add_0_DW01_add_12)
                                          0.193    0.626 8.60e+05    0.820   0.0
  ROW_15__COL_8__pe (pe_int8_8)           5.007    9.673 5.36e+06   14.685   0.4
    mult_17 (pe_int8_8_DW02_mult_0_DW02_mult_7)
                                          2.924    2.018 2.53e+06    4.944   0.1
    add_26 (pe_int8_8_DW01_add_0_DW01_add_14)
                                          0.192    0.624 8.60e+05    0.817   0.0
  ROW_15__COL_7__pe (pe_int8_9)           4.977    9.619 5.36e+06   14.601   0.4
    mult_17 (pe_int8_9_DW02_mult_0_DW02_mult_8)
                                          2.892    2.000 2.53e+06    4.894   0.1
    add_26 (pe_int8_9_DW01_add_0_DW01_add_16)
                                          0.194    0.616 8.60e+05    0.811   0.0
  ROW_15__COL_6__pe (pe_int8_10)          4.997    9.673 5.36e+06   14.675   0.4
    mult_17 (pe_int8_10_DW02_mult_0_DW02_mult_9)
                                          2.909    2.007 2.53e+06    4.919   0.1
    add_26 (pe_int8_10_DW01_add_0_DW01_add_18)
                                          0.196    0.630 8.60e+05    0.826   0.0
  ROW_15__COL_5__pe (pe_int8_11)          5.006    9.692 5.36e+06   14.703   0.4
    mult_17 (pe_int8_11_DW02_mult_0_DW02_mult_10)
                                          2.918    2.014 2.53e+06    4.935   0.1
    add_26 (pe_int8_11_DW01_add_0_DW01_add_20)
                                          0.197    0.637 8.60e+05    0.835   0.0
  ROW_15__COL_4__pe (pe_int8_12)          5.028    9.679 5.36e+06   14.712   0.4
    mult_17 (pe_int8_12_DW02_mult_0_DW02_mult_11)
                                          2.942    2.027 2.53e+06    4.972   0.1
    add_26 (pe_int8_12_DW01_add_0_DW01_add_22)
                                          0.195    0.624 8.60e+05    0.820   0.0
  ROW_15__COL_3__pe (pe_int8_13)          4.993    9.656 5.36e+06   14.654   0.4
    mult_17 (pe_int8_13_DW02_mult_0_DW02_mult_12)
                                          2.904    2.004 2.53e+06    4.911   0.1
    add_26 (pe_int8_13_DW01_add_0_DW01_add_24)
                                          0.198    0.630 8.60e+05    0.829   0.0
  ROW_15__COL_2__pe (pe_int8_14)          4.991    9.641 5.36e+06   14.637   0.4
    mult_17 (pe_int8_14_DW02_mult_0_DW02_mult_13)
                                          2.905    2.007 2.53e+06    4.915   0.1
    add_26 (pe_int8_14_DW01_add_0_DW01_add_26)
                                          0.195    0.616 8.61e+05    0.811   0.0
  ROW_15__COL_1__pe (pe_int8_15)          4.967    9.629 5.36e+06   14.601   0.4
    mult_17 (pe_int8_15_DW02_mult_0_DW02_mult_14)
                                          2.923    2.020 2.53e+06    4.946   0.1
    add_26 (pe_int8_15_DW01_add_0_DW01_add_28)
                                          0.152    0.573 8.58e+05    0.726   0.0
  ROW_15__COL_0__pe (pe_int8_16)          8.437   11.470 5.49e+06   19.912   0.5
    mult_17 (pe_int8_16_DW02_mult_0_DW02_mult_15)
                                          6.481    4.444 2.68e+06   10.928   0.3
    add_26 (pe_int8_16_DW01_add_0_DW01_add_30)
                                       6.48e-02    0.246 8.50e+05    0.311   0.0
  ROW_14__COL_15__pe (pe_int8_17)         5.048    9.741 5.36e+06   14.794   0.4
    mult_17 (pe_int8_17_DW02_mult_0_DW02_mult_16)
                                          2.959    2.046 2.53e+06    5.008   0.1
    add_26 (pe_int8_17_DW01_add_0_DW01_add_32)
                                          0.193    0.632 8.60e+05    0.826   0.0
  ROW_14__COL_14__pe (pe_int8_18)         5.243    9.790 5.36e+06   15.038   0.4
    mult_17 (pe_int8_18_DW02_mult_0_DW02_mult_17)
                                          2.912    2.014 2.53e+06    4.929   0.1
    add_26 (pe_int8_18_DW01_add_0_DW01_add_34)
                                          0.193    0.621 8.60e+05    0.814   0.0
  ROW_14__COL_13__pe (pe_int8_19)         5.215    9.719 5.35e+06   14.940   0.4
    mult_17 (pe_int8_19_DW02_mult_0_DW02_mult_18)
                                          2.897    2.003 2.53e+06    4.903   0.1
    add_26 (pe_int8_19_DW01_add_0_DW01_add_36)
                                          0.185    0.594 8.59e+05    0.780   0.0
  ROW_14__COL_12__pe (pe_int8_20)         5.299    9.853 5.36e+06   15.157   0.4
    mult_17 (pe_int8_20_DW02_mult_0_DW02_mult_19)
                                          2.961    2.044 2.53e+06    5.007   0.1
    add_26 (pe_int8_20_DW01_add_0_DW01_add_38)
                                          0.200    0.645 8.61e+05    0.846   0.0
  ROW_14__COL_11__pe (pe_int8_21)         5.237    9.779 5.36e+06   15.022   0.4
    mult_17 (pe_int8_21_DW02_mult_0_DW02_mult_20)
                                          2.904    2.006 2.53e+06    4.913   0.1
    add_26 (pe_int8_21_DW01_add_0_DW01_add_40)
                                          0.197    0.627 8.60e+05    0.824   0.0
  ROW_14__COL_10__pe (pe_int8_22)         5.251    9.817 5.36e+06   15.073   0.4
    mult_17 (pe_int8_22_DW02_mult_0_DW02_mult_21)
                                          2.916    2.011 2.53e+06    4.930   0.1
    add_26 (pe_int8_22_DW01_add_0_DW01_add_42)
                                          0.192    0.631 8.60e+05    0.823   0.0
  ROW_14__COL_9__pe (pe_int8_23)          5.254    9.797 5.36e+06   15.056   0.4
    mult_17 (pe_int8_23_DW02_mult_0_DW02_mult_22)
                                          2.918    2.020 2.53e+06    4.940   0.1
    add_26 (pe_int8_23_DW01_add_0_DW01_add_44)
                                          0.194    0.619 8.60e+05    0.814   0.0
  ROW_14__COL_8__pe (pe_int8_24)          5.266    9.796 5.36e+06   15.067   0.4
    mult_17 (pe_int8_24_DW02_mult_0_DW02_mult_23)
                                          2.933    2.023 2.53e+06    4.958   0.1
    add_26 (pe_int8_24_DW01_add_0_DW01_add_46)
                                          0.203    0.643 8.60e+05    0.847   0.0
  ROW_14__COL_7__pe (pe_int8_25)          5.177    9.711 5.36e+06   14.893   0.4
    mult_17 (pe_int8_25_DW02_mult_0_DW02_mult_24)
                                          2.854    1.979 2.53e+06    4.835   0.1
    add_26 (pe_int8_25_DW01_add_0_DW01_add_48)
                                          0.192    0.605 8.60e+05    0.797   0.0
  ROW_14__COL_6__pe (pe_int8_26)          5.216    9.756 5.36e+06   14.977   0.4
    mult_17 (pe_int8_26_DW02_mult_0_DW02_mult_25)
                                          2.887    1.989 2.53e+06    4.878   0.1
    add_26 (pe_int8_26_DW01_add_0_DW01_add_50)
                                          0.191    0.617 8.60e+05    0.808   0.0
  ROW_14__COL_5__pe (pe_int8_27)          5.239    9.777 5.36e+06   15.021   0.4
    mult_17 (pe_int8_27_DW02_mult_0_DW02_mult_26)
                                          2.911    2.008 2.53e+06    4.921   0.1
    add_26 (pe_int8_27_DW01_add_0_DW01_add_52)
                                          0.195    0.628 8.60e+05    0.824   0.0
  ROW_14__COL_4__pe (pe_int8_28)          5.249    9.764 5.36e+06   15.019   0.4
    mult_17 (pe_int8_28_DW02_mult_0_DW02_mult_27)
                                          2.923    2.024 2.53e+06    4.950   0.1
    add_26 (pe_int8_28_DW01_add_0_DW01_add_54)
                                          0.188    0.601 8.60e+05    0.790   0.0
  ROW_14__COL_3__pe (pe_int8_29)          5.180    9.687 5.35e+06   14.873   0.4
    mult_17 (pe_int8_29_DW02_mult_0_DW02_mult_28)
                                          2.862    1.987 2.53e+06    4.851   0.1
    add_26 (pe_int8_29_DW01_add_0_DW01_add_56)
                                          0.187    0.587 8.59e+05    0.774   0.0
  ROW_14__COL_2__pe (pe_int8_30)          5.209    9.747 5.36e+06   14.962   0.4
    mult_17 (pe_int8_30_DW02_mult_0_DW02_mult_29)
                                          2.886    1.998 2.53e+06    4.886   0.1
    add_26 (pe_int8_30_DW01_add_0_DW01_add_58)
                                          0.186    0.607 8.60e+05    0.794   0.0
  ROW_14__COL_1__pe (pe_int8_31)          5.179    9.696 5.35e+06   14.880   0.4
    mult_17 (pe_int8_31_DW02_mult_0_DW02_mult_30)
                                          2.894    2.000 2.53e+06    4.896   0.1
    add_26 (pe_int8_31_DW01_add_0_DW01_add_60)
                                          0.151    0.561 8.57e+05    0.712   0.0
  ROW_14__COL_0__pe (pe_int8_32)          8.436   11.456 5.48e+06   19.898   0.5
    mult_17 (pe_int8_32_DW02_mult_0_DW02_mult_31)
                                          6.422    4.389 2.68e+06   10.814   0.3
    add_26 (pe_int8_32_DW01_add_0_DW01_add_62)
                                       6.65e-02    0.254 8.50e+05    0.321   0.0
  ROW_13__COL_15__pe (pe_int8_33)         5.076    9.715 5.36e+06   14.796   0.4
    mult_17 (pe_int8_33_DW02_mult_0_DW02_mult_32)
                                          2.985    2.068 2.53e+06    5.056   0.1
    add_26 (pe_int8_33_DW01_add_0_DW01_add_64)
                                          0.195    0.616 8.61e+05    0.812   0.0
  ROW_13__COL_14__pe (pe_int8_34)         5.291    9.816 5.36e+06   15.112   0.4
    mult_17 (pe_int8_34_DW02_mult_0_DW02_mult_33)
                                          2.958    2.046 2.53e+06    5.007   0.1
    add_26 (pe_int8_34_DW01_add_0_DW01_add_66)
                                          0.193    0.621 8.60e+05    0.815   0.0
  ROW_13__COL_13__pe (pe_int8_35)         5.302    9.836 5.36e+06   15.143   0.4
    mult_17 (pe_int8_35_DW02_mult_0_DW02_mult_34)
                                          2.961    2.046 2.53e+06    5.010   0.1
    add_26 (pe_int8_35_DW01_add_0_DW01_add_68)
                                          0.196    0.623 8.60e+05    0.820   0.0
  ROW_13__COL_12__pe (pe_int8_36)         5.309    9.810 5.36e+06   15.125   0.4
    mult_17 (pe_int8_36_DW02_mult_0_DW02_mult_35)
                                          2.975    2.057 2.53e+06    5.035   0.1
    add_26 (pe_int8_36_DW01_add_0_DW01_add_70)
                                          0.195    0.617 8.60e+05    0.812   0.0
  ROW_13__COL_11__pe (pe_int8_37)         5.293    9.827 5.36e+06   15.125   0.4
    mult_17 (pe_int8_37_DW02_mult_0_DW02_mult_36)
                                          2.960    2.043 2.53e+06    5.006   0.1
    add_26 (pe_int8_37_DW01_add_0_DW01_add_72)
                                          0.189    0.617 8.60e+05    0.806   0.0
  ROW_13__COL_10__pe (pe_int8_38)         5.311    9.859 5.36e+06   15.174   0.4
    mult_17 (pe_int8_38_DW02_mult_0_DW02_mult_37)
                                          2.969    2.047 2.53e+06    5.018   0.1
    add_26 (pe_int8_38_DW01_add_0_DW01_add_74)
                                          0.195    0.633 8.60e+05    0.828   0.0
  ROW_13__COL_9__pe (pe_int8_39)          5.316    9.842 5.36e+06   15.163   0.4
    mult_17 (pe_int8_39_DW02_mult_0_DW02_mult_38)
                                          2.980    2.055 2.53e+06    5.037   0.1
    add_26 (pe_int8_39_DW01_add_0_DW01_add_76)
                                          0.195    0.625 8.61e+05    0.821   0.0
  ROW_13__COL_8__pe (pe_int8_40)          5.307    9.852 5.36e+06   15.165   0.4
    mult_17 (pe_int8_40_DW02_mult_0_DW02_mult_39)
                                          2.965    2.045 2.53e+06    5.012   0.1
    add_26 (pe_int8_40_DW01_add_0_DW01_add_78)
                                          0.198    0.636 8.61e+05    0.834   0.0
  ROW_13__COL_7__pe (pe_int8_41)          5.271    9.844 5.36e+06   15.119   0.4
    mult_17 (pe_int8_41_DW02_mult_0_DW02_mult_40)
                                          2.929    2.024 2.53e+06    4.956   0.1
    add_26 (pe_int8_41_DW01_add_0_DW01_add_80)
                                          0.197    0.638 8.61e+05    0.836   0.0
  ROW_13__COL_6__pe (pe_int8_42)          5.294    9.845 5.36e+06   15.145   0.4
    mult_17 (pe_int8_42_DW02_mult_0_DW02_mult_41)
                                          2.955    2.035 2.53e+06    4.993   0.1
    add_26 (pe_int8_42_DW01_add_0_DW01_add_82)
                                          0.193    0.633 8.60e+05    0.827   0.0
  ROW_13__COL_5__pe (pe_int8_43)          5.301    9.856 5.36e+06   15.162   0.4
    mult_17 (pe_int8_43_DW02_mult_0_DW02_mult_42)
                                          2.961    2.040 2.53e+06    5.003   0.1
    add_26 (pe_int8_43_DW01_add_0_DW01_add_84)
                                          0.201    0.647 8.61e+05    0.849   0.0
  ROW_13__COL_4__pe (pe_int8_44)          5.350    9.905 5.36e+06   15.260   0.4
    mult_17 (pe_int8_44_DW02_mult_0_DW02_mult_43)
                                          3.004    2.064 2.53e+06    5.070   0.1
    add_26 (pe_int8_44_DW01_add_0_DW01_add_86)
                                          0.200    0.652 8.60e+05    0.854   0.0
  ROW_13__COL_3__pe (pe_int8_45)          5.284    9.831 5.36e+06   15.121   0.4
    mult_17 (pe_int8_45_DW02_mult_0_DW02_mult_44)
                                          2.952    2.035 2.53e+06    4.989   0.1
    add_26 (pe_int8_45_DW01_add_0_DW01_add_88)
                                          0.196    0.641 8.60e+05    0.837   0.0
  ROW_13__COL_2__pe (pe_int8_46)          5.292    9.843 5.36e+06   15.140   0.4
    mult_17 (pe_int8_46_DW02_mult_0_DW02_mult_45)
                                          2.949    2.034 2.53e+06    4.985   0.1
    add_26 (pe_int8_46_DW01_add_0_DW01_add_90)
                                          0.198    0.635 8.60e+05    0.834   0.0
  ROW_13__COL_1__pe (pe_int8_47)          5.254    9.753 5.36e+06   15.012   0.4
    mult_17 (pe_int8_47_DW02_mult_0_DW02_mult_46)
                                          2.966    2.044 2.53e+06    5.013   0.1
    add_26 (pe_int8_47_DW01_add_0_DW01_add_92)
                                          0.156    0.580 8.57e+05    0.737   0.0
  ROW_13__COL_0__pe (pe_int8_48)          8.434   11.448 5.49e+06   19.887   0.5
    mult_17 (pe_int8_48_DW02_mult_0_DW02_mult_47)
                                          6.419    4.387 2.68e+06   10.809   0.3
    add_26 (pe_int8_48_DW01_add_0_DW01_add_94)
                                       6.51e-02    0.248 8.50e+05    0.314   0.0
  ROW_12__COL_15__pe (pe_int8_49)         5.086    9.765 5.36e+06   14.856   0.4
    mult_17 (pe_int8_49_DW02_mult_0_DW02_mult_48)
                                          2.993    2.068 2.53e+06    5.063   0.1
    add_26 (pe_int8_49_DW01_add_0_DW01_add_96)
                                          0.197    0.630 8.61e+05    0.828   0.0
  ROW_12__COL_14__pe (pe_int8_50)         5.357    9.915 5.36e+06   15.278   0.4
    mult_17 (pe_int8_50_DW02_mult_0_DW02_mult_49)
                                          3.012    2.087 2.53e+06    5.101   0.1
    add_26 (pe_int8_50_DW01_add_0_DW01_add_98)
                                          0.195    0.636 8.61e+05    0.832   0.0
  ROW_12__COL_13__pe (pe_int8_51)         5.307    9.824 5.36e+06   15.136   0.4
    mult_17 (pe_int8_51_DW02_mult_0_DW02_mult_50)
                                          2.972    2.049 2.53e+06    5.024   0.1
    add_26 (pe_int8_51_DW01_add_0_DW01_add_100)
                                          0.190    0.614 8.60e+05    0.805   0.0
  ROW_12__COL_12__pe (pe_int8_52)         5.352    9.884 5.36e+06   15.241   0.4
    mult_17 (pe_int8_52_DW02_mult_0_DW02_mult_51)
                                          3.004    2.077 2.53e+06    5.083   0.1
    add_26 (pe_int8_52_DW01_add_0_DW01_add_102)
                                          0.201    0.635 8.60e+05    0.837   0.0
  ROW_12__COL_11__pe (pe_int8_53)         5.290    9.795 5.36e+06   15.091   0.4
    mult_17 (pe_int8_53_DW02_mult_0_DW02_mult_52)
                                          2.960    2.045 2.53e+06    5.007   0.1
    add_26 (pe_int8_53_DW01_add_0_DW01_add_104)
                                          0.191    0.609 8.60e+05    0.800   0.0
  ROW_12__COL_10__pe (pe_int8_54)         5.283    9.804 5.36e+06   15.092   0.4
    mult_17 (pe_int8_54_DW02_mult_0_DW02_mult_53)
                                          2.945    2.037 2.53e+06    4.985   0.1
    add_26 (pe_int8_54_DW01_add_0_DW01_add_106)
                                          0.194    0.609 8.60e+05    0.803   0.0
  ROW_12__COL_9__pe (pe_int8_55)          5.325    9.854 5.36e+06   15.185   0.4
    mult_17 (pe_int8_55_DW02_mult_0_DW02_mult_54)
                                          2.988    2.066 2.53e+06    5.056   0.1
    add_26 (pe_int8_55_DW01_add_0_DW01_add_108)
                                          0.193    0.625 8.60e+05    0.819   0.0
  ROW_12__COL_8__pe (pe_int8_56)          5.335    9.861 5.36e+06   15.202   0.4
    mult_17 (pe_int8_56_DW02_mult_0_DW02_mult_55)
                                          2.996    2.060 2.53e+06    5.058   0.1
    add_26 (pe_int8_56_DW01_add_0_DW01_add_110)
                                          0.196    0.634 8.60e+05    0.832   0.0
  ROW_12__COL_7__pe (pe_int8_57)          5.254    9.786 5.36e+06   15.045   0.4
    mult_17 (pe_int8_57_DW02_mult_0_DW02_mult_56)
                                          2.918    2.012 2.53e+06    4.932   0.1
    add_26 (pe_int8_57_DW01_add_0_DW01_add_112)
                                          0.193    0.616 8.60e+05    0.810   0.0
  ROW_12__COL_6__pe (pe_int8_58)          5.314    9.849 5.36e+06   15.169   0.4
    mult_17 (pe_int8_58_DW02_mult_0_DW02_mult_57)
                                          2.975    2.050 2.53e+06    5.027   0.1
    add_26 (pe_int8_58_DW01_add_0_DW01_add_114)
                                          0.194    0.632 8.61e+05    0.827   0.0
  ROW_12__COL_5__pe (pe_int8_59)          5.300    9.826 5.36e+06   15.132   0.4
    mult_17 (pe_int8_59_DW02_mult_0_DW02_mult_58)
                                          2.963    2.047 2.53e+06    5.012   0.1
    add_26 (pe_int8_59_DW01_add_0_DW01_add_116)
                                          0.196    0.623 8.60e+05    0.820   0.0
  ROW_12__COL_4__pe (pe_int8_60)          5.361    9.892 5.36e+06   15.258   0.4
    mult_17 (pe_int8_60_DW02_mult_0_DW02_mult_59)
                                          3.016    2.074 2.53e+06    5.092   0.1
    add_26 (pe_int8_60_DW01_add_0_DW01_add_118)
                                          0.197    0.636 8.60e+05    0.834   0.0
  ROW_12__COL_3__pe (pe_int8_61)          5.306    9.848 5.36e+06   15.160   0.4
    mult_17 (pe_int8_61_DW02_mult_0_DW02_mult_60)
                                          2.965    2.045 2.53e+06    5.013   0.1
    add_26 (pe_int8_61_DW01_add_0_DW01_add_120)
                                          0.197    0.631 8.60e+05    0.828   0.0
  ROW_12__COL_2__pe (pe_int8_62)          5.290    9.798 5.36e+06   15.093   0.4
    mult_17 (pe_int8_62_DW02_mult_0_DW02_mult_61)
                                          2.956    2.046 2.53e+06    5.004   0.1
    add_26 (pe_int8_62_DW01_add_0_DW01_add_122)
                                          0.192    0.607 8.60e+05    0.800   0.0
  ROW_12__COL_1__pe (pe_int8_63)          5.278    9.801 5.36e+06   15.085   0.4
    mult_17 (pe_int8_63_DW02_mult_0_DW02_mult_62)
                                          2.978    2.060 2.53e+06    5.041   0.1
    add_26 (pe_int8_63_DW01_add_0_DW01_add_124)
                                          0.156    0.574 8.58e+05    0.732   0.0
  ROW_12__COL_0__pe (pe_int8_64)          8.432   11.480 5.49e+06   19.918   0.5
    mult_17 (pe_int8_64_DW02_mult_0_DW02_mult_63)
                                          6.408    4.373 2.68e+06   10.783   0.3
    add_26 (pe_int8_64_DW01_add_0_DW01_add_126)
                                       7.16e-02    0.276 8.50e+05    0.348   0.0
  ROW_11__COL_15__pe (pe_int8_65)         5.085    9.754 5.36e+06   14.844   0.4
    mult_17 (pe_int8_65_DW02_mult_0_DW02_mult_64)
                                          2.992    2.065 2.53e+06    5.060   0.1
    add_26 (pe_int8_65_DW01_add_0_DW01_add_128)
                                          0.196    0.639 8.61e+05    0.836   0.0
  ROW_11__COL_14__pe (pe_int8_66)         5.287    9.815 5.36e+06   15.107   0.4
    mult_17 (pe_int8_66_DW02_mult_0_DW02_mult_65)
                                          2.953    2.050 2.53e+06    5.006   0.1
    add_26 (pe_int8_66_DW01_add_0_DW01_add_130)
                                          0.189    0.604 8.60e+05    0.794   0.0
  ROW_11__COL_13__pe (pe_int8_67)         5.294    9.843 5.36e+06   15.142   0.4
    mult_17 (pe_int8_67_DW02_mult_0_DW02_mult_66)
                                          2.950    2.034 2.53e+06    4.986   0.1
    add_26 (pe_int8_67_DW01_add_0_DW01_add_132)
                                          0.198    0.636 8.60e+05    0.835   0.0
  ROW_11__COL_12__pe (pe_int8_68)         5.321    9.856 5.36e+06   15.182   0.4
    mult_17 (pe_int8_68_DW02_mult_0_DW02_mult_67)
                                          2.989    2.068 2.53e+06    5.059   0.1
    add_26 (pe_int8_68_DW01_add_0_DW01_add_134)
                                          0.193    0.631 8.60e+05    0.825   0.0
  ROW_11__COL_11__pe (pe_int8_69)         5.276    9.842 5.36e+06   15.123   0.4
    mult_17 (pe_int8_69_DW02_mult_0_DW02_mult_68)
                                          2.934    2.027 2.53e+06    4.964   0.1
    add_26 (pe_int8_69_DW01_add_0_DW01_add_136)
                                          0.195    0.630 8.60e+05    0.825   0.0
  ROW_11__COL_10__pe (pe_int8_70)         5.276    9.819 5.36e+06   15.100   0.4
    mult_17 (pe_int8_70_DW02_mult_0_DW02_mult_69)
                                          2.947    2.043 2.53e+06    4.993   0.1
    add_26 (pe_int8_70_DW01_add_0_DW01_add_138)
                                          0.192    0.624 8.60e+05    0.817   0.0
  ROW_11__COL_9__pe (pe_int8_71)          5.326    9.884 5.36e+06   15.215   0.4
    mult_17 (pe_int8_71_DW02_mult_0_DW02_mult_70)
                                          2.979    2.058 2.53e+06    5.039   0.1
    add_26 (pe_int8_71_DW01_add_0_DW01_add_140)
                                          0.201    0.642 8.61e+05    0.843   0.0
  ROW_11__COL_8__pe (pe_int8_72)          5.278    9.804 5.36e+06   15.088   0.4
    mult_17 (pe_int8_72_DW02_mult_0_DW02_mult_71)
                                          2.941    2.029 2.53e+06    4.973   0.1
    add_26 (pe_int8_72_DW01_add_0_DW01_add_142)
                                          0.196    0.621 8.60e+05    0.818   0.0
  ROW_11__COL_7__pe (pe_int8_73)          5.261    9.803 5.36e+06   15.069   0.4
    mult_17 (pe_int8_73_DW02_mult_0_DW02_mult_72)
                                          2.932    2.024 2.53e+06    4.959   0.1
    add_26 (pe_int8_73_DW01_add_0_DW01_add_144)
                                          0.200    0.646 8.60e+05    0.847   0.0
  ROW_11__COL_6__pe (pe_int8_74)          5.248    9.767 5.36e+06   15.021   0.4
    mult_17 (pe_int8_74_DW02_mult_0_DW02_mult_73)
                                          2.918    2.015 2.53e+06    4.935   0.1
    add_26 (pe_int8_74_DW01_add_0_DW01_add_146)
                                          0.194    0.615 8.60e+05    0.810   0.0
  ROW_11__COL_5__pe (pe_int8_75)          5.269    9.793 5.36e+06   15.067   0.4
    mult_17 (pe_int8_75_DW02_mult_0_DW02_mult_74)
                                          2.939    2.030 2.53e+06    4.972   0.1
    add_26 (pe_int8_75_DW01_add_0_DW01_add_148)
                                          0.196    0.629 8.60e+05    0.826   0.0
  ROW_11__COL_4__pe (pe_int8_76)          5.298    9.827 5.36e+06   15.130   0.4
    mult_17 (pe_int8_76_DW02_mult_0_DW02_mult_75)
                                          2.961    2.043 2.53e+06    5.007   0.1
    add_26 (pe_int8_76_DW01_add_0_DW01_add_150)
                                          0.191    0.614 8.60e+05    0.806   0.0
  ROW_11__COL_3__pe (pe_int8_77)          5.283    9.851 5.36e+06   15.139   0.4
    mult_17 (pe_int8_77_DW02_mult_0_DW02_mult_76)
                                          2.944    2.035 2.53e+06    4.982   0.1
    add_26 (pe_int8_77_DW01_add_0_DW01_add_152)
                                          0.196    0.639 8.60e+05    0.837   0.0
  ROW_11__COL_2__pe (pe_int8_78)          5.298    9.862 5.36e+06   15.165   0.4
    mult_17 (pe_int8_78_DW02_mult_0_DW02_mult_77)
                                          2.958    2.038 2.53e+06    4.999   0.1
    add_26 (pe_int8_78_DW01_add_0_DW01_add_154)
                                          0.200    0.653 8.61e+05    0.854   0.0
  ROW_11__COL_1__pe (pe_int8_79)          5.251    9.797 5.36e+06   15.053   0.4
    mult_17 (pe_int8_79_DW02_mult_0_DW02_mult_78)
                                          2.953    2.034 2.53e+06    4.989   0.1
    add_26 (pe_int8_79_DW01_add_0_DW01_add_156)
                                          0.155    0.587 8.57e+05    0.743   0.0
  ROW_11__COL_0__pe (pe_int8_80)          8.415   11.432 5.49e+06   19.853   0.5
    mult_17 (pe_int8_80_DW02_mult_0_DW02_mult_79)
                                          6.397    4.367 2.68e+06   10.766   0.3
    add_26 (pe_int8_80_DW01_add_0_DW01_add_158)
                                       6.36e-02    0.243 8.50e+05    0.307   0.0
  ROW_10__COL_15__pe (pe_int8_81)         5.053    9.732 5.36e+06   14.791   0.4
    mult_17 (pe_int8_81_DW02_mult_0_DW02_mult_80)
                                          2.959    2.044 2.53e+06    5.006   0.1
    add_26 (pe_int8_81_DW01_add_0_DW01_add_160)
                                          0.198    0.634 8.61e+05    0.833   0.0
  ROW_10__COL_14__pe (pe_int8_82)         5.244    9.746 5.36e+06   14.995   0.4
    mult_17 (pe_int8_82_DW02_mult_0_DW02_mult_81)
                                          2.915    2.012 2.53e+06    4.930   0.1
    add_26 (pe_int8_82_DW01_add_0_DW01_add_162)
                                          0.195    0.615 8.60e+05    0.811   0.0
  ROW_10__COL_13__pe (pe_int8_83)         5.267    9.797 5.36e+06   15.070   0.4
    mult_17 (pe_int8_83_DW02_mult_0_DW02_mult_82)
                                          2.936    2.024 2.53e+06    4.963   0.1
    add_26 (pe_int8_83_DW01_add_0_DW01_add_164)
                                          0.192    0.622 8.60e+05    0.815   0.0
  ROW_10__COL_12__pe (pe_int8_84)         5.321    9.873 5.36e+06   15.200   0.4
    mult_17 (pe_int8_84_DW02_mult_0_DW02_mult_83)
                                          2.979    2.052 2.53e+06    5.034   0.1
    add_26 (pe_int8_84_DW01_add_0_DW01_add_166)
                                          0.201    0.654 8.61e+05    0.856   0.0
  ROW_10__COL_11__pe (pe_int8_85)         5.259    9.787 5.36e+06   15.052   0.4
    mult_17 (pe_int8_85_DW02_mult_0_DW02_mult_84)
                                          2.931    2.018 2.53e+06    4.951   0.1
    add_26 (pe_int8_85_DW01_add_0_DW01_add_168)
                                          0.193    0.624 8.60e+05    0.817   0.0
  ROW_10__COL_10__pe (pe_int8_86)         5.285    9.841 5.36e+06   15.131   0.4
    mult_17 (pe_int8_86_DW02_mult_0_DW02_mult_85)
                                          2.946    2.031 2.53e+06    4.980   0.1
    add_26 (pe_int8_86_DW01_add_0_DW01_add_170)
                                          0.200    0.647 8.60e+05    0.848   0.0
  ROW_10__COL_9__pe (pe_int8_87)          5.286    9.836 5.36e+06   15.127   0.4
    mult_17 (pe_int8_87_DW02_mult_0_DW02_mult_86)
                                          2.949    2.036 2.53e+06    4.987   0.1
    add_26 (pe_int8_87_DW01_add_0_DW01_add_172)
                                          0.194    0.630 8.60e+05    0.825   0.0
  ROW_10__COL_8__pe (pe_int8_88)          5.283    9.836 5.36e+06   15.124   0.4
    mult_17 (pe_int8_88_DW02_mult_0_DW02_mult_87)
                                          2.938    2.023 2.53e+06    4.964   0.1
    add_26 (pe_int8_88_DW01_add_0_DW01_add_174)
                                          0.202    0.644 8.61e+05    0.847   0.0
  ROW_10__COL_7__pe (pe_int8_89)          5.222    9.765 5.36e+06   14.993   0.4
    mult_17 (pe_int8_89_DW02_mult_0_DW02_mult_88)
                                          2.896    1.999 2.53e+06    4.898   0.1
    add_26 (pe_int8_89_DW01_add_0_DW01_add_176)
                                          0.192    0.622 8.60e+05    0.816   0.0
  ROW_10__COL_6__pe (pe_int8_90)          5.222    9.728 5.36e+06   14.955   0.4
    mult_17 (pe_int8_90_DW02_mult_0_DW02_mult_89)
                                          2.904    2.013 2.53e+06    4.920   0.1
    add_26 (pe_int8_90_DW01_add_0_DW01_add_178)
                                          0.186    0.595 8.59e+05    0.782   0.0
  ROW_10__COL_5__pe (pe_int8_91)          5.241    9.786 5.36e+06   15.032   0.4
    mult_17 (pe_int8_91_DW02_mult_0_DW02_mult_90)
                                          2.912    2.013 2.53e+06    4.928   0.1
    add_26 (pe_int8_91_DW01_add_0_DW01_add_180)
                                          0.194    0.622 8.61e+05    0.816   0.0
  ROW_10__COL_4__pe (pe_int8_92)          5.284    9.788 5.36e+06   15.078   0.4
    mult_17 (pe_int8_92_DW02_mult_0_DW02_mult_91)
                                          2.946    2.036 2.53e+06    4.985   0.1
    add_26 (pe_int8_92_DW01_add_0_DW01_add_182)
                                          0.197    0.612 8.60e+05    0.809   0.0
  ROW_10__COL_3__pe (pe_int8_93)          5.220    9.733 5.36e+06   14.958   0.4
    mult_17 (pe_int8_93_DW02_mult_0_DW02_mult_92)
                                          2.894    2.004 2.53e+06    4.900   0.1
    add_26 (pe_int8_93_DW01_add_0_DW01_add_184)
                                          0.191    0.603 8.60e+05    0.795   0.0
  ROW_10__COL_2__pe (pe_int8_94)          5.247    9.774 5.36e+06   15.026   0.4
    mult_17 (pe_int8_94_DW02_mult_0_DW02_mult_93)
                                          2.914    2.009 2.53e+06    4.925   0.1
    add_26 (pe_int8_94_DW01_add_0_DW01_add_186)
                                          0.197    0.622 8.60e+05    0.819   0.0
  ROW_10__COL_1__pe (pe_int8_95)          5.206    9.728 5.36e+06   14.940   0.4
    mult_17 (pe_int8_95_DW02_mult_0_DW02_mult_94)
                                          2.917    2.004 2.53e+06    4.924   0.1
    add_26 (pe_int8_95_DW01_add_0_DW01_add_188)
                                          0.152    0.570 8.58e+05    0.722   0.0
  ROW_10__COL_0__pe (pe_int8_96)          8.459   11.477 5.49e+06   19.941   0.5
    mult_17 (pe_int8_96_DW02_mult_0_DW02_mult_95)
                                          6.444    4.413 2.68e+06   10.860   0.3
    add_26 (pe_int8_96_DW01_add_0_DW01_add_190)
                                       6.58e-02    0.250 8.50e+05    0.317   0.0
  ROW_9__COL_15__pe (pe_int8_97)          5.085    9.771 5.36e+06   14.861   0.4
    mult_17 (pe_int8_97_DW02_mult_0_DW02_mult_96)
                                          2.994    2.068 2.53e+06    5.064   0.1
    add_26 (pe_int8_97_DW01_add_0_DW01_add_192)
                                          0.195    0.639 8.60e+05    0.835   0.0
  ROW_9__COL_14__pe (pe_int8_98)          5.288    9.820 5.36e+06   15.114   0.4
    mult_17 (pe_int8_98_DW02_mult_0_DW02_mult_97)
                                          2.952    2.043 2.53e+06    4.997   0.1
    add_26 (pe_int8_98_DW01_add_0_DW01_add_194)
                                          0.192    0.616 8.60e+05    0.809   0.0
  ROW_9__COL_13__pe (pe_int8_99)          5.309    9.853 5.36e+06   15.167   0.4
    mult_17 (pe_int8_99_DW02_mult_0_DW02_mult_98)
                                          2.967    2.049 2.53e+06    5.019   0.1
    add_26 (pe_int8_99_DW01_add_0_DW01_add_196)
                                          0.196    0.630 8.60e+05    0.827   0.0
  ROW_9__COL_12__pe (pe_int8_100)         5.304    9.823 5.36e+06   15.132   0.4
    mult_17 (pe_int8_100_DW02_mult_0_DW02_mult_99)
                                          2.971    2.049 2.53e+06    5.023   0.1
    add_26 (pe_int8_100_DW01_add_0_DW01_add_198)
                                          0.191    0.615 8.60e+05    0.806   0.0
  ROW_9__COL_11__pe (pe_int8_101)         5.265    9.783 5.36e+06   15.054   0.4
    mult_17 (pe_int8_101_DW02_mult_0_DW02_mult_100)
                                          2.932    2.026 2.53e+06    4.961   0.1
    add_26 (pe_int8_101_DW01_add_0_DW01_add_200)
                                          0.191    0.605 8.60e+05    0.796   0.0
  ROW_9__COL_10__pe (pe_int8_102)         5.267    9.767 5.36e+06   15.040   0.4
    mult_17 (pe_int8_102_DW02_mult_0_DW02_mult_101)
                                          2.940    2.038 2.53e+06    4.981   0.1
    add_26 (pe_int8_102_DW01_add_0_DW01_add_202)
                                          0.193    0.606 8.59e+05    0.800   0.0
  ROW_9__COL_9__pe (pe_int8_103)          5.348    9.900 5.36e+06   15.254   0.4
    mult_17 (pe_int8_103_DW02_mult_0_DW02_mult_102)
                                          3.005    2.070 2.53e+06    5.077   0.1
    add_26 (pe_int8_103_DW01_add_0_DW01_add_204)
                                          0.199    0.648 8.60e+05    0.847   0.0
  ROW_9__COL_8__pe (pe_int8_104)          5.278    9.780 5.36e+06   15.063   0.4
    mult_17 (pe_int8_104_DW02_mult_0_DW02_mult_103)
                                          2.947    2.035 2.53e+06    4.984   0.1
    add_26 (pe_int8_104_DW01_add_0_DW01_add_206)
                                          0.192    0.604 8.60e+05    0.797   0.0
  ROW_9__COL_7__pe (pe_int8_105)          5.257    9.798 5.36e+06   15.060   0.4
    mult_17 (pe_int8_105_DW02_mult_0_DW02_mult_104)
                                          2.921    2.015 2.53e+06    4.939   0.1
    add_26 (pe_int8_105_DW01_add_0_DW01_add_208)
                                          0.200    0.634 8.60e+05    0.835   0.0
  ROW_9__COL_6__pe (pe_int8_106)          5.319    9.879 5.36e+06   15.204   0.4
    mult_17 (pe_int8_106_DW02_mult_0_DW02_mult_105)
                                          2.984    2.053 2.53e+06    5.040   0.1
    add_26 (pe_int8_106_DW01_add_0_DW01_add_210)
                                          0.199    0.660 8.60e+05    0.860   0.0
  ROW_9__COL_5__pe (pe_int8_107)          5.301    9.842 5.36e+06   15.149   0.4
    mult_17 (pe_int8_107_DW02_mult_0_DW02_mult_106)
                                          2.962    2.045 2.53e+06    5.009   0.1
    add_26 (pe_int8_107_DW01_add_0_DW01_add_212)
                                          0.199    0.634 8.60e+05    0.834   0.0
  ROW_9__COL_4__pe (pe_int8_108)          5.311    9.827 5.36e+06   15.144   0.4
    mult_17 (pe_int8_108_DW02_mult_0_DW02_mult_107)
                                          2.974    2.049 2.53e+06    5.025   0.1
    add_26 (pe_int8_108_DW01_add_0_DW01_add_214)
                                          0.195    0.624 8.60e+05    0.821   0.0
  ROW_9__COL_3__pe (pe_int8_109)          5.272    9.815 5.36e+06   15.092   0.4
    mult_17 (pe_int8_109_DW02_mult_0_DW02_mult_108)
                                          2.932    2.022 2.53e+06    4.957   0.1
    add_26 (pe_int8_109_DW01_add_0_DW01_add_216)
                                          0.198    0.630 8.60e+05    0.830   0.0
  ROW_9__COL_2__pe (pe_int8_110)          5.269    9.800 5.36e+06   15.074   0.4
    mult_17 (pe_int8_110_DW02_mult_0_DW02_mult_109)
                                          2.936    2.030 2.53e+06    4.968   0.1
    add_26 (pe_int8_110_DW01_add_0_DW01_add_218)
                                          0.191    0.612 8.60e+05    0.804   0.0
  ROW_9__COL_1__pe (pe_int8_111)          5.248    9.764 5.36e+06   15.017   0.4
    mult_17 (pe_int8_111_DW02_mult_0_DW02_mult_110)
                                          2.953    2.034 2.53e+06    4.990   0.1
    add_26 (pe_int8_111_DW01_add_0_DW01_add_220)
                                          0.154    0.570 8.58e+05    0.724   0.0
  ROW_9__COL_0__pe (pe_int8_112)          8.341   11.388 5.49e+06   19.734   0.5
    mult_17 (pe_int8_112_DW02_mult_0_DW02_mult_111)
                                          6.322    4.308 2.68e+06   10.632   0.3
    add_26 (pe_int8_112_DW01_add_0_DW01_add_222)
                                       6.68e-02    0.255 8.50e+05    0.322   0.0
  ROW_8__COL_15__pe (pe_int8_113)         5.054    9.721 5.36e+06   14.780   0.4
    mult_17 (pe_int8_113_DW02_mult_0_DW02_mult_112)
                                          2.967    2.058 2.53e+06    5.027   0.1
    add_26 (pe_int8_113_DW01_add_0_DW01_add_224)
                                          0.191    0.618 8.60e+05    0.810   0.0
  ROW_8__COL_14__pe (pe_int8_114)         5.289    9.829 5.36e+06   15.123   0.4
    mult_17 (pe_int8_114_DW02_mult_0_DW02_mult_113)
                                          2.954    2.043 2.53e+06    5.000   0.1
    add_26 (pe_int8_114_DW01_add_0_DW01_add_226)
                                          0.195    0.627 8.60e+05    0.823   0.0
  ROW_8__COL_13__pe (pe_int8_115)         5.288    9.845 5.36e+06   15.139   0.4
    mult_17 (pe_int8_115_DW02_mult_0_DW02_mult_114)
                                          2.946    2.028 2.53e+06    4.977   0.1
    add_26 (pe_int8_115_DW01_add_0_DW01_add_228)
                                          0.199    0.643 8.60e+05    0.842   0.0
  ROW_8__COL_12__pe (pe_int8_116)         5.300    9.819 5.36e+06   15.125   0.4
    mult_17 (pe_int8_116_DW02_mult_0_DW02_mult_115)
                                          2.966    2.052 2.53e+06    5.021   0.1
    add_26 (pe_int8_116_DW01_add_0_DW01_add_230)
                                          0.193    0.615 8.60e+05    0.808   0.0
  ROW_8__COL_11__pe (pe_int8_117)         5.273    9.811 5.36e+06   15.089   0.4
    mult_17 (pe_int8_117_DW02_mult_0_DW02_mult_116)
                                          2.936    2.028 2.53e+06    4.966   0.1
    add_26 (pe_int8_117_DW01_add_0_DW01_add_232)
                                          0.198    0.626 8.61e+05    0.825   0.0
  ROW_8__COL_10__pe (pe_int8_118)         5.269    9.809 5.36e+06   15.083   0.4
    mult_17 (pe_int8_118_DW02_mult_0_DW02_mult_117)
                                          2.930    2.019 2.53e+06    4.951   0.1
    add_26 (pe_int8_118_DW01_add_0_DW01_add_234)
                                          0.196    0.625 8.61e+05    0.822   0.0
  ROW_8__COL_9__pe (pe_int8_119)          5.276    9.813 5.36e+06   15.094   0.4
    mult_17 (pe_int8_119_DW02_mult_0_DW02_mult_118)
                                          2.937    2.030 2.53e+06    4.970   0.1
    add_26 (pe_int8_119_DW01_add_0_DW01_add_236)
                                          0.194    0.618 8.60e+05    0.813   0.0
  ROW_8__COL_8__pe (pe_int8_120)          5.265    9.776 5.36e+06   15.046   0.4
    mult_17 (pe_int8_120_DW02_mult_0_DW02_mult_119)
                                          2.936    2.030 2.53e+06    4.969   0.1
    add_26 (pe_int8_120_DW01_add_0_DW01_add_238)
                                          0.193    0.611 8.60e+05    0.805   0.0
  ROW_8__COL_7__pe (pe_int8_121)          5.211    9.713 5.36e+06   14.930   0.4
    mult_17 (pe_int8_121_DW02_mult_0_DW02_mult_120)
                                          2.890    1.991 2.53e+06    4.883   0.1
    add_26 (pe_int8_121_DW01_add_0_DW01_add_240)
                                          0.196    0.616 8.60e+05    0.813   0.0
  ROW_8__COL_6__pe (pe_int8_122)          5.238    9.765 5.36e+06   15.008   0.4
    mult_17 (pe_int8_122_DW02_mult_0_DW02_mult_121)
                                          2.911    2.008 2.53e+06    4.921   0.1
    add_26 (pe_int8_122_DW01_add_0_DW01_add_242)
                                          0.188    0.608 8.60e+05    0.796   0.0
  ROW_8__COL_5__pe (pe_int8_123)          5.253    9.789 5.36e+06   15.048   0.4
    mult_17 (pe_int8_123_DW02_mult_0_DW02_mult_122)
                                          2.923    2.021 2.53e+06    4.946   0.1
    add_26 (pe_int8_123_DW01_add_0_DW01_add_244)
                                          0.194    0.621 8.60e+05    0.816   0.0
  ROW_8__COL_4__pe (pe_int8_124)          5.332    9.896 5.36e+06   15.234   0.4
    mult_17 (pe_int8_124_DW02_mult_0_DW02_mult_123)
                                          2.984    2.052 2.53e+06    5.038   0.1
    add_26 (pe_int8_124_DW01_add_0_DW01_add_246)
                                          0.200    0.653 8.60e+05    0.854   0.0
  ROW_8__COL_3__pe (pe_int8_125)          5.277    9.816 5.36e+06   15.098   0.4
    mult_17 (pe_int8_125_DW02_mult_0_DW02_mult_124)
                                          2.936    2.030 2.53e+06    4.969   0.1
    add_26 (pe_int8_125_DW01_add_0_DW01_add_248)
                                          0.200    0.630 8.60e+05    0.831   0.0
  ROW_8__COL_2__pe (pe_int8_126)          5.255    9.780 5.36e+06   15.040   0.4
    mult_17 (pe_int8_126_DW02_mult_0_DW02_mult_125)
                                          2.925    2.026 2.53e+06    4.954   0.1
    add_26 (pe_int8_126_DW01_add_0_DW01_add_250)
                                          0.190    0.608 8.60e+05    0.799   0.0
  ROW_8__COL_1__pe (pe_int8_127)          5.234    9.762 5.36e+06   15.001   0.4
    mult_17 (pe_int8_127_DW02_mult_0_DW02_mult_126)
                                          2.945    2.029 2.53e+06    4.976   0.1
    add_26 (pe_int8_127_DW01_add_0_DW01_add_252)
                                          0.154    0.580 8.58e+05    0.735   0.0
  ROW_8__COL_0__pe (pe_int8_128)          8.471   11.500 5.49e+06   19.977   0.5
    mult_17 (pe_int8_128_DW02_mult_0_DW02_mult_127)
                                          6.449    4.402 2.68e+06   10.854   0.3
    add_26 (pe_int8_128_DW01_add_0_DW01_add_254)
                                       6.94e-02    0.268 8.50e+05    0.338   0.0
  ROW_7__COL_15__pe (pe_int8_129)         5.087    9.757 5.36e+06   14.849   0.4
    mult_17 (pe_int8_129_DW02_mult_0_DW02_mult_128)
                                          2.995    2.068 2.53e+06    5.066   0.1
    add_26 (pe_int8_129_DW01_add_0_DW01_add_256)
                                          0.195    0.634 8.61e+05    0.830   0.0
  ROW_7__COL_14__pe (pe_int8_130)         5.315    9.848 5.36e+06   15.169   0.4
    mult_17 (pe_int8_130_DW02_mult_0_DW02_mult_129)
                                          2.975    2.061 2.53e+06    5.038   0.1
    add_26 (pe_int8_130_DW01_add_0_DW01_add_258)
                                          0.198    0.628 8.61e+05    0.827   0.0
  ROW_7__COL_13__pe (pe_int8_131)         5.281    9.797 5.36e+06   15.084   0.4
    mult_17 (pe_int8_131_DW02_mult_0_DW02_mult_130)
                                          2.947    2.039 2.53e+06    4.988   0.1
    add_26 (pe_int8_131_DW01_add_0_DW01_add_260)
                                          0.192    0.609 8.60e+05    0.802   0.0
  ROW_7__COL_12__pe (pe_int8_132)         5.324    9.842 5.36e+06   15.171   0.4
    mult_17 (pe_int8_132_DW02_mult_0_DW02_mult_131)
                                          2.990    2.066 2.53e+06    5.058   0.1
    add_26 (pe_int8_132_DW01_add_0_DW01_add_262)
                                          0.197    0.631 8.60e+05    0.829   0.0
  ROW_7__COL_11__pe (pe_int8_133)         5.299    9.842 5.36e+06   15.147   0.4
    mult_17 (pe_int8_133_DW02_mult_0_DW02_mult_132)
                                          2.961    2.046 2.53e+06    5.010   0.1
    add_26 (pe_int8_133_DW01_add_0_DW01_add_264)
                                          0.198    0.637 8.60e+05    0.835   0.0
  ROW_7__COL_10__pe (pe_int8_134)         5.280    9.827 5.36e+06   15.112   0.4
    mult_17 (pe_int8_134_DW02_mult_0_DW02_mult_133)
                                          2.945    2.034 2.53e+06    4.981   0.1
    add_26 (pe_int8_134_DW01_add_0_DW01_add_266)
                                          0.190    0.623 8.60e+05    0.814   0.0
  ROW_7__COL_9__pe (pe_int8_135)          5.316    9.859 5.36e+06   15.180   0.4
    mult_17 (pe_int8_135_DW02_mult_0_DW02_mult_134)
                                          2.977    2.061 2.53e+06    5.041   0.1
    add_26 (pe_int8_135_DW01_add_0_DW01_add_268)
                                          0.190    0.619 8.60e+05    0.810   0.0
  ROW_7__COL_8__pe (pe_int8_136)          5.307    9.834 5.36e+06   15.146   0.4
    mult_17 (pe_int8_136_DW02_mult_0_DW02_mult_135)
                                          2.968    2.048 2.53e+06    5.019   0.1
    add_26 (pe_int8_136_DW01_add_0_DW01_add_270)
                                          0.198    0.628 8.61e+05    0.827   0.0
  ROW_7__COL_7__pe (pe_int8_137)          5.257    9.791 5.36e+06   15.053   0.4
    mult_17 (pe_int8_137_DW02_mult_0_DW02_mult_136)
                                          2.919    2.016 2.53e+06    4.937   0.1
    add_26 (pe_int8_137_DW01_add_0_DW01_add_272)
                                          0.197    0.624 8.60e+05    0.822   0.0
  ROW_7__COL_6__pe (pe_int8_138)          5.269    9.813 5.36e+06   15.087   0.4
    mult_17 (pe_int8_138_DW02_mult_0_DW02_mult_137)
                                          2.934    2.031 2.53e+06    4.968   0.1
    add_26 (pe_int8_138_DW01_add_0_DW01_add_274)
                                          0.195    0.625 8.60e+05    0.822   0.0
  ROW_7__COL_5__pe (pe_int8_139)          5.246    9.749 5.36e+06   15.000   0.4
    mult_17 (pe_int8_139_DW02_mult_0_DW02_mult_138)
                                          2.925    2.023 2.53e+06    4.951   0.1
    add_26 (pe_int8_139_DW01_add_0_DW01_add_276)
                                          0.191    0.613 8.60e+05    0.805   0.0
  ROW_7__COL_4__pe (pe_int8_140)          5.287    9.786 5.36e+06   15.078   0.4
    mult_17 (pe_int8_140_DW02_mult_0_DW02_mult_139)
                                          2.960    2.052 2.53e+06    5.015   0.1
    add_26 (pe_int8_140_DW01_add_0_DW01_add_278)
                                          0.187    0.597 8.59e+05    0.785   0.0
  ROW_7__COL_3__pe (pe_int8_141)          5.261    9.790 5.36e+06   15.057   0.4
    mult_17 (pe_int8_141_DW02_mult_0_DW02_mult_140)
                                          2.937    2.038 2.53e+06    4.978   0.1
    add_26 (pe_int8_141_DW01_add_0_DW01_add_280)
                                          0.192    0.618 8.60e+05    0.811   0.0
  ROW_7__COL_2__pe (pe_int8_142)          5.305    9.864 5.36e+06   15.174   0.4
    mult_17 (pe_int8_142_DW02_mult_0_DW02_mult_141)
                                          2.965    2.049 2.53e+06    5.017   0.1
    add_26 (pe_int8_142_DW01_add_0_DW01_add_282)
                                          0.195    0.638 8.60e+05    0.834   0.0
  ROW_7__COL_1__pe (pe_int8_143)          5.252    9.795 5.36e+06   15.052   0.4
    mult_17 (pe_int8_143_DW02_mult_0_DW02_mult_142)
                                          2.954    2.030 2.53e+06    4.986   0.1
    add_26 (pe_int8_143_DW01_add_0_DW01_add_284)
                                          0.160    0.597 8.58e+05    0.758   0.0
  ROW_7__COL_0__pe (pe_int8_144)          8.452   11.473 5.49e+06   19.930   0.5
    mult_17 (pe_int8_144_DW02_mult_0_DW02_mult_143)
                                          6.434    4.402 2.68e+06   10.839   0.3
    add_26 (pe_int8_144_DW01_add_0_DW01_add_286)
                                       6.64e-02    0.252 8.50e+05    0.319   0.0
  ROW_6__COL_15__pe (pe_int8_145)         5.055    9.695 5.36e+06   14.755   0.4
    mult_17 (pe_int8_145_DW02_mult_0_DW02_mult_144)
                                          2.968    2.056 2.53e+06    5.027   0.1
    add_26 (pe_int8_145_DW01_add_0_DW01_add_288)
                                          0.191    0.611 8.60e+05    0.803   0.0
  ROW_6__COL_14__pe (pe_int8_146)         5.300    9.824 5.36e+06   15.129   0.4
    mult_17 (pe_int8_146_DW02_mult_0_DW02_mult_145)
                                          2.966    2.048 2.53e+06    5.017   0.1
    add_26 (pe_int8_146_DW01_add_0_DW01_add_290)
                                          0.193    0.624 8.60e+05    0.818   0.0
  ROW_6__COL_13__pe (pe_int8_147)         5.302    9.855 5.36e+06   15.162   0.4
    mult_17 (pe_int8_147_DW02_mult_0_DW02_mult_146)
                                          2.956    2.037 2.53e+06    4.995   0.1
    add_26 (pe_int8_147_DW01_add_0_DW01_add_292)
                                          0.201    0.642 8.60e+05    0.844   0.0
  ROW_6__COL_12__pe (pe_int8_148)         5.286    9.793 5.36e+06   15.084   0.4
    mult_17 (pe_int8_148_DW02_mult_0_DW02_mult_147)
                                          2.957    2.046 2.53e+06    5.005   0.1
    add_26 (pe_int8_148_DW01_add_0_DW01_add_294)
                                          0.190    0.607 8.60e+05    0.797   0.0
  ROW_6__COL_11__pe (pe_int8_149)         5.275    9.807 5.36e+06   15.087   0.4
    mult_17 (pe_int8_149_DW02_mult_0_DW02_mult_148)
                                          2.946    2.035 2.53e+06    4.984   0.1
    add_26 (pe_int8_149_DW01_add_0_DW01_add_296)
                                          0.191    0.620 8.60e+05    0.812   0.0
  ROW_6__COL_10__pe (pe_int8_150)         5.273    9.797 5.36e+06   15.075   0.4
    mult_17 (pe_int8_150_DW02_mult_0_DW02_mult_149)
                                          2.945    2.042 2.53e+06    4.989   0.1
    add_26 (pe_int8_150_DW01_add_0_DW01_add_298)
                                          0.191    0.613 8.60e+05    0.805   0.0
  ROW_6__COL_9__pe (pe_int8_151)          5.319    9.832 5.36e+06   15.156   0.4
    mult_17 (pe_int8_151_DW02_mult_0_DW02_mult_150)
                                          2.988    2.069 2.53e+06    5.059   0.1
    add_26 (pe_int8_151_DW01_add_0_DW01_add_300)
                                          0.199    0.631 8.60e+05    0.831   0.0
  ROW_6__COL_8__pe (pe_int8_152)          5.267    9.778 5.36e+06   15.050   0.4
    mult_17 (pe_int8_152_DW02_mult_0_DW02_mult_151)
                                          2.933    2.017 2.53e+06    4.952   0.1
    add_26 (pe_int8_152_DW01_add_0_DW01_add_302)
                                          0.195    0.618 8.60e+05    0.814   0.0
  ROW_6__COL_7__pe (pe_int8_153)          5.247    9.804 5.36e+06   15.057   0.4
    mult_17 (pe_int8_153_DW02_mult_0_DW02_mult_152)
                                          2.911    2.011 2.53e+06    4.925   0.1
    add_26 (pe_int8_153_DW01_add_0_DW01_add_304)
                                          0.198    0.636 8.61e+05    0.835   0.0
  ROW_6__COL_6__pe (pe_int8_154)          5.267    9.799 5.36e+06   15.071   0.4
    mult_17 (pe_int8_154_DW02_mult_0_DW02_mult_153)
                                          2.936    2.028 2.53e+06    4.966   0.1
    add_26 (pe_int8_154_DW01_add_0_DW01_add_306)
                                          0.195    0.624 8.60e+05    0.820   0.0
  ROW_6__COL_5__pe (pe_int8_155)          5.263    9.805 5.36e+06   15.073   0.4
    mult_17 (pe_int8_155_DW02_mult_0_DW02_mult_154)
                                          2.935    2.037 2.53e+06    4.974   0.1
    add_26 (pe_int8_155_DW01_add_0_DW01_add_308)
                                          0.192    0.618 8.60e+05    0.811   0.0
  ROW_6__COL_4__pe (pe_int8_156)          5.326    9.850 5.36e+06   15.181   0.4
    mult_17 (pe_int8_156_DW02_mult_0_DW02_mult_155)
                                          2.990    2.054 2.53e+06    5.046   0.1
    add_26 (pe_int8_156_DW01_add_0_DW01_add_310)
                                          0.198    0.641 8.60e+05    0.841   0.0
  ROW_6__COL_3__pe (pe_int8_157)          5.282    9.831 5.36e+06   15.118   0.4
    mult_17 (pe_int8_157_DW02_mult_0_DW02_mult_156)
                                          2.944    2.027 2.53e+06    4.973   0.1
    add_26 (pe_int8_157_DW01_add_0_DW01_add_312)
                                          0.204    0.651 8.61e+05    0.856   0.0
  ROW_6__COL_2__pe (pe_int8_158)          5.290    9.835 5.36e+06   15.130   0.4
    mult_17 (pe_int8_158_DW02_mult_0_DW02_mult_157)
                                          2.951    2.034 2.53e+06    4.988   0.1
    add_26 (pe_int8_158_DW01_add_0_DW01_add_314)
                                          0.201    0.643 8.61e+05    0.845   0.0
  ROW_6__COL_1__pe (pe_int8_159)          5.197    9.660 5.36e+06   14.862   0.4
    mult_17 (pe_int8_159_DW02_mult_0_DW02_mult_158)
                                          2.924    2.023 2.53e+06    4.949   0.1
    add_26 (pe_int8_159_DW01_add_0_DW01_add_316)
                                          0.146    0.537 8.57e+05    0.684   0.0
  ROW_6__COL_0__pe (pe_int8_160)          8.441   11.476 5.49e+06   19.922   0.5
    mult_17 (pe_int8_160_DW02_mult_0_DW02_mult_159)
                                          6.420    4.388 2.68e+06   10.810   0.3
    add_26 (pe_int8_160_DW01_add_0_DW01_add_318)
                                       6.76e-02    0.258 8.50e+05    0.326   0.0
  ROW_5__COL_15__pe (pe_int8_161)         5.118    9.802 5.36e+06   14.926   0.4
    mult_17 (pe_int8_161_DW02_mult_0_DW02_mult_160)
                                          3.023    2.080 2.53e+06    5.105   0.1
    add_26 (pe_int8_161_DW01_add_0_DW01_add_320)
                                          0.199    0.650 8.61e+05    0.850   0.0
  ROW_5__COL_14__pe (pe_int8_162)         5.324    9.846 5.36e+06   15.175   0.4
    mult_17 (pe_int8_162_DW02_mult_0_DW02_mult_161)
                                          2.990    2.066 2.53e+06    5.059   0.1
    add_26 (pe_int8_162_DW01_add_0_DW01_add_322)
                                          0.191    0.618 8.60e+05    0.810   0.0
  ROW_5__COL_13__pe (pe_int8_163)         5.314    9.832 5.36e+06   15.151   0.4
    mult_17 (pe_int8_163_DW02_mult_0_DW02_mult_162)
                                          2.975    2.047 2.53e+06    5.024   0.1
    add_26 (pe_int8_163_DW01_add_0_DW01_add_324)
                                          0.200    0.634 8.60e+05    0.836   0.0
  ROW_5__COL_12__pe (pe_int8_164)         5.344    9.889 5.36e+06   15.239   0.4
    mult_17 (pe_int8_164_DW02_mult_0_DW02_mult_163)
                                          2.999    2.070 2.53e+06    5.072   0.1
    add_26 (pe_int8_164_DW01_add_0_DW01_add_326)
                                          0.196    0.634 8.60e+05    0.831   0.0
  ROW_5__COL_11__pe (pe_int8_165)         5.258    9.739 5.36e+06   15.002   0.4
    mult_17 (pe_int8_165_DW02_mult_0_DW02_mult_164)
                                          2.936    2.029 2.53e+06    4.968   0.1
    add_26 (pe_int8_165_DW01_add_0_DW01_add_328)
                                          0.188    0.595 8.60e+05    0.785   0.0
  ROW_5__COL_10__pe (pe_int8_166)         5.293    9.824 5.36e+06   15.123   0.4
    mult_17 (pe_int8_166_DW02_mult_0_DW02_mult_165)
                                          2.956    2.046 2.53e+06    5.005   0.1
    add_26 (pe_int8_166_DW01_add_0_DW01_add_330)
                                          0.195    0.620 8.60e+05    0.816   0.0
  ROW_5__COL_9__pe (pe_int8_167)          5.336    9.865 5.36e+06   15.206   0.4
    mult_17 (pe_int8_167_DW02_mult_0_DW02_mult_166)
                                          2.994    2.066 2.53e+06    5.062   0.1
    add_26 (pe_int8_167_DW01_add_0_DW01_add_332)
                                          0.197    0.630 8.60e+05    0.828   0.0
  ROW_5__COL_8__pe (pe_int8_168)          5.290    9.805 5.36e+06   15.100   0.4
    mult_17 (pe_int8_168_DW02_mult_0_DW02_mult_167)
                                          2.954    2.038 2.53e+06    4.995   0.1
    add_26 (pe_int8_168_DW01_add_0_DW01_add_334)
                                          0.194    0.615 8.60e+05    0.809   0.0
  ROW_5__COL_7__pe (pe_int8_169)          5.288    9.844 5.36e+06   15.138   0.4
    mult_17 (pe_int8_169_DW02_mult_0_DW02_mult_168)
                                          2.947    2.027 2.53e+06    4.976   0.1
    add_26 (pe_int8_169_DW01_add_0_DW01_add_336)
                                          0.198    0.644 8.60e+05    0.843   0.0
  ROW_5__COL_6__pe (pe_int8_170)          5.288    9.818 5.36e+06   15.111   0.4
    mult_17 (pe_int8_170_DW02_mult_0_DW02_mult_169)
                                          2.951    2.034 2.53e+06    4.988   0.1
    add_26 (pe_int8_170_DW01_add_0_DW01_add_338)
                                          0.194    0.624 8.60e+05    0.820   0.0
  ROW_5__COL_5__pe (pe_int8_171)          5.298    9.828 5.36e+06   15.130   0.4
    mult_17 (pe_int8_171_DW02_mult_0_DW02_mult_170)
                                          2.962    2.044 2.53e+06    5.008   0.1
    add_26 (pe_int8_171_DW01_add_0_DW01_add_340)
                                          0.195    0.629 8.60e+05    0.825   0.0
  ROW_5__COL_4__pe (pe_int8_172)          5.352    9.867 5.36e+06   15.224   0.4
    mult_17 (pe_int8_172_DW02_mult_0_DW02_mult_171)
                                          3.011    2.072 2.53e+06    5.086   0.1
    add_26 (pe_int8_172_DW01_add_0_DW01_add_342)
                                          0.196    0.627 8.60e+05    0.824   0.0
  ROW_5__COL_3__pe (pe_int8_173)          5.287    9.814 5.36e+06   15.106   0.4
    mult_17 (pe_int8_173_DW02_mult_0_DW02_mult_172)
                                          2.945    2.028 2.53e+06    4.975   0.1
    add_26 (pe_int8_173_DW01_add_0_DW01_add_344)
                                          0.196    0.622 8.60e+05    0.819   0.0
  ROW_5__COL_2__pe (pe_int8_174)          5.312    9.874 5.36e+06   15.191   0.4
    mult_17 (pe_int8_174_DW02_mult_0_DW02_mult_173)
                                          2.966    2.040 2.53e+06    5.008   0.1
    add_26 (pe_int8_174_DW01_add_0_DW01_add_346)
                                          0.198    0.644 8.61e+05    0.843   0.0
  ROW_5__COL_1__pe (pe_int8_175)          5.249    9.762 5.36e+06   15.017   0.4
    mult_17 (pe_int8_175_DW02_mult_0_DW02_mult_174)
                                          2.952    2.039 2.53e+06    4.993   0.1
    add_26 (pe_int8_175_DW01_add_0_DW01_add_348)
                                          0.151    0.559 8.58e+05    0.711   0.0
  ROW_5__COL_0__pe (pe_int8_176)          8.457   11.478 5.49e+06   19.940   0.5
    mult_17 (pe_int8_176_DW02_mult_0_DW02_mult_175)
                                          6.439    4.410 2.68e+06   10.852   0.3
    add_26 (pe_int8_176_DW01_add_0_DW01_add_350)
                                       6.60e-02    0.250 8.50e+05    0.317   0.0
  ROW_4__COL_15__pe (pe_int8_177)         5.097    9.767 5.36e+06   14.869   0.4
    mult_17 (pe_int8_177_DW02_mult_0_DW02_mult_176)
                                          3.002    2.074 2.53e+06    5.079   0.1
    add_26 (pe_int8_177_DW01_add_0_DW01_add_352)
                                          0.200    0.636 8.61e+05    0.836   0.0
  ROW_4__COL_14__pe (pe_int8_178)         5.331    9.860 5.36e+06   15.196   0.4
    mult_17 (pe_int8_178_DW02_mult_0_DW02_mult_177)
                                          2.996    2.077 2.53e+06    5.075   0.1
    add_26 (pe_int8_178_DW01_add_0_DW01_add_354)
                                          0.196    0.630 8.60e+05    0.827   0.0
  ROW_4__COL_13__pe (pe_int8_179)         5.310    9.832 5.36e+06   15.147   0.4
    mult_17 (pe_int8_179_DW02_mult_0_DW02_mult_178)
                                          2.969    2.049 2.53e+06    5.021   0.1
    add_26 (pe_int8_179_DW01_add_0_DW01_add_356)
                                          0.197    0.622 8.60e+05    0.819   0.0
  ROW_4__COL_12__pe (pe_int8_180)         5.344    9.882 5.36e+06   15.231   0.4
    mult_17 (pe_int8_180_DW02_mult_0_DW02_mult_179)
                                          2.996    2.075 2.53e+06    5.074   0.1
    add_26 (pe_int8_180_DW01_add_0_DW01_add_358)
                                          0.199    0.628 8.61e+05    0.828   0.0
  ROW_4__COL_11__pe (pe_int8_181)         5.297    9.823 5.36e+06   15.125   0.4
    mult_17 (pe_int8_181_DW02_mult_0_DW02_mult_180)
                                          2.966    2.050 2.53e+06    5.018   0.1
    add_26 (pe_int8_181_DW01_add_0_DW01_add_360)
                                          0.192    0.618 8.60e+05    0.811   0.0
  ROW_4__COL_10__pe (pe_int8_182)         5.329    9.872 5.36e+06   15.206   0.4
    mult_17 (pe_int8_182_DW02_mult_0_DW02_mult_181)
                                          2.986    2.064 2.53e+06    5.052   0.1
    add_26 (pe_int8_182_DW01_add_0_DW01_add_362)
                                          0.200    0.638 8.61e+05    0.838   0.0
  ROW_4__COL_9__pe (pe_int8_183)          5.314    9.821 5.36e+06   15.141   0.4
    mult_17 (pe_int8_183_DW02_mult_0_DW02_mult_182)
                                          2.983    2.056 2.53e+06    5.041   0.1
    add_26 (pe_int8_183_DW01_add_0_DW01_add_364)
                                          0.191    0.614 8.60e+05    0.806   0.0
  ROW_4__COL_8__pe (pe_int8_184)          5.317    9.851 5.36e+06   15.173   0.4
    mult_17 (pe_int8_184_DW02_mult_0_DW02_mult_183)
                                          2.981    2.060 2.53e+06    5.043   0.1
    add_26 (pe_int8_184_DW01_add_0_DW01_add_366)
                                          0.196    0.632 8.60e+05    0.829   0.0
  ROW_4__COL_7__pe (pe_int8_185)          5.280    9.840 5.36e+06   15.125   0.4
    mult_17 (pe_int8_185_DW02_mult_0_DW02_mult_184)
                                          2.943    2.033 2.53e+06    4.978   0.1
    add_26 (pe_int8_185_DW01_add_0_DW01_add_368)
                                          0.196    0.637 8.61e+05    0.834   0.0
  ROW_4__COL_6__pe (pe_int8_186)          5.276    9.774 5.36e+06   15.055   0.4
    mult_17 (pe_int8_186_DW02_mult_0_DW02_mult_185)
                                          2.950    2.042 2.53e+06    4.994   0.1
    add_26 (pe_int8_186_DW01_add_0_DW01_add_370)
                                          0.190    0.600 8.60e+05    0.791   0.0
  ROW_4__COL_5__pe (pe_int8_187)          5.284    9.809 5.36e+06   15.098   0.4
    mult_17 (pe_int8_187_DW02_mult_0_DW02_mult_186)
                                          2.950    2.044 2.53e+06    4.996   0.1
    add_26 (pe_int8_187_DW01_add_0_DW01_add_372)
                                          0.194    0.618 8.60e+05    0.813   0.0
  ROW_4__COL_4__pe (pe_int8_188)          5.370    9.903 5.36e+06   15.278   0.4
    mult_17 (pe_int8_188_DW02_mult_0_DW02_mult_187)
                                          3.026    2.088 2.53e+06    5.117   0.1
    add_26 (pe_int8_188_DW01_add_0_DW01_add_374)
                                          0.200    0.644 8.61e+05    0.845   0.0
  ROW_4__COL_3__pe (pe_int8_189)          5.311    9.866 5.36e+06   15.182   0.4
    mult_17 (pe_int8_189_DW02_mult_0_DW02_mult_188)
                                          2.969    2.051 2.53e+06    5.023   0.1
    add_26 (pe_int8_189_DW01_add_0_DW01_add_376)
                                          0.201    0.642 8.61e+05    0.844   0.0
  ROW_4__COL_2__pe (pe_int8_190)          5.330    9.883 5.37e+06   15.218   0.4
    mult_17 (pe_int8_190_DW02_mult_0_DW02_mult_189)
                                          2.978    2.060 2.53e+06    5.041   0.1
    add_26 (pe_int8_190_DW01_add_0_DW01_add_378)
                                          0.202    0.635 8.61e+05    0.838   0.0
  ROW_4__COL_1__pe (pe_int8_191)          5.244    9.760 5.36e+06   15.010   0.4
    mult_17 (pe_int8_191_DW02_mult_0_DW02_mult_190)
                                          2.947    2.037 2.53e+06    4.988   0.1
    add_26 (pe_int8_191_DW01_add_0_DW01_add_380)
                                          0.152    0.560 8.58e+05    0.712   0.0
  ROW_4__COL_0__pe (pe_int8_192)          8.469   11.490 5.49e+06   19.964   0.5
    mult_17 (pe_int8_192_DW02_mult_0_DW02_mult_191)
                                          6.448    4.412 2.68e+06   10.863   0.3
    add_26 (pe_int8_192_DW01_add_0_DW01_add_382)
                                       6.71e-02    0.256 8.50e+05    0.324   0.0
  ROW_3__COL_15__pe (pe_int8_193)         5.097    9.795 5.36e+06   14.898   0.4
    mult_17 (pe_int8_193_DW02_mult_0_DW02_mult_192)
                                          2.997    2.069 2.53e+06    5.069   0.1
    add_26 (pe_int8_193_DW01_add_0_DW01_add_384)
                                          0.204    0.655 8.61e+05    0.860   0.0
  ROW_3__COL_14__pe (pe_int8_194)         5.301    9.842 5.36e+06   15.148   0.4
    mult_17 (pe_int8_194_DW02_mult_0_DW02_mult_193)
                                          2.967    2.054 2.53e+06    5.023   0.1
    add_26 (pe_int8_194_DW01_add_0_DW01_add_386)
                                          0.194    0.632 8.60e+05    0.828   0.0
  ROW_3__COL_13__pe (pe_int8_195)         5.269    9.815 5.36e+06   15.089   0.4
    mult_17 (pe_int8_195_DW02_mult_0_DW02_mult_194)
                                          2.930    2.019 2.53e+06    4.952   0.1
    add_26 (pe_int8_195_DW01_add_0_DW01_add_388)
                                          0.197    0.631 8.60e+05    0.828   0.0
  ROW_3__COL_12__pe (pe_int8_196)         5.279    9.820 5.36e+06   15.104   0.4
    mult_17 (pe_int8_196_DW02_mult_0_DW02_mult_195)
                                          2.942    2.034 2.53e+06    4.979   0.1
    add_26 (pe_int8_196_DW01_add_0_DW01_add_390)
                                          0.194    0.624 8.60e+05    0.819   0.0
  ROW_3__COL_11__pe (pe_int8_197)         5.244    9.773 5.36e+06   15.022   0.4
    mult_17 (pe_int8_197_DW02_mult_0_DW02_mult_196)
                                          2.911    2.013 2.53e+06    4.926   0.1
    add_26 (pe_int8_197_DW01_add_0_DW01_add_392)
                                          0.197    0.621 8.60e+05    0.819   0.0
  ROW_3__COL_10__pe (pe_int8_198)         5.272    9.827 5.36e+06   15.105   0.4
    mult_17 (pe_int8_198_DW02_mult_0_DW02_mult_197)
                                          2.934    2.027 2.53e+06    4.964   0.1
    add_26 (pe_int8_198_DW01_add_0_DW01_add_394)
                                          0.197    0.638 8.61e+05    0.836   0.0
  ROW_3__COL_9__pe (pe_int8_199)          5.310    9.864 5.36e+06   15.179   0.4
    mult_17 (pe_int8_199_DW02_mult_0_DW02_mult_198)
                                          2.968    2.052 2.53e+06    5.023   0.1
    add_26 (pe_int8_199_DW01_add_0_DW01_add_396)
                                          0.195    0.632 8.61e+05    0.828   0.0
  ROW_3__COL_8__pe (pe_int8_200)          5.259    9.767 5.36e+06   15.032   0.4
    mult_17 (pe_int8_200_DW02_mult_0_DW02_mult_199)
                                          2.929    2.027 2.53e+06    4.958   0.1
    add_26 (pe_int8_200_DW01_add_0_DW01_add_398)
                                          0.198    0.617 8.61e+05    0.815   0.0
  ROW_3__COL_7__pe (pe_int8_201)          5.249    9.809 5.36e+06   15.064   0.4
    mult_17 (pe_int8_201_DW02_mult_0_DW02_mult_200)
                                          2.915    2.012 2.53e+06    4.930   0.1
    add_26 (pe_int8_201_DW01_add_0_DW01_add_400)
                                          0.199    0.641 8.60e+05    0.841   0.0
  ROW_3__COL_6__pe (pe_int8_202)          5.249    9.784 5.36e+06   15.038   0.4
    mult_17 (pe_int8_202_DW02_mult_0_DW02_mult_201)
                                          2.916    2.011 2.53e+06    4.929   0.1
    add_26 (pe_int8_202_DW01_add_0_DW01_add_402)
                                          0.198    0.631 8.60e+05    0.830   0.0
  ROW_3__COL_5__pe (pe_int8_203)          5.255    9.800 5.36e+06   15.060   0.4
    mult_17 (pe_int8_203_DW02_mult_0_DW02_mult_202)
                                          2.924    2.023 2.53e+06    4.950   0.1
    add_26 (pe_int8_203_DW01_add_0_DW01_add_404)
                                          0.196    0.631 8.61e+05    0.827   0.0
  ROW_3__COL_4__pe (pe_int8_204)          5.301    9.842 5.36e+06   15.147   0.4
    mult_17 (pe_int8_204_DW02_mult_0_DW02_mult_203)
                                          2.960    2.043 2.53e+06    5.006   0.1
    add_26 (pe_int8_204_DW01_add_0_DW01_add_406)
                                          0.193    0.623 8.60e+05    0.817   0.0
  ROW_3__COL_3__pe (pe_int8_205)          5.242    9.785 5.36e+06   15.033   0.4
    mult_17 (pe_int8_205_DW02_mult_0_DW02_mult_204)
                                          2.907    2.016 2.53e+06    4.925   0.1
    add_26 (pe_int8_205_DW01_add_0_DW01_add_408)
                                          0.198    0.626 8.60e+05    0.825   0.0
  ROW_3__COL_2__pe (pe_int8_206)          5.263    9.805 5.36e+06   15.073   0.4
    mult_17 (pe_int8_206_DW02_mult_0_DW02_mult_205)
                                          2.924    2.019 2.53e+06    4.945   0.1
    add_26 (pe_int8_206_DW01_add_0_DW01_add_410)
                                          0.197    0.626 8.61e+05    0.823   0.0
  ROW_3__COL_1__pe (pe_int8_207)          5.217    9.739 5.36e+06   14.961   0.4
    mult_17 (pe_int8_207_DW02_mult_0_DW02_mult_206)
                                          2.924    2.027 2.53e+06    4.953   0.1
    add_26 (pe_int8_207_DW01_add_0_DW01_add_412)
                                          0.150    0.555 8.57e+05    0.706   0.0
  ROW_3__COL_0__pe (pe_int8_208)          8.357   11.394 5.49e+06   19.757   0.5
    mult_17 (pe_int8_208_DW02_mult_0_DW02_mult_207)
                                          6.342    4.334 2.68e+06   10.679   0.3
    add_26 (pe_int8_208_DW01_add_0_DW01_add_414)
                                       6.53e-02    0.247 8.50e+05    0.313   0.0
  ROW_2__COL_15__pe (pe_int8_209)         5.080    9.730 5.36e+06   14.815   0.4
    mult_17 (pe_int8_209_DW02_mult_0_DW02_mult_208)
                                          2.988    2.063 2.53e+06    5.053   0.1
    add_26 (pe_int8_209_DW01_add_0_DW01_add_416)
                                          0.196    0.626 8.60e+05    0.823   0.0
  ROW_2__COL_14__pe (pe_int8_210)         5.302    9.838 5.36e+06   15.145   0.4
    mult_17 (pe_int8_210_DW02_mult_0_DW02_mult_209)
                                          2.965    2.048 2.53e+06    5.015   0.1
    add_26 (pe_int8_210_DW01_add_0_DW01_add_418)
                                          0.196    0.631 8.60e+05    0.828   0.0
  ROW_2__COL_13__pe (pe_int8_211)         5.310    9.837 5.36e+06   15.152   0.4
    mult_17 (pe_int8_211_DW02_mult_0_DW02_mult_210)
                                          2.975    2.053 2.53e+06    5.030   0.1
    add_26 (pe_int8_211_DW01_add_0_DW01_add_420)
                                          0.196    0.632 8.60e+05    0.829   0.0
  ROW_2__COL_12__pe (pe_int8_212)         5.323    9.855 5.36e+06   15.183   0.4
    mult_17 (pe_int8_212_DW02_mult_0_DW02_mult_211)
                                          2.991    2.063 2.53e+06    5.056   0.1
    add_26 (pe_int8_212_DW01_add_0_DW01_add_422)
                                          0.193    0.631 8.60e+05    0.825   0.0
  ROW_2__COL_11__pe (pe_int8_213)         5.254    9.767 5.36e+06   15.027   0.4
    mult_17 (pe_int8_213_DW02_mult_0_DW02_mult_212)
                                          2.926    2.024 2.53e+06    4.953   0.1
    add_26 (pe_int8_213_DW01_add_0_DW01_add_424)
                                          0.189    0.601 8.60e+05    0.790   0.0
  ROW_2__COL_10__pe (pe_int8_214)         5.296    9.849 5.36e+06   15.150   0.4
    mult_17 (pe_int8_214_DW02_mult_0_DW02_mult_213)
                                          2.952    2.041 2.53e+06    4.996   0.1
    add_26 (pe_int8_214_DW01_add_0_DW01_add_426)
                                          0.198    0.634 8.60e+05    0.833   0.0
  ROW_2__COL_9__pe (pe_int8_215)          5.318    9.852 5.36e+06   15.175   0.4
    mult_17 (pe_int8_215_DW02_mult_0_DW02_mult_214)
                                          2.980    2.059 2.53e+06    5.042   0.1
    add_26 (pe_int8_215_DW01_add_0_DW01_add_428)
                                          0.194    0.626 8.61e+05    0.821   0.0
  ROW_2__COL_8__pe (pe_int8_216)          5.297    9.815 5.36e+06   15.117   0.4
    mult_17 (pe_int8_216_DW02_mult_0_DW02_mult_215)
                                          2.962    2.045 2.53e+06    5.009   0.1
    add_26 (pe_int8_216_DW01_add_0_DW01_add_430)
                                          0.193    0.615 8.60e+05    0.809   0.0
  ROW_2__COL_7__pe (pe_int8_217)          5.251    9.818 5.36e+06   15.075   0.4
    mult_17 (pe_int8_217_DW02_mult_0_DW02_mult_216)
                                          2.915    2.009 2.53e+06    4.926   0.1
    add_26 (pe_int8_217_DW01_add_0_DW01_add_432)
                                          0.195    0.639 8.60e+05    0.834   0.0
  ROW_2__COL_6__pe (pe_int8_218)          5.264    9.785 5.36e+06   15.054   0.4
    mult_17 (pe_int8_218_DW02_mult_0_DW02_mult_217)
                                          2.933    2.033 2.53e+06    4.968   0.1
    add_26 (pe_int8_218_DW01_add_0_DW01_add_434)
                                          0.189    0.600 8.60e+05    0.790   0.0
  ROW_2__COL_5__pe (pe_int8_219)          5.292    9.818 5.36e+06   15.116   0.4
    mult_17 (pe_int8_219_DW02_mult_0_DW02_mult_218)
                                          2.956    2.048 2.53e+06    5.006   0.1
    add_26 (pe_int8_219_DW01_add_0_DW01_add_436)
                                          0.198    0.624 8.61e+05    0.823   0.0
  ROW_2__COL_4__pe (pe_int8_220)          5.299    9.804 5.36e+06   15.108   0.4
    mult_17 (pe_int8_220_DW02_mult_0_DW02_mult_219)
                                          2.971    2.054 2.53e+06    5.028   0.1
    add_26 (pe_int8_220_DW01_add_0_DW01_add_438)
                                          0.186    0.602 8.59e+05    0.789   0.0
  ROW_2__COL_3__pe (pe_int8_221)          5.294    9.850 5.36e+06   15.149   0.4
    mult_17 (pe_int8_221_DW02_mult_0_DW02_mult_220)
                                          2.957    2.042 2.53e+06    5.001   0.1
    add_26 (pe_int8_221_DW01_add_0_DW01_add_440)
                                          0.199    0.650 8.60e+05    0.850   0.0
  ROW_2__COL_2__pe (pe_int8_222)          5.296    9.856 5.36e+06   15.157   0.4
    mult_17 (pe_int8_222_DW02_mult_0_DW02_mult_221)
                                          2.957    2.038 2.53e+06    4.997   0.1
    add_26 (pe_int8_222_DW01_add_0_DW01_add_442)
                                          0.193    0.635 8.60e+05    0.829   0.0
  ROW_2__COL_1__pe (pe_int8_223)          5.306    9.862 5.36e+06   15.174   0.4
    mult_17 (pe_int8_223_DW02_mult_0_DW02_mult_222)
                                          2.959    2.043 2.53e+06    5.005   0.1
    add_26 (pe_int8_223_DW01_add_0_DW01_add_444)
                                          0.197    0.635 8.61e+05    0.833   0.0
  ROW_2__COL_0__pe (pe_int8_224)          8.368   11.400 5.49e+06   19.773   0.5
    mult_17 (pe_int8_224_DW02_mult_0_DW02_mult_223)
                                          6.353    4.334 2.68e+06   10.689   0.3
    add_26 (pe_int8_224_DW01_add_0_DW01_add_446)
                                       6.60e-02    0.252 8.50e+05    0.319   0.0
  ROW_1__COL_15__pe (pe_int8_225)         5.012    9.662 5.35e+06   14.680   0.4
    mult_17 (pe_int8_225_DW02_mult_0_DW02_mult_224)
                                          2.959    2.038 2.53e+06    4.999   0.1
    add_26 (pe_int8_225_DW01_add_0_DW01_add_448)
                                          0.157    0.588 8.57e+05    0.746   0.0
  ROW_1__COL_14__pe (pe_int8_226)         5.193    9.700 5.35e+06   14.898   0.4
    mult_17 (pe_int8_226_DW02_mult_0_DW02_mult_225)
                                          2.908    2.009 2.53e+06    4.919   0.1
    add_26 (pe_int8_226_DW01_add_0_DW01_add_450)
                                          0.151    0.554 8.57e+05    0.706   0.0
  ROW_1__COL_13__pe (pe_int8_227)         5.219    9.749 5.36e+06   14.973   0.4
    mult_17 (pe_int8_227_DW02_mult_0_DW02_mult_226)
                                          2.931    2.023 2.53e+06    4.956   0.1
    add_26 (pe_int8_227_DW01_add_0_DW01_add_452)
                                          0.156    0.581 8.58e+05    0.738   0.0
  ROW_1__COL_12__pe (pe_int8_228)         5.210    9.712 5.36e+06   14.928   0.4
    mult_17 (pe_int8_228_DW02_mult_0_DW02_mult_227)
                                          2.923    2.015 2.53e+06    4.940   0.1
    add_26 (pe_int8_228_DW01_add_0_DW01_add_454)
                                          0.150    0.559 8.57e+05    0.710   0.0
  ROW_1__COL_11__pe (pe_int8_229)         5.200    9.708 5.35e+06   14.914   0.4
    mult_17 (pe_int8_229_DW02_mult_0_DW02_mult_228)
                                          2.914    2.013 2.53e+06    4.930   0.1
    add_26 (pe_int8_229_DW01_add_0_DW01_add_456)
                                          0.154    0.565 8.57e+05    0.720   0.0
  ROW_1__COL_10__pe (pe_int8_230)         5.205    9.736 5.35e+06   14.946   0.4
    mult_17 (pe_int8_230_DW02_mult_0_DW02_mult_229)
                                          2.919    2.011 2.53e+06    4.932   0.1
    add_26 (pe_int8_230_DW01_add_0_DW01_add_458)
                                          0.154    0.583 8.57e+05    0.738   0.0
  ROW_1__COL_9__pe (pe_int8_231)          5.219    9.741 5.36e+06   14.966   0.4
    mult_17 (pe_int8_231_DW02_mult_0_DW02_mult_230)
                                          2.929    2.019 2.53e+06    4.951   0.1
    add_26 (pe_int8_231_DW01_add_0_DW01_add_460)
                                          0.154    0.573 8.58e+05    0.728   0.0
  ROW_1__COL_8__pe (pe_int8_232)          5.194    9.696 5.36e+06   14.896   0.4
    mult_17 (pe_int8_232_DW02_mult_0_DW02_mult_231)
                                          2.910    2.008 2.53e+06    4.921   0.1
    add_26 (pe_int8_232_DW01_add_0_DW01_add_462)
                                          0.150    0.557 8.57e+05    0.708   0.0
  ROW_1__COL_7__pe (pe_int8_233)          5.182    9.728 5.36e+06   14.915   0.4
    mult_17 (pe_int8_233_DW02_mult_0_DW02_mult_232)
                                          2.892    1.996 2.53e+06    4.891   0.1
    add_26 (pe_int8_233_DW01_add_0_DW01_add_464)
                                          0.157    0.584 8.58e+05    0.742   0.0
  ROW_1__COL_6__pe (pe_int8_234)          5.183    9.700 5.35e+06   14.888   0.4
    mult_17 (pe_int8_234_DW02_mult_0_DW02_mult_233)
                                          2.900    1.999 2.53e+06    4.902   0.1
    add_26 (pe_int8_234_DW01_add_0_DW01_add_466)
                                          0.153    0.569 8.57e+05    0.723   0.0
  ROW_1__COL_5__pe (pe_int8_235)          5.184    9.712 5.36e+06   14.901   0.4
    mult_17 (pe_int8_235_DW02_mult_0_DW02_mult_234)
                                          2.897    2.001 2.53e+06    4.901   0.1
    add_26 (pe_int8_235_DW01_add_0_DW01_add_468)
                                          0.152    0.572 8.58e+05    0.725   0.0
  ROW_1__COL_4__pe (pe_int8_236)          5.254    9.778 5.36e+06   15.038   0.4
    mult_17 (pe_int8_236_DW02_mult_0_DW02_mult_235)
                                          2.964    2.041 2.53e+06    5.007   0.1
    add_26 (pe_int8_236_DW01_add_0_DW01_add_470)
                                          0.156    0.589 8.57e+05    0.746   0.0
  ROW_1__COL_3__pe (pe_int8_237)          5.167    9.690 5.35e+06   14.862   0.4
    mult_17 (pe_int8_237_DW02_mult_0_DW02_mult_236)
                                          2.883    1.986 2.53e+06    4.871   0.1
    add_26 (pe_int8_237_DW01_add_0_DW01_add_472)
                                          0.153    0.570 8.57e+05    0.723   0.0
  ROW_1__COL_2__pe (pe_int8_238)          5.247    9.812 5.36e+06   15.064   0.4
    mult_17 (pe_int8_238_DW02_mult_0_DW02_mult_237)
                                          2.909    2.007 2.53e+06    4.919   0.1
    add_26 (pe_int8_238_DW01_add_0_DW01_add_474)
                                          0.199    0.640 8.61e+05    0.840   0.0
  ROW_1__COL_1__pe (pe_int8_239)          5.432   10.091 5.37e+06   15.528   0.4
    mult_17 (pe_int8_239_DW02_mult_0_DW02_mult_238)
                                          2.899    1.998 2.53e+06    4.900   0.1
    add_26 (pe_int8_239_DW01_add_0_DW01_add_476)
                                          0.401    0.966 8.72e+05    1.368   0.0
  ROW_1__COL_0__pe (pe_int8_240)         12.199   15.969 5.57e+06   28.174   0.7
    mult_17 (pe_int8_240_DW02_mult_0_DW02_mult_239)
                                          9.888    7.195 2.72e+06   17.086   0.4
    add_26 (pe_int8_240_DW01_add_0_DW01_add_478)
                                          0.303    1.163 8.56e+05    1.467   0.0
  ROW_0__COL_15__pe (pe_int8_241)         9.341   12.109 5.51e+06   21.456   0.5
    mult_17 (pe_int8_241_DW02_mult_0_DW02_mult_240)
                                          7.380    5.065 2.70e+06   12.447   0.3
    add_26 (pe_int8_241_DW01_add_0_DW01_add_480)
                                       6.50e-02    0.249 8.50e+05    0.315   0.0
  ROW_0__COL_14__pe (pe_int8_242)         9.437   12.184 5.51e+06   21.626   0.5
    mult_17 (pe_int8_242_DW02_mult_0_DW02_mult_241)
                                          7.417    5.103 2.70e+06   12.522   0.3
    add_26 (pe_int8_242_DW01_add_0_DW01_add_482)
                                       6.63e-02    0.254 8.50e+05    0.321   0.0
  ROW_0__COL_13__pe (pe_int8_243)         9.377   12.121 5.51e+06   21.503   0.5
    mult_17 (pe_int8_243_DW02_mult_0_DW02_mult_242)
                                          7.356    5.041 2.70e+06   12.400   0.3
    add_26 (pe_int8_243_DW01_add_0_DW01_add_484)
                                       6.58e-02    0.252 8.50e+05    0.319   0.0
  ROW_0__COL_12__pe (pe_int8_244)         9.441   12.172 5.51e+06   21.618   0.5
    mult_17 (pe_int8_244_DW02_mult_0_DW02_mult_243)
                                          7.424    5.116 2.70e+06   12.542   0.3
    add_26 (pe_int8_244_DW01_add_0_DW01_add_486)
                                       6.30e-02    0.238 8.50e+05    0.302   0.0
  ROW_0__COL_11__pe (pe_int8_245)         9.428   12.155 5.51e+06   21.588   0.5
    mult_17 (pe_int8_245_DW02_mult_0_DW02_mult_244)
                                          7.414    5.101 2.70e+06   12.518   0.3
    add_26 (pe_int8_245_DW01_add_0_DW01_add_488)
                                       6.34e-02    0.241 8.50e+05    0.305   0.0
  ROW_0__COL_10__pe (pe_int8_246)         9.443   12.191 5.51e+06   21.640   0.5
    mult_17 (pe_int8_246_DW02_mult_0_DW02_mult_245)
                                          7.423    5.110 2.70e+06   12.536   0.3
    add_26 (pe_int8_246_DW01_add_0_DW01_add_490)
                                       6.67e-02    0.255 8.50e+05    0.322   0.0
  ROW_0__COL_9__pe (pe_int8_247)          9.552   12.284 5.51e+06   21.842   0.5
    mult_17 (pe_int8_247_DW02_mult_0_DW02_mult_246)
                                          7.536    5.219 2.70e+06   12.758   0.3
    add_26 (pe_int8_247_DW01_add_0_DW01_add_492)
                                       6.51e-02    0.248 8.50e+05    0.314   0.0
  ROW_0__COL_8__pe (pe_int8_248)          9.501   12.250 5.51e+06   21.756   0.5
    mult_17 (pe_int8_248_DW02_mult_0_DW02_mult_247)
                                          7.479    5.160 2.70e+06   12.642   0.3
    add_26 (pe_int8_248_DW01_add_0_DW01_add_494)
                                       6.61e-02    0.254 8.50e+05    0.321   0.0
  ROW_0__COL_7__pe (pe_int8_249)          9.473   12.201 5.51e+06   21.679   0.5
    mult_17 (pe_int8_249_DW02_mult_0_DW02_mult_248)
                                          7.460    5.148 2.70e+06   12.611   0.3
    add_26 (pe_int8_249_DW01_add_0_DW01_add_496)
                                       6.25e-02    0.237 8.50e+05    0.300   0.0
  ROW_0__COL_6__pe (pe_int8_250)          9.587   12.316 5.51e+06   21.909   0.5
    mult_17 (pe_int8_250_DW02_mult_0_DW02_mult_249)
                                          7.570    5.245 2.70e+06   12.818   0.3
    add_26 (pe_int8_250_DW01_add_0_DW01_add_498)
                                       6.45e-02    0.246 8.50e+05    0.311   0.0
  ROW_0__COL_5__pe (pe_int8_251)          9.549   12.287 5.51e+06   21.841   0.5
    mult_17 (pe_int8_251_DW02_mult_0_DW02_mult_250)
                                          7.534    5.216 2.70e+06   12.752   0.3
    add_26 (pe_int8_251_DW01_add_0_DW01_add_500)
                                       6.64e-02    0.253 8.50e+05    0.320   0.0
  ROW_0__COL_4__pe (pe_int8_252)          9.437   12.167 5.51e+06   21.609   0.5
    mult_17 (pe_int8_252_DW02_mult_0_DW02_mult_251)
                                          7.418    5.107 2.70e+06   12.527   0.3
    add_26 (pe_int8_252_DW01_add_0_DW01_add_502)
                                       6.25e-02    0.237 8.50e+05    0.300   0.0
  ROW_0__COL_3__pe (pe_int8_253)          9.377   12.126 5.51e+06   21.508   0.5
    mult_17 (pe_int8_253_DW02_mult_0_DW02_mult_252)
                                          7.361    5.047 2.70e+06   12.412   0.3
    add_26 (pe_int8_253_DW01_add_0_DW01_add_504)
                                       6.79e-02    0.263 8.50e+05    0.331   0.0
  ROW_0__COL_2__pe (pe_int8_254)          9.570   12.299 5.51e+06   21.875   0.5
    mult_17 (pe_int8_254_DW02_mult_0_DW02_mult_253)
                                          7.553    5.231 2.70e+06   12.787   0.3
    add_26 (pe_int8_254_DW01_add_0_DW01_add_506)
                                       6.53e-02    0.249 8.50e+05    0.315   0.0
  ROW_0__COL_1__pe (pe_int8_255)         13.051   16.615 5.58e+06   29.672   0.7
    mult_17 (pe_int8_255_DW02_mult_0_DW02_mult_254)
                                         10.747    7.898 2.74e+06   18.648   0.5
    add_26 (pe_int8_255_DW01_add_0_DW01_add_508)
                                          0.297    1.136 8.56e+05    1.434   0.0
  ROW_0__COL_0__pe (pe_int8_0)           35.790   45.001 5.99e+06   80.797   2.0
    mult_17 (pe_int8_0_DW02_mult_0_DW02_mult_255)
                                         31.644   26.519 2.95e+06   58.166   1.4
    add_26 (pe_int8_0_DW01_add_0_DW01_add_510)
                                          1.718    6.353 8.92e+05    8.072   0.2
1
