 
****************************************
Report : timing
        -path full
        -delay max
        -max_paths 1
        -sort_by slack
Design : systolic_fp16
Version: S-2021.06
Date   : Sun Jul 13 19:50:32 2025
****************************************

 # A fanout number of 1000 was used for high fanout net computations.

Operating Conditions: typical   Library: NanGate_15nm_OCL
Wire Load Model Mode: top

  Startpoint: ROW_14__COL_14__pe/c_out_reg_7_
              (rising edge-triggered flip-flop)
  Endpoint: C_bus[3815]
            (output port)
  Path Group: (none)
  Path Type: max

  Point                                                   Incr       Path
  --------------------------------------------------------------------------
  ROW_14__COL_14__pe/c_out_reg_7_/CLK (DFFRNQ_X1)        0.000 #    0.000 r
  ROW_14__COL_14__pe/c_out_reg_7_/Q (DFFRNQ_X1)         13.980     13.980 r
  ROW_14__COL_14__pe/c_out[7] (pe_fp16_18)               0.000     13.980 r
  C_bus[3815] (out)                                      0.000     13.980 r
  data arrival time                                                13.980
  --------------------------------------------------------------------------
  (Path is unconstrained)


1
